{"meta": {"format": 3, "version": "7.11.0", "timestamp": "2025-11-11T02:40:27.030274", "branch_coverage": true, "show_contexts": false}, "files": {"src/scitex/stats/__init__.py": {"executed_lines": [2, 15, 16, 17, 18, 19, 20, 23, 25, 37], "summary": {"covered_lines": 9, "num_statements": 9, "percent_covered": 100.0, "percent_covered_display": "100.00", "missing_lines": 0, "excluded_lines": 0, "num_branches": 0, "num_partial_branches": 0, "covered_branches": 0, "missing_branches": 0}, "missing_lines": [], "excluded_lines": [], "executed_branches": [], "missing_branches": [], "functions": {"": {"executed_lines": [2, 15, 16, 17, 18, 19, 20, 23, 25, 37], "summary": {"covered_lines": 9, "num_statements": 9, "percent_covered": 100.0, "percent_covered_display": "100.00", "missing_lines": 0, "excluded_lines": 0, "num_branches": 0, "num_partial_branches": 0, "covered_branches": 0, "missing_branches": 0}, "missing_lines": [], "excluded_lines": [], "executed_branches": [], "missing_branches": []}}, "classes": {"": {"executed_lines": [2, 15, 16, 17, 18, 19, 20, 23, 25, 37], "summary": {"covered_lines": 9, "num_statements": 9, "percent_covered": 100.0, "percent_covered_display": "100.00", "missing_lines": 0, "excluded_lines": 0, "num_branches": 0, "num_partial_branches": 0, "covered_branches": 0, "missing_branches": 0}, "missing_lines": [], "excluded_lines": [], "executed_branches": [], "missing_branches": []}}}, "src/scitex/stats/correct/__init__.py": {"executed_lines": [4, 11, 12, 13, 14, 16], "summary": {"covered_lines": 5, "num_statements": 5, "percent_covered": 100.0, "percent_covered_display": "100.00", "missing_lines": 0, "excluded_lines": 0, "num_branches": 0, "num_partial_branches": 0, "covered_branches": 0, "missing_branches": 0}, "missing_lines": [], "excluded_lines": [], "executed_branches": [], "missing_branches": [], "functions": {"": {"executed_lines": [4, 11, 12, 13, 14, 16], "summary": {"covered_lines": 5, "num_statements": 5, "percent_covered": 100.0, "percent_covered_display": "100.00", "missing_lines": 0, "excluded_lines": 0, "num_branches": 0, "num_partial_branches": 0, "covered_branches": 0, "missing_branches": 0}, "missing_lines": [], "excluded_lines": [], "executed_branches": [], "missing_branches": []}}, "classes": {"": {"executed_lines": [4, 11, 12, 13, 14, 16], "summary": {"covered_lines": 5, "num_statements": 5, "percent_covered": 100.0, "percent_covered_display": "100.00", "missing_lines": 0, "excluded_lines": 0, "num_branches": 0, "num_partial_branches": 0, "covered_branches": 0, "missing_branches": 0}, "missing_lines": [], "excluded_lines": [], "executed_branches": [], "missing_branches": []}}}, "src/scitex/stats/correct/_correct_bonferroni.py": {"executed_lines": [6, 7, 8, 9, 12, 27, 28, 29, 31, 32, 33, 34, 35, 36, 38, 40, 43, 147, 148, 150, 154, 155, 158, 159, 160, 161, 163, 165, 166, 168, 171, 172, 176, 179, 180, 182, 184, 187, 190, 193, 219, 223, 230, 232, 239, 240, 241, 242, 244, 247, 293, 296, 509, 520, 548], "summary": {"covered_lines": 54, "num_statements": 190, "percent_covered": 28.174603174603174, "percent_covered_display": "28.17", "missing_lines": 136, "excluded_lines": 21, "num_branches": 62, "num_partial_branches": 5, "covered_branches": 17, "missing_branches": 45}, "missing_lines": [194, 201, 203, 204, 205, 206, 207, 208, 209, 210, 220, 224, 225, 226, 227, 231, 233, 234, 236, 249, 250, 253, 254, 257, 258, 262, 263, 267, 268, 269, 271, 272, 273, 276, 277, 278, 279, 280, 281, 282, 283, 284, 286, 287, 288, 290, 303, 310, 315, 321, 328, 329, 331, 333, 334, 338, 341, 342, 350, 359, 363, 365, 384, 387, 389, 390, 392, 393, 394, 396, 397, 400, 401, 402, 403, 404, 407, 409, 410, 411, 413, 414, 417, 418, 419, 420, 421, 422, 425, 428, 429, 430, 431, 433, 434, 436, 439, 444, 445, 446, 448, 450, 451, 453, 455, 456, 457, 458, 459, 460, 463, 464, 467, 475, 482, 483, 486, 487, 488, 491, 492, 493, 494, 496, 500, 503, 506, 511, 514, 517, 524, 526, 528, 530, 539, 541], "excluded_lines": [151, 173, 195, 198, 202, 212, 298, 301, 313, 326, 344, 345, 348, 360, 361, 366, 367, 382, 504, 548, 549], "executed_branches": [[158, 159], [158, 160], [160, 161], [160, 163], [165, 166], [165, 168], [179, 180], [179, 182], [193, 219], [219, 223], [223, 230], [230, 232], [232, 239], [239, 240], [239, 241], [241, 242], [241, 244]], "missing_branches": [[193, 194], [203, 204], [203, 219], [205, 206], [205, 207], [207, 208], [207, 209], [219, 220], [223, 224], [224, 225], [224, 227], [230, 231], [232, 233], [233, 234], [233, 236], [257, 258], [257, 262], [276, 277], [276, 290], [278, 279], [278, 287], [279, 280], [279, 281], [281, 282], [281, 283], [283, 284], [283, 286], [331, 333], [331, 338], [392, 393], [392, 396], [444, 445], [444, 455], [445, 446], [445, 448], [450, 451], [450, 453], [486, 487], [486, 491], [491, 492], [491, 496], [492, 491], [492, 493], [493, 492], [493, 494]], "functions": {"correct_bonferroni": {"executed_lines": [147, 148, 150, 154, 155, 158, 159, 160, 161, 163, 165, 166, 168, 171, 172, 176, 179, 180, 182, 184, 187, 190, 193, 219, 223, 230, 232, 239, 240, 241, 242, 244], "summary": {"covered_lines": 32, "num_statements": 51, "percent_covered": 59.036144578313255, "percent_covered_display": "59.04", "missing_lines": 19, "excluded_lines": 6, "num_branches": 32, "num_partial_branches": 5, "covered_branches": 17, "missing_branches": 15}, "missing_lines": [194, 201, 203, 204, 205, 206, 207, 208, 209, 210, 220, 224, 225, 226, 227, 231, 233, 234, 236], "excluded_lines": [151, 173, 195, 198, 202, 212], "executed_branches": [[158, 159], [158, 160], [160, 161], [160, 163], [165, 166], [165, 168], [179, 180], [179, 182], [193, 219], [219, 223], [223, 230], [230, 232], [232, 239], [239, 240], [239, 241], [241, 242], [241, 244]], "missing_branches": [[193, 194], [203, 204], [203, 219], [205, 206], [205, 207], [207, 208], [207, 209], [219, 220], [223, 224], [224, 225], [224, 227], [230, 231], [232, 233], [233, 234], [233, 236]]}, "_plot_bonferroni": {"executed_lines": [], "summary": {"covered_lines": 0, "num_statements": 27, "percent_covered": 0.0, "percent_covered_display": "0.00", "missing_lines": 27, "excluded_lines": 0, "num_branches": 12, "num_partial_branches": 0, "covered_branches": 0, "missing_branches": 12}, "missing_lines": [249, 250, 253, 254, 257, 258, 262, 263, 267, 268, 269, 271, 272, 273, 276, 277, 278, 279, 280, 281, 282, 283, 284, 286, 287, 288, 290], "excluded_lines": [], "executed_branches": [], "missing_branches": [[257, 258], [257, 262], [276, 277], [276, 290], [278, 279], [278, 287], [279, 280], [279, 281], [281, 282], [281, 283], [283, 284], [283, 286]]}, "main": {"executed_lines": [], "summary": {"covered_lines": 0, "num_statements": 81, "percent_covered": 0.0, "percent_covered_display": "0.00", "missing_lines": 81, "excluded_lines": 13, "num_branches": 18, "num_partial_branches": 0, "covered_branches": 0, "missing_branches": 18}, "missing_lines": [303, 310, 315, 321, 328, 329, 331, 333, 334, 338, 341, 342, 350, 359, 363, 365, 384, 387, 389, 390, 392, 393, 394, 396, 397, 400, 401, 402, 403, 404, 407, 409, 410, 411, 413, 414, 417, 418, 419, 420, 421, 422, 425, 428, 429, 430, 431, 433, 434, 436, 439, 444, 445, 446, 448, 450, 451, 453, 455, 456, 457, 458, 459, 460, 463, 464, 467, 475, 482, 483, 486, 487, 488, 491, 492, 493, 494, 496, 500, 503, 506], "excluded_lines": [298, 301, 313, 326, 344, 345, 348, 360, 361, 366, 367, 382, 504], "executed_branches": [], "missing_branches": [[331, 333], [331, 338], [392, 393], [392, 396], [444, 445], [444, 455], [445, 446], [445, 448], [450, 451], [450, 453], [486, 487], [486, 491], [491, 492], [491, 496], [492, 491], [492, 493], [493, 492], [493, 494]]}, "parse_args": {"executed_lines": [], "summary": {"covered_lines": 0, "num_statements": 3, "percent_covered": 0.0, "percent_covered_display": "0.00", "missing_lines": 3, "excluded_lines": 0, "num_branches": 0, "num_partial_branches": 0, "covered_branches": 0, "missing_branches": 0}, "missing_lines": [511, 514, 517], "excluded_lines": [], "executed_branches": [], "missing_branches": []}, "run_main": {"executed_lines": [], "summary": {"covered_lines": 0, "num_statements": 6, "percent_covered": 0.0, "percent_covered_display": "0.00", "missing_lines": 6, "excluded_lines": 0, "num_branches": 0, "num_partial_branches": 0, "covered_branches": 0, "missing_branches": 0}, "missing_lines": [524, 526, 528, 530, 539, 541], "excluded_lines": [], "executed_branches": [], "missing_branches": []}, "": {"executed_lines": [6, 7, 8, 9, 12, 27, 28, 29, 31, 32, 33, 34, 35, 36, 38, 40, 43, 247, 293, 296, 509, 520, 548], "summary": {"covered_lines": 22, "num_statements": 22, "percent_covered": 100.0, "percent_covered_display": "100.00", "missing_lines": 0, "excluded_lines": 2, "num_branches": 0, "num_partial_branches": 0, "covered_branches": 0, "missing_branches": 0}, "missing_lines": [], "excluded_lines": [548, 549], "executed_branches": [], "missing_branches": []}}, "classes": {"": {"executed_lines": [6, 7, 8, 9, 12, 27, 28, 29, 31, 32, 33, 34, 35, 36, 38, 40, 43, 147, 148, 150, 154, 155, 158, 159, 160, 161, 163, 165, 166, 168, 171, 172, 176, 179, 180, 182, 184, 187, 190, 193, 219, 223, 230, 232, 239, 240, 241, 242, 244, 247, 293, 296, 509, 520, 548], "summary": {"covered_lines": 54, "num_statements": 190, "percent_covered": 28.174603174603174, "percent_covered_display": "28.17", "missing_lines": 136, "excluded_lines": 21, "num_branches": 62, "num_partial_branches": 5, "covered_branches": 17, "missing_branches": 45}, "missing_lines": [194, 201, 203, 204, 205, 206, 207, 208, 209, 210, 220, 224, 225, 226, 227, 231, 233, 234, 236, 249, 250, 253, 254, 257, 258, 262, 263, 267, 268, 269, 271, 272, 273, 276, 277, 278, 279, 280, 281, 282, 283, 284, 286, 287, 288, 290, 303, 310, 315, 321, 328, 329, 331, 333, 334, 338, 341, 342, 350, 359, 363, 365, 384, 387, 389, 390, 392, 393, 394, 396, 397, 400, 401, 402, 403, 404, 407, 409, 410, 411, 413, 414, 417, 418, 419, 420, 421, 422, 425, 428, 429, 430, 431, 433, 434, 436, 439, 444, 445, 446, 448, 450, 451, 453, 455, 456, 457, 458, 459, 460, 463, 464, 467, 475, 482, 483, 486, 487, 488, 491, 492, 493, 494, 496, 500, 503, 506, 511, 514, 517, 524, 526, 528, 530, 539, 541], "excluded_lines": [151, 173, 195, 198, 202, 212, 298, 301, 313, 326, 344, 345, 348, 360, 361, 366, 367, 382, 504, 548, 549], "executed_branches": [[158, 159], [158, 160], [160, 161], [160, 163], [165, 166], [165, 168], [179, 180], [179, 182], [193, 219], [219, 223], [223, 230], [230, 232], [232, 239], [239, 240], [239, 241], [241, 242], [241, 244]], "missing_branches": [[193, 194], [203, 204], [203, 219], [205, 206], [205, 207], [207, 208], [207, 209], [219, 220], [223, 224], [224, 225], [224, 227], [230, 231], [232, 233], [233, 234], [233, 236], [257, 258], [257, 262], [276, 277], [276, 290], [278, 279], [278, 287], [279, 280], [279, 281], [281, 282], [281, 283], [283, 284], [283, 286], [331, 333], [331, 338], [392, 393], [392, 396], [444, 445], [444, 455], [445, 446], [445, 448], [450, 451], [450, 453], [486, 487], [486, 491], [491, 492], [491, 496], [492, 491], [492, 493], [493, 492], [493, 494]]}}}, "src/scitex/stats/correct/_correct_fdr.py": {"executed_lines": [6, 8, 10, 25, 26, 27, 28, 29, 30, 31, 33, 34, 35, 36, 37, 39, 41, 44, 164, 165, 167, 174, 175, 178, 179, 180, 181, 183, 185, 186, 188, 191, 194, 195, 199, 200, 203, 205, 206, 207, 209, 212, 213, 214, 217, 222, 225, 226, 228, 231, 232, 233, 235, 236, 238, 242, 243, 245, 246, 249, 250, 251, 252, 254, 257, 260, 265, 290, 294, 302, 304, 311, 312, 313, 314, 316, 319, 396, 399, 631], "summary": {"covered_lines": 79, "num_statements": 218, "percent_covered": 37.857142857142854, "percent_covered_display": "37.86", "missing_lines": 139, "excluded_lines": 28, "num_branches": 62, "num_partial_branches": 7, "covered_branches": 27, "missing_branches": 35}, "missing_lines": [168, 220, 266, 272, 274, 275, 276, 277, 278, 279, 280, 281, 291, 295, 296, 298, 299, 303, 305, 306, 308, 321, 322, 325, 333, 344, 345, 354, 364, 367, 368, 369, 370, 374, 375, 376, 379, 380, 381, 382, 383, 384, 385, 386, 387, 389, 390, 391, 393, 401, 410, 417, 422, 430, 437, 444, 446, 450, 451, 460, 463, 466, 467, 468, 478, 479, 480, 489, 490, 493, 494, 499, 504, 509, 514, 516, 517, 523, 530, 536, 539, 541, 542, 544, 545, 546, 547, 548, 549, 550, 553, 555, 556, 558, 559, 560, 561, 562, 563, 564, 567, 569, 570, 571, 572, 574, 575, 578, 579, 580, 581, 582, 583, 586, 589, 590, 591, 592, 593, 595, 596, 597, 601, 602, 604, 605, 606, 607, 609, 612, 615, 616, 617, 618, 619, 620, 622, 625, 628], "excluded_lines": [171, 196, 267, 273, 283, 405, 408, 420, 435, 442, 453, 454, 455, 458, 519, 520, 521, 522, 524, 526, 527, 528, 529, 531, 534, 626, 631, 632], "executed_branches": [[167, 174], [178, 179], [178, 180], [180, 181], [180, 183], [185, 186], [185, 188], [203, 205], [203, 209], [209, 212], [225, 226], [225, 228], [232, 233], [232, 235], [242, 243], [242, 245], [250, 251], [250, 254], [265, 290], [290, 294], [294, 302], [302, 304], [304, 311], [311, 312], [311, 313], [313, 314], [313, 316]], "missing_branches": [[167, 168], [209, 220], [265, 266], [274, 275], [274, 290], [276, 277], [276, 278], [278, 279], [278, 280], [290, 291], [294, 295], [295, 296], [295, 299], [302, 303], [304, 305], [305, 306], [305, 308], [344, 345], [344, 354], [379, 380], [379, 393], [381, 382], [381, 390], [382, 383], [382, 384], [384, 385], [384, 386], [386, 387], [386, 389], [466, 467], [466, 478], [478, 479], [478, 489], [595, 596], [595, 609]], "functions": {"correct_fdr": {"executed_lines": [164, 165, 167, 174, 175, 178, 179, 180, 181, 183, 185, 186, 188, 191, 194, 195, 199, 200, 203, 205, 206, 207, 209, 212, 213, 214, 217, 222, 225, 226, 228, 231, 232, 233, 235, 236, 238, 242, 243, 245, 246, 249, 250, 251, 252, 254, 257, 260, 265, 290, 294, 302, 304, 311, 312, 313, 314, 316], "summary": {"covered_lines": 58, "num_statements": 79, "percent_covered": 69.10569105691057, "percent_covered_display": "69.11", "missing_lines": 21, "excluded_lines": 5, "num_branches": 44, "num_partial_branches": 7, "covered_branches": 27, "missing_branches": 17}, "missing_lines": [168, 220, 266, 272, 274, 275, 276, 277, 278, 279, 280, 281, 291, 295, 296, 298, 299, 303, 305, 306, 308], "excluded_lines": [171, 196, 267, 273, 283], "executed_branches": [[167, 174], [178, 179], [178, 180], [180, 181], [180, 183], [185, 186], [185, 188], [203, 205], [203, 209], [209, 212], [225, 226], [225, 228], [232, 233], [232, 235], [242, 243], [242, 245], [250, 251], [250, 254], [265, 290], [290, 294], [294, 302], [302, 304], [304, 311], [311, 312], [311, 313], [313, 314], [313, 316]], "missing_branches": [[167, 168], [209, 220], [265, 266], [274, 275], [274, 290], [276, 277], [276, 278], [278, 279], [278, 280], [290, 291], [294, 295], [295, 296], [295, 299], [302, 303], [304, 305], [305, 306], [305, 308]]}, "_plot_fdr": {"executed_lines": [], "summary": {"covered_lines": 0, "num_statements": 28, "percent_covered": 0.0, "percent_covered_display": "0.00", "missing_lines": 28, "excluded_lines": 0, "num_branches": 12, "num_partial_branches": 0, "covered_branches": 0, "missing_branches": 12}, "missing_lines": [321, 322, 325, 333, 344, 345, 354, 364, 367, 368, 369, 370, 374, 375, 376, 379, 380, 381, 382, 383, 384, 385, 386, 387, 389, 390, 391, 393], "excluded_lines": [], "executed_branches": [], "missing_branches": [[344, 345], [344, 354], [379, 380], [379, 393], [381, 382], [381, 390], [382, 383], [382, 384], [384, 385], [384, 386], [386, 387], [386, 389]]}, "demo": {"executed_lines": [], "summary": {"covered_lines": 0, "num_statements": 85, "percent_covered": 0.0, "percent_covered_display": "0.00", "missing_lines": 85, "excluded_lines": 21, "num_branches": 6, "num_partial_branches": 0, "covered_branches": 0, "missing_branches": 6}, "missing_lines": [401, 410, 417, 422, 430, 437, 444, 446, 450, 451, 460, 463, 466, 467, 468, 478, 479, 480, 489, 490, 493, 516, 517, 523, 530, 536, 539, 541, 542, 544, 545, 546, 547, 548, 549, 550, 553, 555, 556, 558, 559, 560, 561, 562, 563, 564, 567, 569, 570, 571, 572, 574, 575, 578, 579, 580, 581, 582, 583, 586, 589, 590, 591, 592, 593, 595, 596, 597, 601, 602, 604, 605, 606, 607, 609, 612, 615, 616, 617, 618, 619, 620, 622, 625, 628], "excluded_lines": [405, 408, 420, 435, 442, 453, 454, 455, 458, 519, 520, 521, 522, 524, 526, 527, 528, 529, 531, 534, 626], "executed_branches": [], "missing_branches": [[466, 467], [466, 478], [478, 479], [478, 489], [595, 596], [595, 609]]}, "demo.calc_metrics": {"executed_lines": [], "summary": {"covered_lines": 0, "num_statements": 5, "percent_covered": 0.0, "percent_covered_display": "0.00", "missing_lines": 5, "excluded_lines": 0, "num_branches": 0, "num_partial_branches": 0, "covered_branches": 0, "missing_branches": 0}, "missing_lines": [494, 499, 504, 509, 514], "excluded_lines": [], "executed_branches": [], "missing_branches": []}, "": {"executed_lines": [6, 8, 10, 25, 26, 27, 28, 29, 30, 31, 33, 34, 35, 36, 37, 39, 41, 44, 319, 396, 399, 631], "summary": {"covered_lines": 21, "num_statements": 21, "percent_covered": 100.0, "percent_covered_display": "100.00", "missing_lines": 0, "excluded_lines": 2, "num_branches": 0, "num_partial_branches": 0, "covered_branches": 0, "missing_branches": 0}, "missing_lines": [], "excluded_lines": [631, 632], "executed_branches": [], "missing_branches": []}}, "classes": {"": {"executed_lines": [6, 8, 10, 25, 26, 27, 28, 29, 30, 31, 33, 34, 35, 36, 37, 39, 41, 44, 164, 165, 167, 174, 175, 178, 179, 180, 181, 183, 185, 186, 188, 191, 194, 195, 199, 200, 203, 205, 206, 207, 209, 212, 213, 214, 217, 222, 225, 226, 228, 231, 232, 233, 235, 236, 238, 242, 243, 245, 246, 249, 250, 251, 252, 254, 257, 260, 265, 290, 294, 302, 304, 311, 312, 313, 314, 316, 319, 396, 399, 631], "summary": {"covered_lines": 79, "num_statements": 218, "percent_covered": 37.857142857142854, "percent_covered_display": "37.86", "missing_lines": 139, "excluded_lines": 28, "num_branches": 62, "num_partial_branches": 7, "covered_branches": 27, "missing_branches": 35}, "missing_lines": [168, 220, 266, 272, 274, 275, 276, 277, 278, 279, 280, 281, 291, 295, 296, 298, 299, 303, 305, 306, 308, 321, 322, 325, 333, 344, 345, 354, 364, 367, 368, 369, 370, 374, 375, 376, 379, 380, 381, 382, 383, 384, 385, 386, 387, 389, 390, 391, 393, 401, 410, 417, 422, 430, 437, 444, 446, 450, 451, 460, 463, 466, 467, 468, 478, 479, 480, 489, 490, 493, 494, 499, 504, 509, 514, 516, 517, 523, 530, 536, 539, 541, 542, 544, 545, 546, 547, 548, 549, 550, 553, 555, 556, 558, 559, 560, 561, 562, 563, 564, 567, 569, 570, 571, 572, 574, 575, 578, 579, 580, 581, 582, 583, 586, 589, 590, 591, 592, 593, 595, 596, 597, 601, 602, 604, 605, 606, 607, 609, 612, 615, 616, 617, 618, 619, 620, 622, 625, 628], "excluded_lines": [171, 196, 267, 273, 283, 405, 408, 420, 435, 442, 453, 454, 455, 458, 519, 520, 521, 522, 524, 526, 527, 528, 529, 531, 534, 626, 631, 632], "executed_branches": [[167, 174], [178, 179], [178, 180], [180, 181], [180, 183], [185, 186], [185, 188], [203, 205], [203, 209], [209, 212], [225, 226], [225, 228], [232, 233], [232, 235], [242, 243], [242, 245], [250, 251], [250, 254], [265, 290], [290, 294], [294, 302], [302, 304], [304, 311], [311, 312], [311, 313], [313, 314], [313, 316]], "missing_branches": [[167, 168], [209, 220], [265, 266], [274, 275], [274, 290], [276, 277], [276, 278], [278, 279], [278, 280], [290, 291], [294, 295], [295, 296], [295, 299], [302, 303], [304, 305], [305, 306], [305, 308], [344, 345], [344, 354], [379, 380], [379, 393], [381, 382], [381, 390], [382, 383], [382, 384], [384, 385], [384, 386], [386, 387], [386, 389], [466, 467], [466, 478], [478, 479], [478, 489], [595, 596], [595, 609]]}}}, "src/scitex/stats/correct/_correct_fdr_.py": {"executed_lines": [], "summary": {"covered_lines": 0, "num_statements": 227, "percent_covered": 0.0, "percent_covered_display": "0.00", "missing_lines": 227, "excluded_lines": 28, "num_branches": 62, "num_partial_branches": 0, "covered_branches": 0, "missing_branches": 62}, "missing_lines": [6, 7, 8, 9, 12, 27, 28, 29, 31, 32, 33, 34, 35, 36, 38, 40, 43, 163, 164, 166, 167, 173, 174, 177, 178, 179, 180, 182, 184, 185, 187, 190, 193, 194, 198, 199, 202, 204, 205, 206, 208, 211, 212, 213, 216, 219, 221, 224, 225, 227, 230, 231, 232, 234, 235, 237, 241, 242, 244, 245, 248, 249, 250, 251, 253, 256, 259, 264, 265, 271, 273, 274, 275, 276, 277, 278, 279, 280, 289, 290, 293, 294, 295, 296, 297, 300, 301, 302, 303, 304, 306, 309, 310, 311, 312, 314, 317, 319, 320, 323, 324, 327, 328, 332, 335, 336, 337, 338, 339, 341, 342, 343, 346, 347, 348, 349, 350, 351, 352, 353, 354, 356, 357, 358, 360, 363, 366, 373, 380, 385, 393, 400, 407, 409, 413, 414, 423, 426, 429, 430, 431, 441, 442, 443, 452, 453, 456, 457, 462, 467, 472, 477, 479, 480, 486, 493, 499, 502, 504, 505, 507, 508, 509, 510, 511, 512, 513, 516, 518, 519, 521, 522, 523, 524, 525, 526, 527, 530, 532, 533, 534, 535, 537, 538, 541, 542, 543, 544, 545, 546, 549, 552, 553, 554, 555, 556, 558, 559, 560, 564, 565, 567, 568, 569, 570, 572, 575, 578, 579, 580, 581, 582, 583, 585, 588, 591, 594, 596, 597, 600, 603, 607, 609, 611, 613, 622, 624], "excluded_lines": [170, 195, 266, 272, 282, 368, 371, 383, 398, 405, 416, 417, 418, 421, 482, 483, 484, 485, 487, 489, 490, 491, 492, 494, 497, 589, 631, 632], "executed_branches": [], "missing_branches": [[166, 167], [166, 173], [177, 178], [177, 179], [179, 180], [179, 182], [184, 185], [184, 187], [202, 204], [202, 208], [208, 211], [208, 219], [224, 225], [224, 227], [231, 232], [231, 234], [241, 242], [241, 244], [249, 250], [249, 253], [264, 265], [264, 289], [273, 274], [273, 289], [275, 276], [275, 277], [277, 278], [277, 279], [289, 290], [289, 293], [293, 294], [293, 300], [294, 295], [294, 297], [300, 301], [300, 302], [302, 303], [302, 309], [303, 304], [303, 306], [309, 310], [309, 311], [311, 312], [311, 314], [327, 328], [327, 332], [346, 347], [346, 360], [348, 349], [348, 357], [349, 350], [349, 351], [351, 352], [351, 353], [353, 354], [353, 356], [429, 430], [429, 441], [441, 442], [441, 452], [558, 559], [558, 572]], "functions": {"correct_fdr": {"executed_lines": [], "summary": {"covered_lines": 0, "num_statements": 79, "percent_covered": 0.0, "percent_covered_display": "0.00", "missing_lines": 79, "excluded_lines": 5, "num_branches": 44, "num_partial_branches": 0, "covered_branches": 0, "missing_branches": 44}, "missing_lines": [163, 164, 166, 167, 173, 174, 177, 178, 179, 180, 182, 184, 185, 187, 190, 193, 194, 198, 199, 202, 204, 205, 206, 208, 211, 212, 213, 216, 219, 221, 224, 225, 227, 230, 231, 232, 234, 235, 237, 241, 242, 244, 245, 248, 249, 250, 251, 253, 256, 259, 264, 265, 271, 273, 274, 275, 276, 277, 278, 279, 280, 289, 290, 293, 294, 295, 296, 297, 300, 301, 302, 303, 304, 306, 309, 310, 311, 312, 314], "excluded_lines": [170, 195, 266, 272, 282], "executed_branches": [], "missing_branches": [[166, 167], [166, 173], [177, 178], [177, 179], [179, 180], [179, 182], [184, 185], [184, 187], [202, 204], [202, 208], [208, 211], [208, 219], [224, 225], [224, 227], [231, 232], [231, 234], [241, 242], [241, 244], [249, 250], [249, 253], [264, 265], [264, 289], [273, 274], [273, 289], [275, 276], [275, 277], [277, 278], [277, 279], [289, 290], [289, 293], [293, 294], [293, 300], [294, 295], [294, 297], [300, 301], [300, 302], [302, 303], [302, 309], [303, 304], [303, 306], [309, 310], [309, 311], [311, 312], [311, 314]]}, "_plot_fdr": {"executed_lines": [], "summary": {"covered_lines": 0, "num_statements": 28, "percent_covered": 0.0, "percent_covered_display": "0.00", "missing_lines": 28, "excluded_lines": 0, "num_branches": 12, "num_partial_branches": 0, "covered_branches": 0, "missing_branches": 12}, "missing_lines": [319, 320, 323, 324, 327, 328, 332, 335, 336, 337, 338, 339, 341, 342, 343, 346, 347, 348, 349, 350, 351, 352, 353, 354, 356, 357, 358, 360], "excluded_lines": [], "executed_branches": [], "missing_branches": [[327, 328], [327, 332], [346, 347], [346, 360], [348, 349], [348, 357], [349, 350], [349, 351], [351, 352], [351, 353], [353, 354], [353, 356]]}, "main": {"executed_lines": [], "summary": {"covered_lines": 0, "num_statements": 84, "percent_covered": 0.0, "percent_covered_display": "0.00", "missing_lines": 84, "excluded_lines": 21, "num_branches": 6, "num_partial_branches": 0, "covered_branches": 0, "missing_branches": 6}, "missing_lines": [373, 380, 385, 393, 400, 407, 409, 413, 414, 423, 426, 429, 430, 431, 441, 442, 443, 452, 453, 456, 479, 480, 486, 493, 499, 502, 504, 505, 507, 508, 509, 510, 511, 512, 513, 516, 518, 519, 521, 522, 523, 524, 525, 526, 527, 530, 532, 533, 534, 535, 537, 538, 541, 542, 543, 544, 545, 546, 549, 552, 553, 554, 555, 556, 558, 559, 560, 564, 565, 567, 568, 569, 570, 572, 575, 578, 579, 580, 581, 582, 583, 585, 588, 591], "excluded_lines": [368, 371, 383, 398, 405, 416, 417, 418, 421, 482, 483, 484, 485, 487, 489, 490, 491, 492, 494, 497, 589], "executed_branches": [], "missing_branches": [[429, 430], [429, 441], [441, 442], [441, 452], [558, 559], [558, 572]]}, "main.calc_metrics": {"executed_lines": [], "summary": {"covered_lines": 0, "num_statements": 5, "percent_covered": 0.0, "percent_covered_display": "0.00", "missing_lines": 5, "excluded_lines": 0, "num_branches": 0, "num_partial_branches": 0, "covered_branches": 0, "missing_branches": 0}, "missing_lines": [457, 462, 467, 472, 477], "excluded_lines": [], "executed_branches": [], "missing_branches": []}, "parse_args": {"executed_lines": [], "summary": {"covered_lines": 0, "num_statements": 3, "percent_covered": 0.0, "percent_covered_display": "0.00", "missing_lines": 3, "excluded_lines": 0, "num_branches": 0, "num_partial_branches": 0, "covered_branches": 0, "missing_branches": 0}, "missing_lines": [596, 597, 600], "excluded_lines": [], "executed_branches": [], "missing_branches": []}, "run_main": {"executed_lines": [], "summary": {"covered_lines": 0, "num_statements": 6, "percent_covered": 0.0, "percent_covered_display": "0.00", "missing_lines": 6, "excluded_lines": 0, "num_branches": 0, "num_partial_branches": 0, "covered_branches": 0, "missing_branches": 0}, "missing_lines": [607, 609, 611, 613, 622, 624], "excluded_lines": [], "executed_branches": [], "missing_branches": []}, "": {"executed_lines": [], "summary": {"covered_lines": 0, "num_statements": 22, "percent_covered": 0.0, "percent_covered_display": "0.00", "missing_lines": 22, "excluded_lines": 2, "num_branches": 0, "num_partial_branches": 0, "covered_branches": 0, "missing_branches": 0}, "missing_lines": [6, 7, 8, 9, 12, 27, 28, 29, 31, 32, 33, 34, 35, 36, 38, 40, 43, 317, 363, 366, 594, 603], "excluded_lines": [631, 632], "executed_branches": [], "missing_branches": []}}, "classes": {"": {"executed_lines": [], "summary": {"covered_lines": 0, "num_statements": 227, "percent_covered": 0.0, "percent_covered_display": "0.00", "missing_lines": 227, "excluded_lines": 28, "num_branches": 62, "num_partial_branches": 0, "covered_branches": 0, "missing_branches": 62}, "missing_lines": [6, 7, 8, 9, 12, 27, 28, 29, 31, 32, 33, 34, 35, 36, 38, 40, 43, 163, 164, 166, 167, 173, 174, 177, 178, 179, 180, 182, 184, 185, 187, 190, 193, 194, 198, 199, 202, 204, 205, 206, 208, 211, 212, 213, 216, 219, 221, 224, 225, 227, 230, 231, 232, 234, 235, 237, 241, 242, 244, 245, 248, 249, 250, 251, 253, 256, 259, 264, 265, 271, 273, 274, 275, 276, 277, 278, 279, 280, 289, 290, 293, 294, 295, 296, 297, 300, 301, 302, 303, 304, 306, 309, 310, 311, 312, 314, 317, 319, 320, 323, 324, 327, 328, 332, 335, 336, 337, 338, 339, 341, 342, 343, 346, 347, 348, 349, 350, 351, 352, 353, 354, 356, 357, 358, 360, 363, 366, 373, 380, 385, 393, 400, 407, 409, 413, 414, 423, 426, 429, 430, 431, 441, 442, 443, 452, 453, 456, 457, 462, 467, 472, 477, 479, 480, 486, 493, 499, 502, 504, 505, 507, 508, 509, 510, 511, 512, 513, 516, 518, 519, 521, 522, 523, 524, 525, 526, 527, 530, 532, 533, 534, 535, 537, 538, 541, 542, 543, 544, 545, 546, 549, 552, 553, 554, 555, 556, 558, 559, 560, 564, 565, 567, 568, 569, 570, 572, 575, 578, 579, 580, 581, 582, 583, 585, 588, 591, 594, 596, 597, 600, 603, 607, 609, 611, 613, 622, 624], "excluded_lines": [170, 195, 266, 272, 282, 368, 371, 383, 398, 405, 416, 417, 418, 421, 482, 483, 484, 485, 487, 489, 490, 491, 492, 494, 497, 589, 631, 632], "executed_branches": [], "missing_branches": [[166, 167], [166, 173], [177, 178], [177, 179], [179, 180], [179, 182], [184, 185], [184, 187], [202, 204], [202, 208], [208, 211], [208, 219], [224, 225], [224, 227], [231, 232], [231, 234], [241, 242], [241, 244], [249, 250], [249, 253], [264, 265], [264, 289], [273, 274], [273, 289], [275, 276], [275, 277], [277, 278], [277, 279], [289, 290], [289, 293], [293, 294], [293, 300], [294, 295], [294, 297], [300, 301], [300, 302], [302, 303], [302, 309], [303, 304], [303, 306], [309, 310], [309, 311], [311, 312], [311, 314], [327, 328], [327, 332], [346, 347], [346, 360], [348, 349], [348, 357], [349, 350], [349, 351], [351, 352], [351, 353], [353, 354], [353, 356], [429, 430], [429, 441], [441, 442], [441, 452], [558, 559], [558, 572]]}}}, "src/scitex/stats/correct/_correct_holm.py": {"executed_lines": [6, 7, 8, 9, 12, 27, 28, 29, 31, 32, 33, 34, 35, 36, 38, 40, 43, 144, 146, 150, 152, 153, 154, 155, 158, 161, 164, 165, 169, 172, 175, 176, 177, 181, 184, 185, 188, 190, 193, 194, 195, 196, 197, 200, 203, 205, 208, 211, 212, 215, 241, 245, 253, 254, 256, 259, 337, 340, 506, 517, 545], "summary": {"covered_lines": 60, "num_statements": 159, "percent_covered": 37.79904306220096, "percent_covered_display": "37.80", "missing_lines": 99, "excluded_lines": 29, "num_branches": 50, "num_partial_branches": 5, "covered_branches": 19, "missing_branches": 31}, "missing_lines": [159, 162, 216, 223, 225, 226, 227, 228, 229, 230, 231, 232, 242, 246, 247, 249, 250, 261, 262, 263, 266, 269, 280, 281, 290, 298, 308, 309, 310, 311, 315, 316, 317, 320, 321, 322, 323, 324, 325, 326, 327, 328, 330, 331, 332, 334, 347, 355, 360, 362, 370, 371, 376, 377, 388, 390, 391, 394, 395, 396, 398, 399, 402, 407, 411, 412, 413, 414, 417, 420, 427, 438, 442, 444, 456, 457, 463, 467, 468, 472, 475, 476, 483, 485, 488, 493, 498, 499, 500, 503, 508, 511, 514, 521, 523, 525, 527, 536, 538], "excluded_lines": [147, 166, 217, 220, 224, 234, 342, 345, 358, 379, 380, 381, 384, 403, 408, 425, 439, 440, 445, 446, 453, 458, 469, 477, 480, 491, 501, 545, 546], "executed_branches": [[152, 153], [152, 154], [154, 155], [154, 158], [158, 161], [161, 164], [176, 177], [176, 193], [184, 185], [184, 188], [194, 195], [194, 208], [211, 212], [211, 215], [215, 241], [241, 245], [245, 253], [253, 254], [253, 256]], "missing_branches": [[158, 159], [161, 162], [215, 216], [225, 226], [225, 241], [227, 228], [227, 229], [229, 230], [229, 231], [241, 242], [245, 246], [246, 247], [246, 250], [280, 281], [280, 290], [320, 321], [320, 334], [322, 323], [322, 331], [323, 324], [323, 325], [325, 326], [325, 327], [327, 328], [327, 330], [412, 413], [412, 420], [413, 412], [413, 414], [498, 499], [498, 503]], "functions": {"correct_holm": {"executed_lines": [144, 146, 150, 152, 153, 154, 155, 158, 161, 164, 165, 169, 172, 175, 176, 177, 181, 184, 185, 188, 190, 193, 194, 195, 196, 197, 200, 203, 205, 208, 211, 212, 215, 241, 245, 253, 254, 256], "summary": {"covered_lines": 38, "num_statements": 55, "percent_covered": 65.51724137931035, "percent_covered_display": "65.52", "missing_lines": 17, "excluded_lines": 6, "num_branches": 32, "num_partial_branches": 5, "covered_branches": 19, "missing_branches": 13}, "missing_lines": [159, 162, 216, 223, 225, 226, 227, 228, 229, 230, 231, 232, 242, 246, 247, 249, 250], "excluded_lines": [147, 166, 217, 220, 224, 234], "executed_branches": [[152, 153], [152, 154], [154, 155], [154, 158], [158, 161], [161, 164], [176, 177], [176, 193], [184, 185], [184, 188], [194, 195], [194, 208], [211, 212], [211, 215], [215, 241], [241, 245], [245, 253], [253, 254], [253, 256]], "missing_branches": [[158, 159], [161, 162], [215, 216], [225, 226], [225, 241], [227, 228], [227, 229], [229, 230], [229, 231], [241, 242], [245, 246], [246, 247], [246, 250]]}, "_plot_holm": {"executed_lines": [], "summary": {"covered_lines": 0, "num_statements": 29, "percent_covered": 0.0, "percent_covered_display": "0.00", "missing_lines": 29, "excluded_lines": 0, "num_branches": 12, "num_partial_branches": 0, "covered_branches": 0, "missing_branches": 12}, "missing_lines": [261, 262, 263, 266, 269, 280, 281, 290, 298, 308, 309, 310, 311, 315, 316, 317, 320, 321, 322, 323, 324, 325, 326, 327, 328, 330, 331, 332, 334], "excluded_lines": [], "executed_branches": [], "missing_branches": [[280, 281], [280, 290], [320, 321], [320, 334], [322, 323], [322, 331], [323, 324], [323, 325], [325, 326], [325, 327], [327, 328], [327, 330]]}, "main": {"executed_lines": [], "summary": {"covered_lines": 0, "num_statements": 44, "percent_covered": 0.0, "percent_covered_display": "0.00", "missing_lines": 44, "excluded_lines": 21, "num_branches": 6, "num_partial_branches": 0, "covered_branches": 0, "missing_branches": 6}, "missing_lines": [347, 355, 360, 362, 370, 371, 376, 377, 388, 390, 391, 394, 395, 396, 398, 399, 402, 407, 411, 412, 413, 414, 417, 420, 427, 438, 442, 444, 456, 457, 463, 467, 468, 472, 475, 476, 483, 485, 488, 493, 498, 499, 500, 503], "excluded_lines": [342, 345, 358, 379, 380, 381, 384, 403, 408, 425, 439, 440, 445, 446, 453, 458, 469, 477, 480, 491, 501], "executed_branches": [], "missing_branches": [[412, 413], [412, 420], [413, 412], [413, 414], [498, 499], [498, 503]]}, "parse_args": {"executed_lines": [], "summary": {"covered_lines": 0, "num_statements": 3, "percent_covered": 0.0, "percent_covered_display": "0.00", "missing_lines": 3, "excluded_lines": 0, "num_branches": 0, "num_partial_branches": 0, "covered_branches": 0, "missing_branches": 0}, "missing_lines": [508, 511, 514], "excluded_lines": [], "executed_branches": [], "missing_branches": []}, "run_main": {"executed_lines": [], "summary": {"covered_lines": 0, "num_statements": 6, "percent_covered": 0.0, "percent_covered_display": "0.00", "missing_lines": 6, "excluded_lines": 0, "num_branches": 0, "num_partial_branches": 0, "covered_branches": 0, "missing_branches": 0}, "missing_lines": [521, 523, 525, 527, 536, 538], "excluded_lines": [], "executed_branches": [], "missing_branches": []}, "": {"executed_lines": [6, 7, 8, 9, 12, 27, 28, 29, 31, 32, 33, 34, 35, 36, 38, 40, 43, 259, 337, 340, 506, 517, 545], "summary": {"covered_lines": 22, "num_statements": 22, "percent_covered": 100.0, "percent_covered_display": "100.00", "missing_lines": 0, "excluded_lines": 2, "num_branches": 0, "num_partial_branches": 0, "covered_branches": 0, "missing_branches": 0}, "missing_lines": [], "excluded_lines": [545, 546], "executed_branches": [], "missing_branches": []}}, "classes": {"": {"executed_lines": [6, 7, 8, 9, 12, 27, 28, 29, 31, 32, 33, 34, 35, 36, 38, 40, 43, 144, 146, 150, 152, 153, 154, 155, 158, 161, 164, 165, 169, 172, 175, 176, 177, 181, 184, 185, 188, 190, 193, 194, 195, 196, 197, 200, 203, 205, 208, 211, 212, 215, 241, 245, 253, 254, 256, 259, 337, 340, 506, 517, 545], "summary": {"covered_lines": 60, "num_statements": 159, "percent_covered": 37.79904306220096, "percent_covered_display": "37.80", "missing_lines": 99, "excluded_lines": 29, "num_branches": 50, "num_partial_branches": 5, "covered_branches": 19, "missing_branches": 31}, "missing_lines": [159, 162, 216, 223, 225, 226, 227, 228, 229, 230, 231, 232, 242, 246, 247, 249, 250, 261, 262, 263, 266, 269, 280, 281, 290, 298, 308, 309, 310, 311, 315, 316, 317, 320, 321, 322, 323, 324, 325, 326, 327, 328, 330, 331, 332, 334, 347, 355, 360, 362, 370, 371, 376, 377, 388, 390, 391, 394, 395, 396, 398, 399, 402, 407, 411, 412, 413, 414, 417, 420, 427, 438, 442, 444, 456, 457, 463, 467, 468, 472, 475, 476, 483, 485, 488, 493, 498, 499, 500, 503, 508, 511, 514, 521, 523, 525, 527, 536, 538], "excluded_lines": [147, 166, 217, 220, 224, 234, 342, 345, 358, 379, 380, 381, 384, 403, 408, 425, 439, 440, 445, 446, 453, 458, 469, 477, 480, 491, 501, 545, 546], "executed_branches": [[152, 153], [152, 154], [154, 155], [154, 158], [158, 161], [161, 164], [176, 177], [176, 193], [184, 185], [184, 188], [194, 195], [194, 208], [211, 212], [211, 215], [215, 241], [241, 245], [245, 253], [253, 254], [253, 256]], "missing_branches": [[158, 159], [161, 162], [215, 216], [225, 226], [225, 241], [227, 228], [227, 229], [229, 230], [229, 231], [241, 242], [245, 246], [246, 247], [246, 250], [280, 281], [280, 290], [320, 321], [320, 334], [322, 323], [322, 331], [323, 324], [323, 325], [325, 326], [325, 327], [327, 328], [327, 330], [412, 413], [412, 420], [413, 412], [413, 414], [498, 499], [498, 503]]}}}, "src/scitex/stats/correct/_correct_sidak.py": {"executed_lines": [6, 7, 8, 9, 12, 27, 28, 30, 31, 32, 33, 34, 35, 37, 39, 42, 152, 154, 158, 159, 160, 161, 162, 163, 164, 166, 167, 169, 170, 171, 174, 176, 181, 184, 185, 186, 187, 192, 193, 195, 196, 199, 200, 201, 202, 203, 205, 208, 232, 236, 243, 244, 246, 247, 249, 252, 299, 496], "summary": {"covered_lines": 57, "num_statements": 152, "percent_covered": 37.755102040816325, "percent_covered_display": "37.76", "missing_lines": 95, "excluded_lines": 62, "num_branches": 44, "num_partial_branches": 3, "covered_branches": 17, "missing_branches": 27}, "missing_lines": [209, 214, 216, 217, 218, 219, 220, 221, 222, 223, 233, 237, 238, 239, 240, 254, 255, 256, 259, 260, 263, 264, 267, 268, 272, 273, 274, 275, 277, 278, 279, 282, 283, 284, 285, 286, 287, 288, 289, 290, 292, 293, 294, 296, 301, 302, 304, 305, 307, 308, 311, 312, 313, 315, 334, 335, 336, 337, 338, 339, 340, 342, 348, 357, 358, 367, 368, 369, 370, 371, 372, 373, 375, 376, 389, 391, 405, 406, 408, 424, 435, 436, 438, 448, 449, 450, 461, 464, 470, 471, 477, 478, 479, 480, 488], "excluded_lines": [155, 177, 210, 211, 215, 225, 324, 325, 326, 329, 332, 345, 346, 350, 351, 352, 353, 360, 361, 364, 365, 378, 379, 380, 381, 386, 387, 393, 394, 395, 396, 397, 402, 403, 409, 410, 411, 412, 421, 422, 425, 426, 427, 428, 431, 432, 439, 445, 446, 451, 457, 458, 467, 468, 473, 474, 475, 481, 485, 486, 496, 497], "executed_branches": [[159, 160], [159, 162], [162, 163], [162, 166], [169, 170], [169, 174], [185, 186], [185, 208], [192, 193], [192, 195], [208, 232], [232, 236], [236, 243], [243, 244], [243, 246], [246, 247], [246, 249]], "missing_branches": [[208, 209], [216, 217], [216, 232], [218, 219], [218, 220], [220, 221], [220, 222], [232, 233], [236, 237], [237, 238], [237, 240], [263, 264], [263, 267], [282, 283], [282, 296], [284, 285], [284, 293], [285, 286], [285, 287], [287, 288], [287, 289], [289, 290], [289, 292], [336, 337], [336, 342], [369, 370], [369, 375]], "functions": {"correct_sidak": {"executed_lines": [152, 154, 158, 159, 160, 161, 162, 163, 164, 166, 167, 169, 170, 171, 174, 176, 181, 184, 185, 186, 187, 192, 193, 195, 196, 199, 200, 201, 202, 203, 205, 208, 232, 236, 243, 244, 246, 247, 249], "summary": {"covered_lines": 39, "num_statements": 54, "percent_covered": 68.29268292682927, "percent_covered_display": "68.29", "missing_lines": 15, "excluded_lines": 6, "num_branches": 28, "num_partial_branches": 3, "covered_branches": 17, "missing_branches": 11}, "missing_lines": [209, 214, 216, 217, 218, 219, 220, 221, 222, 223, 233, 237, 238, 239, 240], "excluded_lines": [155, 177, 210, 211, 215, 225], "executed_branches": [[159, 160], [159, 162], [162, 163], [162, 166], [169, 170], [169, 174], [185, 186], [185, 208], [192, 193], [192, 195], [208, 232], [232, 236], [236, 243], [243, 244], [243, 246], [246, 247], [246, 249]], "missing_branches": [[208, 209], [216, 217], [216, 232], [218, 219], [218, 220], [220, 221], [220, 222], [232, 233], [236, 237], [237, 238], [237, 240]]}, "_plot_sidak": {"executed_lines": [], "summary": {"covered_lines": 0, "num_statements": 29, "percent_covered": 0.0, "percent_covered_display": "0.00", "missing_lines": 29, "excluded_lines": 0, "num_branches": 12, "num_partial_branches": 0, "covered_branches": 0, "missing_branches": 12}, "missing_lines": [254, 255, 256, 259, 260, 263, 264, 267, 268, 272, 273, 274, 275, 277, 278, 279, 282, 283, 284, 285, 286, 287, 288, 289, 290, 292, 293, 294, 296], "excluded_lines": [], "executed_branches": [], "missing_branches": [[263, 264], [263, 267], [282, 283], [282, 296], [284, 285], [284, 293], [285, 286], [285, 287], [287, 288], [287, 289], [289, 290], [289, 292]]}, "main": {"executed_lines": [], "summary": {"covered_lines": 0, "num_statements": 51, "percent_covered": 0.0, "percent_covered_display": "0.00", "missing_lines": 51, "excluded_lines": 54, "num_branches": 4, "num_partial_branches": 0, "covered_branches": 0, "missing_branches": 4}, "missing_lines": [301, 302, 304, 305, 307, 308, 311, 312, 313, 315, 334, 335, 336, 337, 338, 339, 340, 342, 348, 357, 358, 367, 368, 369, 370, 371, 372, 373, 375, 376, 389, 391, 405, 406, 408, 424, 435, 436, 438, 448, 449, 450, 461, 464, 470, 471, 477, 478, 479, 480, 488], "excluded_lines": [324, 325, 326, 329, 332, 345, 346, 350, 351, 352, 353, 360, 361, 364, 365, 378, 379, 380, 381, 386, 387, 393, 394, 395, 396, 397, 402, 403, 409, 410, 411, 412, 421, 422, 425, 426, 427, 428, 431, 432, 439, 445, 446, 451, 457, 458, 467, 468, 473, 474, 475, 481, 485, 486], "executed_branches": [], "missing_branches": [[336, 337], [336, 342], [369, 370], [369, 375]]}, "": {"executed_lines": [6, 7, 8, 9, 12, 27, 28, 30, 31, 32, 33, 34, 35, 37, 39, 42, 252, 299, 496], "summary": {"covered_lines": 18, "num_statements": 18, "percent_covered": 100.0, "percent_covered_display": "100.00", "missing_lines": 0, "excluded_lines": 2, "num_branches": 0, "num_partial_branches": 0, "covered_branches": 0, "missing_branches": 0}, "missing_lines": [], "excluded_lines": [496, 497], "executed_branches": [], "missing_branches": []}}, "classes": {"": {"executed_lines": [6, 7, 8, 9, 12, 27, 28, 30, 31, 32, 33, 34, 35, 37, 39, 42, 152, 154, 158, 159, 160, 161, 162, 163, 164, 166, 167, 169, 170, 171, 174, 176, 181, 184, 185, 186, 187, 192, 193, 195, 196, 199, 200, 201, 202, 203, 205, 208, 232, 236, 243, 244, 246, 247, 249, 252, 299, 496], "summary": {"covered_lines": 57, "num_statements": 152, "percent_covered": 37.755102040816325, "percent_covered_display": "37.76", "missing_lines": 95, "excluded_lines": 62, "num_branches": 44, "num_partial_branches": 3, "covered_branches": 17, "missing_branches": 27}, "missing_lines": [209, 214, 216, 217, 218, 219, 220, 221, 222, 223, 233, 237, 238, 239, 240, 254, 255, 256, 259, 260, 263, 264, 267, 268, 272, 273, 274, 275, 277, 278, 279, 282, 283, 284, 285, 286, 287, 288, 289, 290, 292, 293, 294, 296, 301, 302, 304, 305, 307, 308, 311, 312, 313, 315, 334, 335, 336, 337, 338, 339, 340, 342, 348, 357, 358, 367, 368, 369, 370, 371, 372, 373, 375, 376, 389, 391, 405, 406, 408, 424, 435, 436, 438, 448, 449, 450, 461, 464, 470, 471, 477, 478, 479, 480, 488], "excluded_lines": [155, 177, 210, 211, 215, 225, 324, 325, 326, 329, 332, 345, 346, 350, 351, 352, 353, 360, 361, 364, 365, 378, 379, 380, 381, 386, 387, 393, 394, 395, 396, 397, 402, 403, 409, 410, 411, 412, 421, 422, 425, 426, 427, 428, 431, 432, 439, 445, 446, 451, 457, 458, 467, 468, 473, 474, 475, 481, 485, 486, 496, 497], "executed_branches": [[159, 160], [159, 162], [162, 163], [162, 166], [169, 170], [169, 174], [185, 186], [185, 208], [192, 193], [192, 195], [208, 232], [232, 236], [236, 243], [243, 244], [243, 246], [246, 247], [246, 249]], "missing_branches": [[208, 209], [216, 217], [216, 232], [218, 219], [218, 220], [220, 221], [220, 222], [232, 233], [236, 237], [237, 238], [237, 240], [263, 264], [263, 267], [282, 283], [282, 296], [284, 285], [284, 293], [285, 286], [285, 287], [287, 288], [287, 289], [289, 290], [289, 292], [336, 337], [336, 342], [369, 370], [369, 375]]}}}, "src/scitex/stats/descriptive/__init__.py": {"executed_lines": [2, 4, 5, 26, 38, 46], "summary": {"covered_lines": 5, "num_statements": 5, "percent_covered": 100.0, "percent_covered_display": "100.00", "missing_lines": 0, "excluded_lines": 0, "num_branches": 0, "num_partial_branches": 0, "covered_branches": 0, "missing_branches": 0}, "missing_lines": [], "excluded_lines": [], "executed_branches": [], "missing_branches": [], "functions": {"": {"executed_lines": [2, 4, 5, 26, 38, 46], "summary": {"covered_lines": 5, "num_statements": 5, "percent_covered": 100.0, "percent_covered_display": "100.00", "missing_lines": 0, "excluded_lines": 0, "num_branches": 0, "num_partial_branches": 0, "covered_branches": 0, "missing_branches": 0}, "missing_lines": [], "excluded_lines": [], "executed_branches": [], "missing_branches": []}}, "classes": {"": {"executed_lines": [2, 4, 5, 26, 38, 46], "summary": {"covered_lines": 5, "num_statements": 5, "percent_covered": 100.0, "percent_covered_display": "100.00", "missing_lines": 0, "excluded_lines": 0, "num_branches": 0, "num_partial_branches": 0, "covered_branches": 0, "missing_branches": 0}, "missing_lines": [], "excluded_lines": [], "executed_branches": [], "missing_branches": []}}}, "src/scitex/stats/descriptive/_circular.py": {"executed_lines": [6, 7, 8, 9, 12, 14, 40, 41, 43, 44, 45, 46, 48, 50, 52, 54, 55, 96, 97, 99, 100, 107, 108, 109, 111, 113, 117, 120, 121, 126, 134, 135, 136, 143, 144, 175, 176, 177, 181, 182, 183, 185, 186, 187, 188, 189, 191, 192, 196, 200, 201, 231, 232, 233, 237, 238, 239, 241, 242, 243, 244, 246, 250, 251, 281, 282, 283, 287, 288, 289, 290, 291, 293, 294, 295, 296, 297, 299, 300, 304, 305, 335, 336, 337, 341, 342, 343, 344, 345, 347, 348, 349, 350, 351, 353, 354, 357, 496, 505, 537], "summary": {"covered_lines": 99, "num_statements": 151, "percent_covered": 63.190184049079754, "percent_covered_display": "63.19", "missing_lines": 52, "excluded_lines": 6, "num_branches": 12, "num_partial_branches": 0, "covered_branches": 4, "missing_branches": 8}, "missing_lines": [361, 362, 364, 365, 368, 369, 370, 371, 374, 375, 376, 377, 380, 381, 390, 391, 392, 393, 394, 396, 399, 404, 411, 417, 418, 421, 422, 423, 430, 437, 438, 441, 448, 458, 461, 462, 469, 477, 479, 480, 483, 493, 498, 501, 502, 509, 511, 512, 514, 516, 526, 528], "excluded_lines": [486, 489, 490, 491, 537, 538], "executed_branches": [[107, 108], [107, 111], [135, -126], [135, 136]], "missing_branches": [[370, 371], [370, 374], [390, 391], [390, 399], [391, 392], [391, 393], [393, 394], [393, 396]], "functions": {"describe_circular": {"executed_lines": [96, 97, 99, 100, 107, 108, 109, 111, 113, 117], "summary": {"covered_lines": 10, "num_statements": 10, "percent_covered": 100.0, "percent_covered_display": "100.00", "missing_lines": 0, "excluded_lines": 0, "num_branches": 2, "num_partial_branches": 0, "covered_branches": 2, "missing_branches": 0}, "missing_lines": [], "excluded_lines": [], "executed_branches": [[107, 108], [107, 111]], "missing_branches": []}, "_ensure_more_than_2d": {"executed_lines": [121], "summary": {"covered_lines": 1, "num_statements": 1, "percent_covered": 100.0, "percent_covered_display": "100.00", "missing_lines": 0, "excluded_lines": 0, "num_branches": 0, "num_partial_branches": 0, "covered_branches": 0, "missing_branches": 0}, "missing_lines": [], "excluded_lines": [], "executed_branches": [], "missing_branches": []}, "_check_angle_units": {"executed_lines": [134, 135, 136], "summary": {"covered_lines": 3, "num_statements": 3, "percent_covered": 100.0, "percent_covered_display": "100.00", "missing_lines": 0, "excluded_lines": 0, "num_branches": 2, "num_partial_branches": 0, "covered_branches": 2, "missing_branches": 0}, "missing_lines": [], "excluded_lines": [], "executed_branches": [[135, -126], [135, 136]], "missing_branches": []}, "circular_mean": {"executed_lines": [175, 176, 177, 181, 182, 183, 185, 186, 187, 188, 189, 191, 192, 196], "summary": {"covered_lines": 14, "num_statements": 14, "percent_covered": 100.0, "percent_covered_display": "100.00", "missing_lines": 0, "excluded_lines": 0, "num_branches": 0, "num_partial_branches": 0, "covered_branches": 0, "missing_branches": 0}, "missing_lines": [], "excluded_lines": [], "executed_branches": [], "missing_branches": []}, "circular_concentration": {"executed_lines": [231, 232, 233, 237, 238, 239, 241, 242, 243, 244, 246], "summary": {"covered_lines": 11, "num_statements": 11, "percent_covered": 100.0, "percent_covered_display": "100.00", "missing_lines": 0, "excluded_lines": 0, "num_branches": 0, "num_partial_branches": 0, "covered_branches": 0, "missing_branches": 0}, "missing_lines": [], "excluded_lines": [], "executed_branches": [], "missing_branches": []}, "circular_skewness": {"executed_lines": [281, 282, 283, 287, 288, 289, 290, 291, 293, 294, 295, 296, 297, 299, 300], "summary": {"covered_lines": 15, "num_statements": 15, "percent_covered": 100.0, "percent_covered_display": "100.00", "missing_lines": 0, "excluded_lines": 0, "num_branches": 0, "num_partial_branches": 0, "covered_branches": 0, "missing_branches": 0}, "missing_lines": [], "excluded_lines": [], "executed_branches": [], "missing_branches": []}, "circular_kurtosis": {"executed_lines": [335, 336, 337, 341, 342, 343, 344, 345, 347, 348, 349, 350, 351, 353, 354], "summary": {"covered_lines": 15, "num_statements": 15, "percent_covered": 100.0, "percent_covered_display": "100.00", "missing_lines": 0, "excluded_lines": 0, "num_branches": 0, "num_partial_branches": 0, "covered_branches": 0, "missing_branches": 0}, "missing_lines": [], "excluded_lines": [], "executed_branches": [], "missing_branches": []}, "main": {"executed_lines": [], "summary": {"covered_lines": 0, "num_statements": 42, "percent_covered": 0.0, "percent_covered_display": "0.00", "missing_lines": 42, "excluded_lines": 4, "num_branches": 8, "num_partial_branches": 0, "covered_branches": 0, "missing_branches": 8}, "missing_lines": [361, 362, 364, 365, 368, 369, 370, 371, 374, 375, 376, 377, 380, 381, 390, 391, 392, 393, 394, 396, 399, 404, 411, 417, 418, 421, 422, 423, 430, 437, 438, 441, 448, 458, 461, 462, 469, 477, 479, 480, 483, 493], "excluded_lines": [486, 489, 490, 491], "executed_branches": [], "missing_branches": [[370, 371], [370, 374], [390, 391], [390, 399], [391, 392], [391, 393], [393, 394], [393, 396]]}, "parse_args": {"executed_lines": [], "summary": {"covered_lines": 0, "num_statements": 3, "percent_covered": 0.0, "percent_covered_display": "0.00", "missing_lines": 3, "excluded_lines": 0, "num_branches": 0, "num_partial_branches": 0, "covered_branches": 0, "missing_branches": 0}, "missing_lines": [498, 501, 502], "excluded_lines": [], "executed_branches": [], "missing_branches": []}, "run_main": {"executed_lines": [], "summary": {"covered_lines": 0, "num_statements": 7, "percent_covered": 0.0, "percent_covered_display": "0.00", "missing_lines": 7, "excluded_lines": 0, "num_branches": 0, "num_partial_branches": 0, "covered_branches": 0, "missing_branches": 0}, "missing_lines": [509, 511, 512, 514, 516, 526, 528], "excluded_lines": [], "executed_branches": [], "missing_branches": []}, "": {"executed_lines": [6, 7, 8, 9, 12, 14, 40, 41, 43, 44, 45, 46, 48, 50, 52, 54, 55, 120, 126, 143, 144, 200, 201, 250, 251, 304, 305, 357, 496, 505, 537], "summary": {"covered_lines": 30, "num_statements": 30, "percent_covered": 100.0, "percent_covered_display": "100.00", "missing_lines": 0, "excluded_lines": 2, "num_branches": 0, "num_partial_branches": 0, "covered_branches": 0, "missing_branches": 0}, "missing_lines": [], "excluded_lines": [537, 538], "executed_branches": [], "missing_branches": []}}, "classes": {"": {"executed_lines": [6, 7, 8, 9, 12, 14, 40, 41, 43, 44, 45, 46, 48, 50, 52, 54, 55, 96, 97, 99, 100, 107, 108, 109, 111, 113, 117, 120, 121, 126, 134, 135, 136, 143, 144, 175, 176, 177, 181, 182, 183, 185, 186, 187, 188, 189, 191, 192, 196, 200, 201, 231, 232, 233, 237, 238, 239, 241, 242, 243, 244, 246, 250, 251, 281, 282, 283, 287, 288, 289, 290, 291, 293, 294, 295, 296, 297, 299, 300, 304, 305, 335, 336, 337, 341, 342, 343, 344, 345, 347, 348, 349, 350, 351, 353, 354, 357, 496, 505, 537], "summary": {"covered_lines": 99, "num_statements": 151, "percent_covered": 63.190184049079754, "percent_covered_display": "63.19", "missing_lines": 52, "excluded_lines": 6, "num_branches": 12, "num_partial_branches": 0, "covered_branches": 4, "missing_branches": 8}, "missing_lines": [361, 362, 364, 365, 368, 369, 370, 371, 374, 375, 376, 377, 380, 381, 390, 391, 392, 393, 394, 396, 399, 404, 411, 417, 418, 421, 422, 423, 430, 437, 438, 441, 448, 458, 461, 462, 469, 477, 479, 480, 483, 493, 498, 501, 502, 509, 511, 512, 514, 516, 526, 528], "excluded_lines": [486, 489, 490, 491, 537, 538], "executed_branches": [[107, 108], [107, 111], [135, -126], [135, 136]], "missing_branches": [[370, 371], [370, 374], [390, 391], [390, 399], [391, 392], [391, 393], [393, 394], [393, 396]]}}}, "src/scitex/stats/descriptive/_describe.py": {"executed_lines": [6, 7, 8, 9, 12, 33, 34, 35, 37, 38, 39, 40, 42, 43, 45, 47, 49, 50, 55, 56, 57, 59, 63, 70, 73, 74, 75, 117, 118, 120, 121, 142, 143, 144, 146, 148, 149, 152, 177, 186, 216], "summary": {"covered_lines": 40, "num_statements": 60, "percent_covered": 61.76470588235294, "percent_covered_display": "61.76", "missing_lines": 20, "excluded_lines": 2, "num_branches": 8, "num_partial_branches": 0, "covered_branches": 2, "missing_branches": 6}, "missing_lines": [154, 157, 160, 166, 167, 168, 169, 170, 172, 174, 179, 182, 183, 189, 191, 192, 194, 195, 205, 207], "excluded_lines": [216, 217], "executed_branches": [[142, 143], [142, 146]], "missing_branches": [[166, 167], [166, 174], [167, 168], [167, 169], [169, 170], [169, 172]], "functions": {"verify_non_leakage": {"executed_lines": [55, 56, 57, 59, 63, 70], "summary": {"covered_lines": 6, "num_statements": 6, "percent_covered": 100.0, "percent_covered_display": "100.00", "missing_lines": 0, "excluded_lines": 0, "num_branches": 0, "num_partial_branches": 0, "covered_branches": 0, "missing_branches": 0}, "missing_lines": [], "excluded_lines": [], "executed_branches": [], "missing_branches": []}, "describe": {"executed_lines": [117, 118, 120, 121, 142, 143, 144, 146, 148, 149], "summary": {"covered_lines": 10, "num_statements": 10, "percent_covered": 100.0, "percent_covered_display": "100.00", "missing_lines": 0, "excluded_lines": 0, "num_branches": 2, "num_partial_branches": 0, "covered_branches": 2, "missing_branches": 0}, "missing_lines": [], "excluded_lines": [], "executed_branches": [[142, 143], [142, 146]], "missing_branches": []}, "main": {"executed_lines": [], "summary": {"covered_lines": 0, "num_statements": 10, "percent_covered": 0.0, "percent_covered_display": "0.00", "missing_lines": 10, "excluded_lines": 0, "num_branches": 6, "num_partial_branches": 0, "covered_branches": 0, "missing_branches": 6}, "missing_lines": [154, 157, 160, 166, 167, 168, 169, 170, 172, 174], "excluded_lines": [], "executed_branches": [], "missing_branches": [[166, 167], [166, 174], [167, 168], [167, 169], [169, 170], [169, 172]]}, "parse_args": {"executed_lines": [], "summary": {"covered_lines": 0, "num_statements": 3, "percent_covered": 0.0, "percent_covered_display": "0.00", "missing_lines": 3, "excluded_lines": 0, "num_branches": 0, "num_partial_branches": 0, "covered_branches": 0, "missing_branches": 0}, "missing_lines": [179, 182, 183], "excluded_lines": [], "executed_branches": [], "missing_branches": []}, "run_main": {"executed_lines": [], "summary": {"covered_lines": 0, "num_statements": 7, "percent_covered": 0.0, "percent_covered_display": "0.00", "missing_lines": 7, "excluded_lines": 0, "num_branches": 0, "num_partial_branches": 0, "covered_branches": 0, "missing_branches": 0}, "missing_lines": [189, 191, 192, 194, 195, 205, 207], "excluded_lines": [], "executed_branches": [], "missing_branches": []}, "": {"executed_lines": [6, 7, 8, 9, 12, 33, 34, 35, 37, 38, 39, 40, 42, 43, 45, 47, 49, 50, 73, 74, 75, 152, 177, 186, 216], "summary": {"covered_lines": 24, "num_statements": 24, "percent_covered": 100.0, "percent_covered_display": "100.00", "missing_lines": 0, "excluded_lines": 2, "num_branches": 0, "num_partial_branches": 0, "covered_branches": 0, "missing_branches": 0}, "missing_lines": [], "excluded_lines": [216, 217], "executed_branches": [], "missing_branches": []}}, "classes": {"": {"executed_lines": [6, 7, 8, 9, 12, 33, 34, 35, 37, 38, 39, 40, 42, 43, 45, 47, 49, 50, 55, 56, 57, 59, 63, 70, 73, 74, 75, 117, 118, 120, 121, 142, 143, 144, 146, 148, 149, 152, 177, 186, 216], "summary": {"covered_lines": 40, "num_statements": 60, "percent_covered": 61.76470588235294, "percent_covered_display": "61.76", "missing_lines": 20, "excluded_lines": 2, "num_branches": 8, "num_partial_branches": 0, "covered_branches": 2, "missing_branches": 6}, "missing_lines": [154, 157, 160, 166, 167, 168, 169, 170, 172, 174, 179, 182, 183, 189, 191, 192, 194, 195, 205, 207], "excluded_lines": [216, 217], "executed_branches": [[142, 143], [142, 146]], "missing_branches": [[166, 167], [166, 174], [167, 168], [167, 169], [169, 170], [169, 172]]}}}, "src/scitex/stats/descriptive/_nan.py": {"executed_lines": [6, 7, 8, 9, 12, 33, 34, 36, 37, 38, 39, 41, 43, 45, 46, 47, 48, 49, 50, 51, 52, 53, 55, 56, 59, 60, 61, 62, 63, 64, 65, 66, 68, 69, 72, 73, 74, 78, 79, 80, 81, 84, 85, 86, 87, 88, 91, 92, 93, 94, 103, 104, 105, 106, 107, 111, 112, 113, 114, 154, 155, 156, 157, 158, 164, 165, 166, 167, 168, 171, 172, 173, 183, 184, 185, 192, 193, 194, 201, 202, 203, 214, 215, 216, 227, 228, 229, 230, 231, 234, 237, 239, 242, 247, 248, 251, 252, 255, 256, 257, 260, 261, 262, 263, 264, 266, 268, 269, 270, 271, 274, 275, 276, 278, 281, 282, 283, 285, 288, 289, 290, 292, 295, 296, 297, 316, 317, 319, 320, 321, 323, 325, 424, 476, 485, 515], "summary": {"covered_lines": 135, "num_statements": 200, "percent_covered": 63.306451612903224, "percent_covered_display": "63.31", "missing_lines": 65, "excluded_lines": 5, "num_branches": 48, "num_partial_branches": 4, "covered_branches": 22, "missing_branches": 26}, "missing_lines": [75, 108, 109, 174, 175, 176, 177, 179, 180, 186, 187, 188, 189, 195, 196, 197, 198, 204, 205, 206, 207, 208, 210, 211, 217, 218, 219, 220, 221, 223, 224, 277, 284, 291, 426, 429, 430, 431, 432, 435, 436, 437, 438, 439, 440, 441, 442, 445, 457, 458, 459, 460, 461, 463, 473, 478, 481, 482, 488, 490, 491, 493, 494, 504, 506], "excluded_lines": [469, 470, 471, 515, 516], "executed_branches": [[51, 52], [51, 55], [52, 53], [52, 56], [64, 65], [64, 68], [65, 66], [65, 69], [107, 111], [231, 234], [231, 268], [260, 261], [260, 266], [262, 263], [262, 264], [276, 278], [283, 285], [290, 292], [319, 320], [319, 323], [320, 321], [320, 325]], "missing_branches": [[107, 108], [175, 176], [175, 179], [176, 177], [176, 180], [187, 188], [187, 189], [196, 197], [196, 198], [206, 207], [206, 210], [207, 208], [207, 211], [219, 220], [219, 223], [220, 221], [220, 224], [276, 277], [283, 284], [290, 291], [457, 458], [457, 473], [458, 459], [458, 460], [460, 461], [460, 463]], "functions": {"nanmax": {"executed_lines": [49, 50, 51, 52, 53, 55, 56], "summary": {"covered_lines": 7, "num_statements": 7, "percent_covered": 100.0, "percent_covered_display": "100.00", "missing_lines": 0, "excluded_lines": 0, "num_branches": 4, "num_partial_branches": 0, "covered_branches": 4, "missing_branches": 0}, "missing_lines": [], "excluded_lines": [], "executed_branches": [[51, 52], [51, 55], [52, 53], [52, 56]], "missing_branches": []}, "nanmin": {"executed_lines": [62, 63, 64, 65, 66, 68, 69], "summary": {"covered_lines": 7, "num_statements": 7, "percent_covered": 100.0, "percent_covered_display": "100.00", "missing_lines": 0, "excluded_lines": 0, "num_branches": 4, "num_partial_branches": 0, "covered_branches": 4, "missing_branches": 0}, "missing_lines": [], "excluded_lines": [], "executed_branches": [[64, 65], [64, 68], [65, 66], [65, 69]], "missing_branches": []}, "nansum": {"executed_lines": [], "summary": {"covered_lines": 0, "num_statements": 1, "percent_covered": 0.0, "percent_covered_display": "0.00", "missing_lines": 1, "excluded_lines": 0, "num_branches": 0, "num_partial_branches": 0, "covered_branches": 0, "missing_branches": 0}, "missing_lines": [75], "excluded_lines": [], "executed_branches": [], "missing_branches": []}, "nanmean": {"executed_lines": [81], "summary": {"covered_lines": 1, "num_statements": 1, "percent_covered": 100.0, "percent_covered_display": "100.00", "missing_lines": 0, "excluded_lines": 0, "num_branches": 0, "num_partial_branches": 0, "covered_branches": 0, "missing_branches": 0}, "missing_lines": [], "excluded_lines": [], "executed_branches": [], "missing_branches": []}, "nanvar": {"executed_lines": [87, 88], "summary": {"covered_lines": 2, "num_statements": 2, "percent_covered": 100.0, "percent_covered_display": "100.00", "missing_lines": 0, "excluded_lines": 0, "num_branches": 0, "num_partial_branches": 0, "covered_branches": 0, "missing_branches": 0}, "missing_lines": [], "excluded_lines": [], "executed_branches": [], "missing_branches": []}, "nanstd": {"executed_lines": [94], "summary": {"covered_lines": 1, "num_statements": 1, "percent_covered": 100.0, "percent_covered_display": "100.00", "missing_lines": 0, "excluded_lines": 0, "num_branches": 0, "num_partial_branches": 0, "covered_branches": 0, "missing_branches": 0}, "missing_lines": [], "excluded_lines": [], "executed_branches": [], "missing_branches": []}, "nanzscore": {"executed_lines": [106, 107, 111, 112, 113, 114], "summary": {"covered_lines": 6, "num_statements": 8, "percent_covered": 70.0, "percent_covered_display": "70.00", "missing_lines": 2, "excluded_lines": 0, "num_branches": 2, "num_partial_branches": 1, "covered_branches": 1, "missing_branches": 1}, "missing_lines": [108, 109], "excluded_lines": [], "executed_branches": [[107, 111]], "missing_branches": [[107, 108]]}, "nankurtosis": {"executed_lines": [157, 158], "summary": {"covered_lines": 2, "num_statements": 2, "percent_covered": 100.0, "percent_covered_display": "100.00", "missing_lines": 0, "excluded_lines": 0, "num_branches": 0, "num_partial_branches": 0, "covered_branches": 0, "missing_branches": 0}, "missing_lines": [], "excluded_lines": [], "executed_branches": [], "missing_branches": []}, "nanskewness": {"executed_lines": [167, 168], "summary": {"covered_lines": 2, "num_statements": 2, "percent_covered": 100.0, "percent_covered_display": "100.00", "missing_lines": 0, "excluded_lines": 0, "num_branches": 0, "num_partial_branches": 0, "covered_branches": 0, "missing_branches": 0}, "missing_lines": [], "excluded_lines": [], "executed_branches": [], "missing_branches": []}, "nanprod": {"executed_lines": [], "summary": {"covered_lines": 0, "num_statements": 6, "percent_covered": 0.0, "percent_covered_display": "0.00", "missing_lines": 6, "excluded_lines": 0, "num_branches": 4, "num_partial_branches": 0, "covered_branches": 0, "missing_branches": 4}, "missing_lines": [174, 175, 176, 177, 179, 180], "excluded_lines": [], "executed_branches": [], "missing_branches": [[175, 176], [175, 179], [176, 177], [176, 180]]}, "nancumprod": {"executed_lines": [], "summary": {"covered_lines": 0, "num_statements": 4, "percent_covered": 0.0, "percent_covered_display": "0.00", "missing_lines": 4, "excluded_lines": 0, "num_branches": 2, "num_partial_branches": 0, "covered_branches": 0, "missing_branches": 2}, "missing_lines": [186, 187, 188, 189], "excluded_lines": [], "executed_branches": [], "missing_branches": [[187, 188], [187, 189]]}, "nancumsum": {"executed_lines": [], "summary": {"covered_lines": 0, "num_statements": 4, "percent_covered": 0.0, "percent_covered_display": "0.00", "missing_lines": 4, "excluded_lines": 0, "num_branches": 2, "num_partial_branches": 0, "covered_branches": 0, "missing_branches": 2}, "missing_lines": [195, 196, 197, 198], "excluded_lines": [], "executed_branches": [], "missing_branches": [[196, 197], [196, 198]]}, "nanargmin": {"executed_lines": [], "summary": {"covered_lines": 0, "num_statements": 7, "percent_covered": 0.0, "percent_covered_display": "0.00", "missing_lines": 7, "excluded_lines": 0, "num_branches": 4, "num_partial_branches": 0, "covered_branches": 0, "missing_branches": 4}, "missing_lines": [204, 205, 206, 207, 208, 210, 211], "excluded_lines": [], "executed_branches": [], "missing_branches": [[206, 207], [206, 210], [207, 208], [207, 211]]}, "nanargmax": {"executed_lines": [], "summary": {"covered_lines": 0, "num_statements": 7, "percent_covered": 0.0, "percent_covered_display": "0.00", "missing_lines": 7, "excluded_lines": 0, "num_branches": 4, "num_partial_branches": 0, "covered_branches": 0, "missing_branches": 4}, "missing_lines": [217, 218, 219, 220, 221, 223, 224], "excluded_lines": [], "executed_branches": [], "missing_branches": [[219, 220], [219, 223], [220, 221], [220, 224]]}, "nanquantile": {"executed_lines": [230, 231, 234, 237, 239, 242, 247, 248, 251, 252, 255, 256, 257, 260, 261, 262, 263, 264, 266, 268, 269, 270, 271], "summary": {"covered_lines": 23, "num_statements": 23, "percent_covered": 100.0, "percent_covered_display": "100.00", "missing_lines": 0, "excluded_lines": 0, "num_branches": 6, "num_partial_branches": 0, "covered_branches": 6, "missing_branches": 0}, "missing_lines": [], "excluded_lines": [], "executed_branches": [[231, 234], [231, 268], [260, 261], [260, 266], [262, 263], [262, 264]], "missing_branches": []}, "nanq25": {"executed_lines": [275, 276, 278], "summary": {"covered_lines": 3, "num_statements": 4, "percent_covered": 66.66666666666667, "percent_covered_display": "66.67", "missing_lines": 1, "excluded_lines": 0, "num_branches": 2, "num_partial_branches": 1, "covered_branches": 1, "missing_branches": 1}, "missing_lines": [277], "excluded_lines": [], "executed_branches": [[276, 278]], "missing_branches": [[276, 277]]}, "nanq50": {"executed_lines": [282, 283, 285], "summary": {"covered_lines": 3, "num_statements": 4, "percent_covered": 66.66666666666667, "percent_covered_display": "66.67", "missing_lines": 1, "excluded_lines": 0, "num_branches": 2, "num_partial_branches": 1, "covered_branches": 1, "missing_branches": 1}, "missing_lines": [284], "excluded_lines": [], "executed_branches": [[283, 285]], "missing_branches": [[283, 284]]}, "nanq75": {"executed_lines": [289, 290, 292], "summary": {"covered_lines": 3, "num_statements": 4, "percent_covered": 66.66666666666667, "percent_covered_display": "66.67", "missing_lines": 1, "excluded_lines": 0, "num_branches": 2, "num_partial_branches": 1, "covered_branches": 1, "missing_branches": 1}, "missing_lines": [291], "excluded_lines": [], "executed_branches": [[290, 292]], "missing_branches": [[290, 291]]}, "nancount": {"executed_lines": [316, 317, 319, 320, 321, 323, 325], "summary": {"covered_lines": 7, "num_statements": 7, "percent_covered": 100.0, "percent_covered_display": "100.00", "missing_lines": 0, "excluded_lines": 0, "num_branches": 4, "num_partial_branches": 0, "covered_branches": 4, "missing_branches": 0}, "missing_lines": [], "excluded_lines": [], "executed_branches": [[319, 320], [319, 323], [320, 321], [320, 325]], "missing_branches": []}, "main": {"executed_lines": [], "summary": {"covered_lines": 0, "num_statements": 21, "percent_covered": 0.0, "percent_covered_display": "0.00", "missing_lines": 21, "excluded_lines": 3, "num_branches": 6, "num_partial_branches": 0, "covered_branches": 0, "missing_branches": 6}, "missing_lines": [426, 429, 430, 431, 432, 435, 436, 437, 438, 439, 440, 441, 442, 445, 457, 458, 459, 460, 461, 463, 473], "excluded_lines": [469, 470, 471], "executed_branches": [], "missing_branches": [[457, 458], [457, 473], [458, 459], [458, 460], [460, 461], [460, 463]]}, "parse_args": {"executed_lines": [], "summary": {"covered_lines": 0, "num_statements": 3, "percent_covered": 0.0, "percent_covered_display": "0.00", "missing_lines": 3, "excluded_lines": 0, "num_branches": 0, "num_partial_branches": 0, "covered_branches": 0, "missing_branches": 0}, "missing_lines": [478, 481, 482], "excluded_lines": [], "executed_branches": [], "missing_branches": []}, "run_main": {"executed_lines": [], "summary": {"covered_lines": 0, "num_statements": 7, "percent_covered": 0.0, "percent_covered_display": "0.00", "missing_lines": 7, "excluded_lines": 0, "num_branches": 0, "num_partial_branches": 0, "covered_branches": 0, "missing_branches": 0}, "missing_lines": [488, 490, 491, 493, 494, 504, 506], "excluded_lines": [], "executed_branches": [], "missing_branches": []}, "": {"executed_lines": [6, 7, 8, 9, 12, 33, 34, 36, 37, 38, 39, 41, 43, 45, 46, 47, 48, 59, 60, 61, 72, 73, 74, 78, 79, 80, 84, 85, 86, 91, 92, 93, 103, 104, 105, 154, 155, 156, 164, 165, 166, 171, 172, 173, 183, 184, 185, 192, 193, 194, 201, 202, 203, 214, 215, 216, 227, 228, 229, 274, 281, 288, 295, 296, 297, 424, 476, 485, 515], "summary": {"covered_lines": 68, "num_statements": 68, "percent_covered": 100.0, "percent_covered_display": "100.00", "missing_lines": 0, "excluded_lines": 2, "num_branches": 0, "num_partial_branches": 0, "covered_branches": 0, "missing_branches": 0}, "missing_lines": [], "excluded_lines": [515, 516], "executed_branches": [], "missing_branches": []}}, "classes": {"": {"executed_lines": [6, 7, 8, 9, 12, 33, 34, 36, 37, 38, 39, 41, 43, 45, 46, 47, 48, 49, 50, 51, 52, 53, 55, 56, 59, 60, 61, 62, 63, 64, 65, 66, 68, 69, 72, 73, 74, 78, 79, 80, 81, 84, 85, 86, 87, 88, 91, 92, 93, 94, 103, 104, 105, 106, 107, 111, 112, 113, 114, 154, 155, 156, 157, 158, 164, 165, 166, 167, 168, 171, 172, 173, 183, 184, 185, 192, 193, 194, 201, 202, 203, 214, 215, 216, 227, 228, 229, 230, 231, 234, 237, 239, 242, 247, 248, 251, 252, 255, 256, 257, 260, 261, 262, 263, 264, 266, 268, 269, 270, 271, 274, 275, 276, 278, 281, 282, 283, 285, 288, 289, 290, 292, 295, 296, 297, 316, 317, 319, 320, 321, 323, 325, 424, 476, 485, 515], "summary": {"covered_lines": 135, "num_statements": 200, "percent_covered": 63.306451612903224, "percent_covered_display": "63.31", "missing_lines": 65, "excluded_lines": 5, "num_branches": 48, "num_partial_branches": 4, "covered_branches": 22, "missing_branches": 26}, "missing_lines": [75, 108, 109, 174, 175, 176, 177, 179, 180, 186, 187, 188, 189, 195, 196, 197, 198, 204, 205, 206, 207, 208, 210, 211, 217, 218, 219, 220, 221, 223, 224, 277, 284, 291, 426, 429, 430, 431, 432, 435, 436, 437, 438, 439, 440, 441, 442, 445, 457, 458, 459, 460, 461, 463, 473, 478, 481, 482, 488, 490, 491, 493, 494, 504, 506], "excluded_lines": [469, 470, 471, 515, 516], "executed_branches": [[51, 52], [51, 55], [52, 53], [52, 56], [64, 65], [64, 68], [65, 66], [65, 69], [107, 111], [231, 234], [231, 268], [260, 261], [260, 266], [262, 263], [262, 264], [276, 278], [283, 285], [290, 292], [319, 320], [319, 323], [320, 321], [320, 325]], "missing_branches": [[107, 108], [175, 176], [175, 179], [176, 177], [176, 180], [187, 188], [187, 189], [196, 197], [196, 198], [206, 207], [206, 210], [207, 208], [207, 211], [219, 220], [219, 223], [220, 221], [220, 224], [276, 277], [283, 284], [290, 291], [457, 458], [457, 473], [458, 459], [458, 460], [460, 461], [460, 463]]}}}, "src/scitex/stats/descriptive/_real.py": {"executed_lines": [6, 7, 8, 9, 12, 33, 34, 36, 37, 38, 39, 41, 43, 45, 46, 47, 48, 51, 52, 53, 56, 57, 61, 62, 63, 64, 65, 66, 69, 70, 71, 72, 75, 76, 77, 78, 83, 84, 85, 86, 87, 88, 90, 91, 94, 95, 96, 99, 100, 101, 104, 105, 106, 109, 147, 156, 186], "summary": {"covered_lines": 56, "num_statements": 84, "percent_covered": 63.829787234042556, "percent_covered_display": "63.83", "missing_lines": 28, "excluded_lines": 2, "num_branches": 10, "num_partial_branches": 0, "covered_branches": 4, "missing_branches": 6}, "missing_lines": [58, 111, 114, 115, 116, 117, 118, 119, 120, 121, 124, 136, 137, 138, 139, 140, 142, 144, 149, 152, 153, 159, 161, 162, 164, 165, 175, 177], "excluded_lines": [186, 187], "executed_branches": [[86, 87], [86, 90], [87, 88], [87, 91]], "missing_branches": [[136, 137], [136, 144], [137, 138], [137, 139], [139, 140], [139, 142]], "functions": {"mean": {"executed_lines": [48], "summary": {"covered_lines": 1, "num_statements": 1, "percent_covered": 100.0, "percent_covered_display": "100.00", "missing_lines": 0, "excluded_lines": 0, "num_branches": 0, "num_partial_branches": 0, "covered_branches": 0, "missing_branches": 0}, "missing_lines": [], "excluded_lines": [], "executed_branches": [], "missing_branches": []}, "std": {"executed_lines": [53], "summary": {"covered_lines": 1, "num_statements": 1, "percent_covered": 100.0, "percent_covered_display": "100.00", "missing_lines": 0, "excluded_lines": 0, "num_branches": 0, "num_partial_branches": 0, "covered_branches": 0, "missing_branches": 0}, "missing_lines": [], "excluded_lines": [], "executed_branches": [], "missing_branches": []}, "var": {"executed_lines": [], "summary": {"covered_lines": 0, "num_statements": 1, "percent_covered": 0.0, "percent_covered_display": "0.00", "missing_lines": 1, "excluded_lines": 0, "num_branches": 0, "num_partial_branches": 0, "covered_branches": 0, "missing_branches": 0}, "missing_lines": [58], "excluded_lines": [], "executed_branches": [], "missing_branches": []}, "zscore": {"executed_lines": [63, 64, 65, 66], "summary": {"covered_lines": 4, "num_statements": 4, "percent_covered": 100.0, "percent_covered_display": "100.00", "missing_lines": 0, "excluded_lines": 0, "num_branches": 0, "num_partial_branches": 0, "covered_branches": 0, "missing_branches": 0}, "missing_lines": [], "excluded_lines": [], "executed_branches": [], "missing_branches": []}, "skewness": {"executed_lines": [71, 72], "summary": {"covered_lines": 2, "num_statements": 2, "percent_covered": 100.0, "percent_covered_display": "100.00", "missing_lines": 0, "excluded_lines": 0, "num_branches": 0, "num_partial_branches": 0, "covered_branches": 0, "missing_branches": 0}, "missing_lines": [], "excluded_lines": [], "executed_branches": [], "missing_branches": []}, "kurtosis": {"executed_lines": [77, 78], "summary": {"covered_lines": 2, "num_statements": 2, "percent_covered": 100.0, "percent_covered_display": "100.00", "missing_lines": 0, "excluded_lines": 0, "num_branches": 0, "num_partial_branches": 0, "covered_branches": 0, "missing_branches": 0}, "missing_lines": [], "excluded_lines": [], "executed_branches": [], "missing_branches": []}, "quantile": {"executed_lines": [85, 86, 87, 88, 90, 91], "summary": {"covered_lines": 6, "num_statements": 6, "percent_covered": 100.0, "percent_covered_display": "100.00", "missing_lines": 0, "excluded_lines": 0, "num_branches": 4, "num_partial_branches": 0, "covered_branches": 4, "missing_branches": 0}, "missing_lines": [], "excluded_lines": [], "executed_branches": [[86, 87], [86, 90], [87, 88], [87, 91]], "missing_branches": []}, "q25": {"executed_lines": [96], "summary": {"covered_lines": 1, "num_statements": 1, "percent_covered": 100.0, "percent_covered_display": "100.00", "missing_lines": 0, "excluded_lines": 0, "num_branches": 0, "num_partial_branches": 0, "covered_branches": 0, "missing_branches": 0}, "missing_lines": [], "excluded_lines": [], "executed_branches": [], "missing_branches": []}, "q50": {"executed_lines": [101], "summary": {"covered_lines": 1, "num_statements": 1, "percent_covered": 100.0, "percent_covered_display": "100.00", "missing_lines": 0, "excluded_lines": 0, "num_branches": 0, "num_partial_branches": 0, "covered_branches": 0, "missing_branches": 0}, "missing_lines": [], "excluded_lines": [], "executed_branches": [], "missing_branches": []}, "q75": {"executed_lines": [106], "summary": {"covered_lines": 1, "num_statements": 1, "percent_covered": 100.0, "percent_covered_display": "100.00", "missing_lines": 0, "excluded_lines": 0, "num_branches": 0, "num_partial_branches": 0, "covered_branches": 0, "missing_branches": 0}, "missing_lines": [], "excluded_lines": [], "executed_branches": [], "missing_branches": []}, "main": {"executed_lines": [], "summary": {"covered_lines": 0, "num_statements": 17, "percent_covered": 0.0, "percent_covered_display": "0.00", "missing_lines": 17, "excluded_lines": 0, "num_branches": 6, "num_partial_branches": 0, "covered_branches": 0, "missing_branches": 6}, "missing_lines": [111, 114, 115, 116, 117, 118, 119, 120, 121, 124, 136, 137, 138, 139, 140, 142, 144], "excluded_lines": [], "executed_branches": [], "missing_branches": [[136, 137], [136, 144], [137, 138], [137, 139], [139, 140], [139, 142]]}, "parse_args": {"executed_lines": [], "summary": {"covered_lines": 0, "num_statements": 3, "percent_covered": 0.0, "percent_covered_display": "0.00", "missing_lines": 3, "excluded_lines": 0, "num_branches": 0, "num_partial_branches": 0, "covered_branches": 0, "missing_branches": 0}, "missing_lines": [149, 152, 153], "excluded_lines": [], "executed_branches": [], "missing_branches": []}, "run_main": {"executed_lines": [], "summary": {"covered_lines": 0, "num_statements": 7, "percent_covered": 0.0, "percent_covered_display": "0.00", "missing_lines": 7, "excluded_lines": 0, "num_branches": 0, "num_partial_branches": 0, "covered_branches": 0, "missing_branches": 0}, "missing_lines": [159, 161, 162, 164, 165, 175, 177], "excluded_lines": [], "executed_branches": [], "missing_branches": []}, "": {"executed_lines": [6, 7, 8, 9, 12, 33, 34, 36, 37, 38, 39, 41, 43, 45, 46, 47, 51, 52, 56, 57, 61, 62, 69, 70, 75, 76, 83, 84, 94, 95, 99, 100, 104, 105, 109, 147, 156, 186], "summary": {"covered_lines": 37, "num_statements": 37, "percent_covered": 100.0, "percent_covered_display": "100.00", "missing_lines": 0, "excluded_lines": 2, "num_branches": 0, "num_partial_branches": 0, "covered_branches": 0, "missing_branches": 0}, "missing_lines": [], "excluded_lines": [186, 187], "executed_branches": [], "missing_branches": []}}, "classes": {"": {"executed_lines": [6, 7, 8, 9, 12, 33, 34, 36, 37, 38, 39, 41, 43, 45, 46, 47, 48, 51, 52, 53, 56, 57, 61, 62, 63, 64, 65, 66, 69, 70, 71, 72, 75, 76, 77, 78, 83, 84, 85, 86, 87, 88, 90, 91, 94, 95, 96, 99, 100, 101, 104, 105, 106, 109, 147, 156, 186], "summary": {"covered_lines": 56, "num_statements": 84, "percent_covered": 63.829787234042556, "percent_covered_display": "63.83", "missing_lines": 28, "excluded_lines": 2, "num_branches": 10, "num_partial_branches": 0, "covered_branches": 4, "missing_branches": 6}, "missing_lines": [58, 111, 114, 115, 116, 117, 118, 119, 120, 121, 124, 136, 137, 138, 139, 140, 142, 144, 149, 152, 153, 159, 161, 162, 164, 165, 175, 177], "excluded_lines": [186, 187], "executed_branches": [[86, 87], [86, 90], [87, 88], [87, 91]], "missing_branches": [[136, 137], [136, 144], [137, 138], [137, 139], [139, 140], [139, 142]]}}}, "src/scitex/stats/effect_sizes/__init__.py": {"executed_lines": [3, 21, 22, 23, 24, 25, 27], "summary": {"covered_lines": 6, "num_statements": 6, "percent_covered": 100.0, "percent_covered_display": "100.00", "missing_lines": 0, "excluded_lines": 0, "num_branches": 0, "num_partial_branches": 0, "covered_branches": 0, "missing_branches": 0}, "missing_lines": [], "excluded_lines": [], "executed_branches": [], "missing_branches": [], "functions": {"": {"executed_lines": [3, 21, 22, 23, 24, 25, 27], "summary": {"covered_lines": 6, "num_statements": 6, "percent_covered": 100.0, "percent_covered_display": "100.00", "missing_lines": 0, "excluded_lines": 0, "num_branches": 0, "num_partial_branches": 0, "covered_branches": 0, "missing_branches": 0}, "missing_lines": [], "excluded_lines": [], "executed_branches": [], "missing_branches": []}}, "classes": {"": {"executed_lines": [3, 21, 22, 23, 24, 25, 27], "summary": {"covered_lines": 6, "num_statements": 6, "percent_covered": 100.0, "percent_covered_display": "100.00", "missing_lines": 0, "excluded_lines": 0, "num_branches": 0, "num_partial_branches": 0, "covered_branches": 0, "missing_branches": 0}, "missing_lines": [], "excluded_lines": [], "executed_branches": [], "missing_branches": []}}}, "src/scitex/stats/effect_sizes/_cliffs_delta.py": {"executed_lines": [6, 7, 8, 9, 12, 27, 28, 29, 31, 32, 33, 34, 36, 38, 41, 120, 121, 124, 125, 127, 128, 134, 135, 138, 140, 143, 168, 170, 171, 172, 173, 174, 175, 177, 1
[...]
, 703, 704, 705, 706, 709, 710, 713, 715, 716, 718, 764, 765, 781, 782, 784, 787, 788, 791, 867, 868, 869, 870, 892, 893, 896, 897, 900, 901], "excluded_lines": [290, 324, 371, 467, 728, 807], "executed_branches": [[135, 136], [142, 143], [142, 146], [146, 147], [147, 148], [147, 151], [148, 147], [148, 149], [186, 187], [186, 190], [190, 191], [259, 260], [259, 262], [266, 267], [266, 270], [270, 271], [270, 277], [271, 272], [271, 277], [272, 271], [272, 273], [277, 278], [277, 283], [278, 279], [278, 283], [279, 278], [279, 280], [283, 284], [283, 292], [284, 285], [284, 292], [285, 284], [285, 286], [349, 350], [349, 359], [350, 351], [350, 352], [352, 353], [864, 865], [864, 876], [865, 866], [876, 877], [876, 879], [879, 880], [879, 883], [883, 884], [883, 887], [887, 888], [887, 891], [891, 895], [895, 899], [899, 904]], "missing_branches": [[135, 142], [146, 151], [190, 194], [352, 355], [409, 410], [409, 414], [414, 415], [414, 417], [420, 421], [420, 425], [425, 426], [425, 430], [430, 432], [430, 444], [444, 445], [444, 446], [446, 447], [446, 453], [517, 518], [517, 520], [527, 528], [527, 529], [529, 530], [529, 532], [541, 542], [541, 548], [548, 549], [548, 550], [550, 551], [550, 553], [560, 561], [560, 581], [582, 583], [582, 584], [584, 585], [584, 588], [588, 589], [588, 592], [592, 593], [592, 595], [598, 599], [598, 601], [671, 672], [671, 682], [699, 700], [699, 709], [764, 765], [764, 781], [781, 782], [781, 784], [865, 867], [867, 868], [867, 869], [869, -794], [869, 870], [891, 892], [895, 896], [899, 900]], "functions": {"normalize_result": {"executed_lines": [123, 126, 129, 135, 136, 138, 142, 143, 146, 147, 148, 149, 151], "summary": {"covered_lines": 13, "num_statements": 13, "percent_covered": 91.30434782608695, "percent_covered_display": "91.30", "missing_lines": 0, "excluded_lines": 0, "num_branches": 10, "num_partial_branches": 2, "covered_branches": 8, "missing_branches": 2}, "missing_lines": [], "excluded_lines": [], "executed_branches": [[135, 136], [142, 143], [142, 146], [146, 147], [147, 148], [147, 151], [148, 147], [148, 149]], "missing_branches": [[135, 142], [146, 151]]}, "to_dataframe": {"executed_lines": [186, 187, 190, 191, 194, 196], "summary": {"covered_lines": 6, "num_statements": 6, "percent_covered": 90.0, "percent_covered_display": "90.00", "missing_lines": 0, "excluded_lines": 0, "num_branches": 4, "num_partial_branches": 1, "covered_branches": 3, "missing_branches": 1}, "missing_lines": [], "excluded_lines": [], "executed_branches": [[186, 187], [186, 190], [190, 191]], "missing_branches": [[190, 194]]}, "force_dataframe": {"executed_lines": [259, 260, 262, 265, 266, 267, 270, 271, 272, 273, 274, 277, 278, 279, 280, 283, 284, 285, 286, 287, 292], "summary": {"covered_lines": 21, "num_statements": 22, "percent_covered": 97.72727272727273, "percent_covered_display": "97.73", "missing_lines": 1, "excluded_lines": 1, "num_branches": 22, "num_partial_branches": 0, "covered_branches": 22, "missing_branches": 0}, "missing_lines": [288], "excluded_lines": [290], "executed_branches": [[259, 260], [259, 262], [266, 267], [266, 270], [270, 271], [270, 277], [271, 272], [271, 277], [272, 271], [272, 273], [277, 278], [277, 283], [278, 279], [278, 283], [279, 278], [279, 280], [283, 284], [283, 292], [284, 285], [284, 292], [285, 284], [285, 286]], "missing_branches": []}, "to_dict": {"executed_lines": [318], "summary": {"covered_lines": 1, "num_statements": 1, "percent_covered": 100.0, "percent_covered_display": "100.00", "missing_lines": 0, "excluded_lines": 0, "num_branches": 0, "num_partial_branches": 0, "covered_branches": 0, "missing_branches": 0}, "missing_lines": [], "excluded_lines": [], "executed_branches": [], "missing_branches": []}, "combine_results": {"executed_lines": [348, 349, 350, 351, 352, 353, 356, 359, 362], "summary": {"covered_lines": 9, "num_statements": 10, "percent_covered": 87.5, "percent_covered_display": "87.50", "missing_lines": 1, "excluded_lines": 1, "num_branches": 6, "num_partial_branches": 1, "covered_branches": 5, "missing_branches": 1}, "missing_lines": [355], "excluded_lines": [324], "executed_branches": [[349, 350], [349, 359], [350, 351], [350, 352], [352, 353]], "missing_branches": [[352, 355]]}, "export_results": {"executed_lines": [], "summary": {"covered_lines": 0, "num_statements": 29, "percent_covered": 0.0, "percent_covered_display": "0.00", "missing_lines": 29, "excluded_lines": 1, "num_branches": 14, "num_partial_branches": 0, "covered_branches": 0, "missing_branches": 14}, "missing_lines": [406, 409, 410, 411, 414, 415, 417, 420, 421, 423, 424, 425, 426, 428, 429, 430, 432, 434, 442, 443, 444, 445, 446, 447, 449, 450, 451, 453, 458], "excluded_lines": [371], "executed_branches": [], "missing_branches": [[409, 410], [409, 414], [414, 415], [414, 417], [420, 421], [420, 425], [425, 426], [425, 430], [430, 432], [430, 444], [444, 445], [444, 446], [446, 447], [446, 453]]}, "export_excel_styled": {"executed_lines": [], "summary": {"covered_lines": 0, "num_statements": 0, "percent_covered": 100.0, "percent_covered_display": "100.00", "missing_lines": 0, "excluded_lines": 1, "num_branches": 0, "num_partial_branches": 0, "covered_branches": 0, "missing_branches": 0}, "missing_lines": [], "excluded_lines": [467], "executed_branches": [], "missing_branches": []}, "export_report": {"executed_lines": [], "summary": {"covered_lines": 0, "num_statements": 11, "percent_covered": 0.0, "percent_covered_display": "0.00", "missing_lines": 11, "excluded_lines": 0, "num_branches": 6, "num_partial_branches": 0, "covered_branches": 0, "missing_branches": 6}, "missing_lines": [514, 517, 518, 520, 523, 524, 527, 528, 529, 530, 532], "excluded_lines": [], "executed_branches": [], "missing_branches": [[517, 518], [517, 520], [527, 528], [527, 529], [529, 530], [529, 532]]}, "_get_scitex_signature": {"executed_lines": [], "summary": {"covered_lines": 0, "num_statements": 9, "percent_covered": 0.0, "percent_covered_display": "0.00", "missing_lines": 9, "excluded_lines": 0, "num_branches": 6, "num_partial_branches": 0, "covered_branches": 0, "missing_branches": 6}, "missing_lines": [537, 539, 541, 542, 548, 549, 550, 551, 553], "excluded_lines": [], "executed_branches": [], "missing_branches": [[541, 542], [541, 548], [548, 549], [548, 550], [550, 551], [550, 553]]}, "_export_report_html": {"executed_lines": [], "summary": {"covered_lines": 0, "num_statements": 17, "percent_covered": 0.0, "percent_covered_display": "0.00", "missing_lines": 17, "excluded_lines": 0, "num_branches": 4, "num_partial_branches": 0, "covered_branches": 0, "missing_branches": 4}, "missing_lines": [559, 560, 561, 562, 563, 564, 565, 567, 581, 598, 599, 601, 604, 606, 660, 661, 663], "excluded_lines": [], "executed_branches": [], "missing_branches": [[560, 561], [560, 581], [598, 599], [598, 601]]}, "_export_report_html.style_pvalue": {"executed_lines": [], "summary": {"covered_lines": 0, "num_statements": 9, "percent_covered": 0.0, "percent_covered_display": "0.00", "missing_lines": 9, "excluded_lines": 0, "num_branches": 8, "num_partial_branches": 0, "covered_branches": 0, "missing_branches": 8}, "missing_lines": [582, 583, 584, 585, 588, 589, 592, 593, 595], "excluded_lines": [], "executed_branches": [], "missing_branches": [[582, 583], [582, 584], [584, 585], [584, 588], [588, 589], [588, 592], [592, 593], [592, 595]]}, "_export_report_markdown": {"executed_lines": [], "summary": {"covered_lines": 0, "num_statements": 15, "percent_covered": 0.0, "percent_covered_display": "0.00", "missing_lines": 15, "excluded_lines": 0, "num_branches": 2, "num_partial_branches": 0, "covered_branches": 0, "missing_branches": 2}, "missing_lines": [668, 671, 672, 673, 674, 676, 677, 678, 679, 682, 683, 686, 688, 689, 691], "excluded_lines": [], "executed_branches": [], "missing_branches": [[671, 672], [671, 682]]}, "_export_report_text": {"executed_lines": [], "summary": {"covered_lines": 0, "num_statements": 14, "percent_covered": 0.0, "percent_covered_display": "0.00", "missing_lines": 14, "excluded_lines": 0, "num_branches": 2, "num_partial_branches": 0, "covered_branches": 0, "missing_branches": 2}, "missing_lines": [696, 699, 700, 701, 703, 704, 705, 706, 709, 710, 713, 715, 716, 718], "excluded_lines": [], "executed_branches": [], "missing_branches": [[699, 700], [699, 709]]}, "export_summary": {"executed_lines": [], "summary": {"covered_lines": 0, "num_statements": 8, "percent_covered": 0.0, "percent_covered_display": "0.00", "missing_lines": 8, "excluded_lines": 1, "num_branches": 4, "num_partial_branches": 0, "covered_branches": 0, "missing_branches": 4}, "missing_lines": [764, 765, 781, 782, 784, 787, 788, 791], "excluded_lines": [728], "executed_branches": [], "missing_branches": [[764, 765], [764, 781], [781, 782], [781, 784]]}, "convert_results": {"executed_lines": [864, 865, 866, 876, 877, 879, 880, 881, 883, 884, 885, 887, 888, 889, 891, 895, 899, 904], "summary": {"covered_lines": 18, "num_statements": 28, "percent_covered": 64.0, "percent_covered_display": "64.00", "missing_lines": 10, "excluded_lines": 1, "num_branches": 22, "num_partial_branches": 4, "covered_branches": 14, "missing_branches": 8}, "missing_lines": [867, 868, 869, 870, 892, 893, 896, 897, 900, 901], "excluded_lines": [807], "executed_branches": [[864, 865], [864, 876], [865, 866], [876, 877], [876, 879], [879, 880], [879, 883], [883, 884], [883, 887], [887, 888], [887, 891], [891, 895], [895, 899], [899, 904]], "missing_branches": [[865, 867], [867, 868], [867, 869], [869, -794], [869, 870], [891, 892], [895, 896], [899, 900]]}, "": {"executed_lines": [6, 7, 8, 9, 12, 19, 21, 22, 25, 53, 70, 98, 154, 199, 295, 321, 365, 461, 470, 535, 556, 666, 694, 721, 794, 911, 913], "summary": {"covered_lines": 27, "num_statements": 27, "percent_covered": 100.0, "percent_covered_display": "100.00", "missing_lines": 0, "excluded_lines": 0, "num_branches": 0, "num_partial_branches": 0, "covered_branches": 0, "missing_branches": 0}, "missing_lines": [], "excluded_lines": [], "executed_branches": [], "missing_branches": []}}, "classes": {"": {"executed_lines": [6, 7, 8, 9, 12, 19, 21, 22, 25, 53, 70, 98, 123, 126, 129, 135, 136, 138, 142, 143, 146, 147, 148, 149, 151, 154, 186, 187, 190, 191, 194, 196, 199, 259, 260, 262, 265, 266, 267, 270, 271, 272, 273, 274, 277, 278, 279, 280, 283, 284, 285, 286, 287, 292, 295, 318, 321, 348, 349, 350, 351, 352, 353, 356, 359, 362, 365, 461, 470, 535, 556, 666, 694, 721, 794, 864, 865, 866, 876, 877, 879, 880, 881, 883, 884, 885, 887, 888, 889, 891, 895, 899, 904, 911, 913], "summary": {"covered_lines": 95, "num_statements": 219, "percent_covered": 44.680851063829785, "percent_covered_display": "44.68", "missing_lines": 124, "excluded_lines": 6, "num_branches": 110, "num_partial_branches": 8, "covered_branches": 52, "missing_branches": 58}, "missing_lines": [288, 355, 406, 409, 410, 411, 414, 415, 417, 420, 421, 423, 424, 425, 426, 428, 429, 430, 432, 434, 442, 443, 444, 445, 446, 447, 449, 450, 451, 453, 458, 514, 517, 518, 520, 523, 524, 527, 528, 529, 530, 532, 537, 539, 541, 542, 548, 549, 550, 551, 553, 559, 560, 561, 562, 563, 564, 565, 567, 581, 582, 583, 584, 585, 588, 589, 592, 593, 595, 598, 599, 601, 604, 606, 660, 661, 663, 668, 671, 672, 673, 674, 676, 677, 678, 679, 682, 683, 686, 688, 689, 691, 696, 699, 700, 701, 703, 704, 705, 706, 709, 710, 713, 715, 716, 718, 764, 765, 781, 782, 784, 787, 788, 791, 867, 868, 869, 870, 892, 893, 896, 897, 900, 901], "excluded_lines": [290, 324, 371, 467, 728, 807], "executed_branches": [[135, 136], [142, 143], [142, 146], [146, 147], [147, 148], [147, 151], [148, 147], [148, 149], [186, 187], [186, 190], [190, 191], [259, 260], [259, 262], [266, 267], [266, 270], [270, 271], [270, 277], [271, 272], [271, 277], [272, 271], [272, 273], [277, 278], [277, 283], [278, 279], [278, 283], [279, 278], [279, 280], [283, 284], [283, 292], [284, 285], [284, 292], [285, 284], [285, 286], [349, 350], [349, 359], [350, 351], [350, 352], [352, 353], [864, 865], [864, 876], [865, 866], [876, 877], [876, 879], [879, 880], [879, 883], [883, 884], [883, 887], [887, 888], [887, 891], [891, 895], [895, 899], [899, 904]], "missing_branches": [[135, 142], [146, 151], [190, 194], [352, 355], [409, 410], [409, 414], [414, 415], [414, 417], [420, 421], [420, 425], [425, 426], [425, 430], [430, 432], [430, 444], [444, 445], [444, 446], [446, 447], [446, 453], [517, 518], [517, 520], [527, 528], [527, 529], [529, 530], [529, 532], [541, 542], [541, 548], [548, 549], [548, 550], [550, 551], [550, 553], [560, 561], [560, 581], [582, 583], [582, 584], [584, 585], [584, 588], [588, 589], [588, 592], [592, 593], [592, 595], [598, 599], [598, 601], [671, 672], [671, 682], [699, 700], [699, 709], [764, 765], [764, 781], [781, 782], [781, 784], [865, 867], [867, 868], [867, 869], [869, -794], [869, 870], [891, 892], [895, 896], [899, 900]]}}}, "src/scitex/stats/utils/_power.py": {"executed_lines": [6, 21, 22, 23, 24, 25, 26, 27, 28, 29, 31, 33, 34, 115, 116, 117, 118, 119, 120, 121, 123, 125, 128, 129, 131, 134, 135, 136, 137, 138, 139, 144, 146, 149, 152, 154, 155, 157, 160, 162, 165, 213, 214, 216, 218, 219, 220, 222, 231, 232, 234, 236, 237, 238, 241, 242, 244, 252, 253, 255, 257, 260, 261, 390, 403, 430], "summary": {"covered_lines": 64, "num_statements": 148, "percent_covered": 51.630434782608695, "percent_covered_display": "51.63", "missing_lines": 84, "excluded_lines": 15, "num_branches": 36, "num_partial_branches": 1, "covered_branches": 31, "missing_branches": 5}, "missing_lines": [141, 268, 269, 271, 272, 273, 275, 280, 281, 283, 284, 285, 287, 292, 293, 294, 303, 304, 305, 306, 315, 318, 319, 320, 321, 322, 323, 324, 325, 326, 327, 330, 331, 332, 333, 334, 335, 336, 337, 338, 339, 340, 343, 344, 345, 346, 347, 349, 350, 351, 352, 353, 354, 355, 358, 359, 360, 362, 363, 364, 366, 367, 368, 369, 370, 371, 374, 375, 376, 377, 378, 379, 381, 384, 387, 392, 395, 400, 407, 408, 410, 412, 421, 423], "excluded_lines": [263, 266, 274, 278, 286, 290, 295, 301, 308, 309, 310, 313, 385, 430, 431], "executed_branches": [[115, 116], [115, 119], [116, 117], [116, 118], [119, 120], [119, 125], [120, 121], [120, 123], [128, 129], [128, 131], [134, 135], [134, 136], [136, 137], [136, 138], [138, 139], [144, 146], [144, 149], [152, 154], [152, 155], [155, 157], [155, 160], [216, 218], [216, 241], [218, 219], [218, 236], [231, 232], [231, 234], [241, 242], [241, 257], [252, 253], [252, 255]], "missing_branches": [[138, 141], [345, 346], [345, 349], [362, 363], [362, 366]], "functions": {"power_ttest": {"executed_lines": [115, 116, 117, 118, 119, 120, 121, 123, 125, 128, 129, 131, 134, 135, 136, 137, 138, 139, 144, 146, 149, 152, 154, 155, 157, 160, 162], "summary": {"covered_lines": 27, "num_statements": 28, "percent_covered": 96.0, "percent_covered_display": "96.00", "missing_lines": 1, "excluded_lines": 0, "num_branches": 22, "num_partial_branches": 1, "covered_branches": 21, "missing_branches": 1}, "missing_lines": [141], "excluded_lines": [], "executed_branches": [[115, 116], [115, 119], [116, 117], [116, 118], [119, 120], [119, 125], [120, 121], [120, 123], [128, 129], [128, 131], [134, 135], [134, 136], [136, 137], [136, 138], [138, 139], [144, 146], [144, 149], [152, 154], [152, 155], [155, 157], [155, 160]], "missing_branches": [[138, 141]]}, "sample_size_ttest": {"executed_lines": [213, 214, 216, 218, 219, 220, 222, 231, 232, 234, 236, 237, 238, 241, 242, 244, 252, 253, 255, 257], "summary": {"covered_lines": 20, "num_statements": 20, "percent_covered": 100.0, "percent_covered_display": "100.00", "missing_lines": 0, "excluded_lines": 0, "num_branches": 10, "num_partial_branches": 0, "covered_branches": 10, "missing_branches": 0}, "missing_lines": [], "excluded_lines": [], "executed_branches": [[216, 218], [216, 241], [218, 219], [218, 236], [231, 232], [231, 234], [241, 242], [241, 257], [252, 253], [252, 255]], "missing_branches": []}, "main": {"executed_lines": [], "summary": {"covered_lines": 0, "num_statements": 74, "percent_covered": 0.0, "percent_covered_display": "0.00", "missing_lines": 74, "excluded_lines": 13, "num_branches": 4, "num_partial_branches": 0, "covered_branches": 0, "missing_branches": 4}, "missing_lines": [268, 269, 271, 272, 273, 275, 280, 281, 283, 284, 285, 287, 292, 293, 294, 303, 304, 305, 306, 315, 318, 319, 320, 321, 322, 323, 324, 325, 326, 327, 330, 331, 332, 333, 334, 335, 336, 337, 338, 339, 340, 343, 344, 345, 346, 347, 349, 350, 351, 352, 353, 354, 355, 358, 359, 360, 362, 363, 364, 366, 367, 368, 369, 370, 371, 374, 375, 376, 377, 378, 379, 381, 384, 387], "excluded_lines": [263, 266, 274, 278, 286, 290, 295, 301, 308, 309, 310, 313, 385], "executed_branches": [], "missing_branches": [[345, 346], [345, 349], [362, 363], [362, 366]]}, "parse_args": {"executed_lines": [], "summary": {"covered_lines": 0, "num_statements": 3, "percent_covered": 0.0, "percent_covered_display": "0.00", "missing_lines": 3, "excluded_lines": 0, "num_branches": 0, "num_partial_branches": 0, "covered_branches": 0, "missing_branches": 0}, "missing_lines": [392, 395, 400], "excluded_lines": [], "executed_branches": [], "missing_branches": []}, "run_main": {"executed_lines": [], "summary": {"covered_lines": 0, "num_statements": 6, "percent_covered": 0.0, "percent_covered_display": "0.00", "missing_lines": 6, "excluded_lines": 0, "num_branches": 0, "num_partial_branches": 0, "covered_branches": 0, "missing_branches": 0}, "missing_lines": [407, 408, 410, 412, 421, 423], "excluded_lines": [], "executed_branches": [], "missing_branches": []}, "": {"executed_lines": [6, 21, 22, 23, 24, 25, 26, 27, 28, 29, 31, 33, 34, 165, 260, 261, 390, 403, 430], "summary": {"covered_lines": 17, "num_statements": 17, "percent_covered": 100.0, "percent_covered_display": "100.00", "missing_lines": 0, "excluded_lines": 2, "num_branches": 0, "num_partial_branches": 0, "covered_branches": 0, "missing_branches": 0}, "missing_lines": [], "excluded_lines": [430, 431], "executed_branches": [], "missing_branches": []}}, "classes": {"": {"executed_lines": [6, 21, 22, 23, 24, 25, 26, 27, 28, 29, 31, 33, 34, 115, 116, 117, 118, 119, 120, 121, 123, 125, 128, 129, 131, 134, 135, 136, 137, 138, 139, 144, 146, 149, 152, 154, 155, 157, 160, 162, 165, 213, 214, 216, 218, 219, 220, 222, 231, 232, 234, 236, 237, 238, 241, 242, 244, 252, 253, 255, 257, 260, 261, 390, 403, 430], "summary": {"covered_lines": 64, "num_statements": 148, "percent_covered": 51.630434782608695, "percent_covered_display": "51.63", "missing_lines": 84, "excluded_lines": 15, "num_branches": 36, "num_partial_branches": 1, "covered_branches": 31, "missing_branches": 5}, "missing_lines": [141, 268, 269, 271, 272, 273, 275, 280, 281, 283, 284, 285, 287, 292, 293, 294, 303, 304, 305, 306, 315, 318, 319, 320, 321, 322, 323, 324, 325, 326, 327, 330, 331, 332, 333, 334, 335, 336, 337, 338, 339, 340, 343, 344, 345, 346, 347, 349, 350, 351, 352, 353, 354, 355, 358, 359, 360, 362, 363, 364, 366, 367, 368, 369, 370, 371, 374, 375, 376, 377, 378, 379, 381, 384, 387, 392, 395, 400, 407, 408, 410, 412, 421, 423], "excluded_lines": [263, 266, 274, 278, 286, 290, 295, 301, 308, 309, 310, 313, 385, 430, 431], "executed_branches": [[115, 116], [115, 119], [116, 117], [116, 118], [119, 120], [119, 125], [120, 121], [120, 123], [128, 129], [128, 131], [134, 135], [134, 136], [136, 137], [136, 138], [138, 139], [144, 146], [144, 149], [152, 154], [152, 155], [155, 157], [155, 160], [216, 218], [216, 241], [218, 219], [218, 236], [231, 232], [231, 234], [241, 242], [241, 257], [252, 253], [252, 255]], "missing_branches": [[138, 141], [345, 346], [345, 349], [362, 363], [362, 366]]}}}}, "totals": {"covered_lines": 1343, "num_statements": 2961, "percent_covered": 46.24559501219843, "percent_covered_display": "46.25", "missing_lines": 1618, "excluded_lines": 497, "num_branches": 728, "num_partial_branches": 39, "covered_branches": 363, "missing_branches": 365}}