{"meta": {"format": 3, "version": "7.11.0", "timestamp": "2025-12-09T06:12:55.563976", "branch_coverage": true, "show_contexts": false}, "files": {"src/scitex/plt/__init__.py": {"executed_lines": [6, 7, 8, 10, 29, 30, 31, 37, 39, 42, 45, 46, 47, 48, 50, 51, 53, 54, 56, 57, 59, 62, 63, 64, 65, 66, 67, 68, 69, 70, 73, 106, 110, 111, 112, 113, 136, 137, 138, 147, 150, 151, 152, 156, 157, 161, 162, 163, 164, 165, 166, 167, 170, 171, 172, 174, 177, 180, 182, 194, 234, 336, 405, 418, 485, 545, 581, 612, 655, 667, 672, 673, 674, 677, 678, 681], "summary": {"covered_lines": 75, "num_statements": 279, "percent_covered": 20.20460358056266, "percent_covered_display": "20.20", "missing_lines": 204, "excluded_lines": 11, "num_branches": 112, "num_partial_branches": 4, "covered_branches": 4, "missing_branches": 108}, "missing_lines": [114, 116, 121, 122, 123, 124, 125, 129, 130, 131, 132, 140, 141, 143, 144, 158, 178, 179, 185, 186, 187, 188, 189, 190, 191, 192, 229, 230, 231, 232, 291, 292, 293, 294, 296, 299, 301, 302, 305, 308, 309, 310, 313, 314, 315, 316, 319, 320, 321, 328, 331, 333, 342, 344, 345, 346, 347, 350, 351, 353, 354, 356, 357, 359, 360, 361, 363, 364, 365, 366, 368, 370, 371, 373, 374, 375, 376, 378, 379, 380, 381, 382, 383, 384, 386, 387, 389, 390, 391, 393, 394, 395, 396, 399, 400, 402, 407, 408, 410, 411, 412, 413, 414, 415, 436, 439, 440, 441, 444, 445, 448, 455, 458, 459, 460, 462, 463, 464, 465, 467, 468, 469, 470, 471, 472, 475, 476, 479, 480, 482, 491, 492, 495, 498, 501, 502, 504, 506, 507, 508, 509, 510, 511, 512, 513, 514, 515, 516, 518, 519, 520, 521, 522, 525, 526, 528, 529, 530, 532, 533, 534, 535, 537, 538, 559, 561, 563, 565, 566, 567, 568, 569, 571, 572, 573, 574, 575, 576, 577, 578, 597, 598, 600, 601, 602, 603, 604, 608, 609, 637, 640, 641, 643, 646, 649, 650, 653, 675, 686, 689, 690, 691, 692, 696], "excluded_lines": [126, 133, 159, 235, 322, 582, 613, 678, 679, 693, 694], "executed_branches": [[136, 137], [156, 157], [177, 180], [674, 677]], "missing_branches": [[121, 122], [121, 136], [122, 123], [122, 129], [136, 140], [156, 161], [177, 178], [185, 186], [185, 192], [229, 230], [229, 232], [301, 302], [301, 305], [309, 310], [309, 313], [315, 316], [315, 331], [319, 320], [319, 328], [350, 351], [350, 353], [356, 357], [356, 368], [360, 361], [360, 363], [363, 364], [363, 399], [365, 366], [365, 399], [368, 370], [368, 386], [373, 374], [373, 378], [375, 376], [375, 399], [378, 379], [378, 399], [381, 382], [381, 383], [383, 384], [383, 399], [386, 387], [386, 399], [390, 391], [390, 393], [393, 394], [393, 399], [395, 396], [395, 399], [399, 400], [399, 402], [413, 414], [413, 415], [467, 468], [467, 470], [470, 471], [470, 475], [475, 476], [475, 479], [479, 480], [479, 482], [504, 506], [504, 518], [506, 507], [506, 512], [507, 508], [507, 525], [510, 507], [510, 511], [512, 513], [512, 525], [513, 514], [513, 525], [515, 513], [515, 516], [518, 519], [518, 525], [519, 520], [519, 525], [526, -485], [526, 528], [532, 526], [532, 533], [537, 526], [537, 538], [559, -545], [559, 561], [563, 559], [563, 565], [567, 559], [567, 568], [571, 559], [571, 572], [573, 574], [573, 575], [575, 576], [575, 577], [577, 559], [577, 578], [608, -581], [608, 609], [640, 641], [640, 649], [641, 643], [641, 646], [649, 650], [649, 653], [674, 675]], "functions": {"_auto_configure_mpl": {"executed_lines": [39, 42, 45, 46, 47, 48, 50, 51, 53, 54, 56, 57, 59, 62, 63, 64, 65, 66, 67, 68, 69, 70, 73, 106], "summary": {"covered_lines": 24, "num_statements": 24, "percent_covered": 100.0, "percent_covered_display": "100.00", "missing_lines": 0, "excluded_lines": 0, "num_branches": 0, "num_partial_branches": 0, "covered_branches": 0, "missing_branches": 0}, "missing_lines": [], "excluded_lines": [], "executed_branches": [], "missing_branches": []}, "subplots": {"executed_lines": [177, 180], "summary": {"covered_lines": 2, "num_statements": 4, "percent_covered": 50.0, "percent_covered_display": "50.00", "missing_lines": 2, "excluded_lines": 0, "num_branches": 2, "num_partial_branches": 1, "covered_branches": 1, "missing_branches": 1}, "missing_lines": [178, 179], "excluded_lines": [], "executed_branches": [[177, 180]], "missing_branches": [[177, 178]]}, "figure": {"executed_lines": [], "summary": {"covered_lines": 0, "num_statements": 6, "percent_covered": 0.0, "percent_covered_display": "0.00", "missing_lines": 6, "excluded_lines": 0, "num_branches": 2, "num_partial_branches": 0, "covered_branches": 0, "missing_branches": 2}, "missing_lines": [185, 186, 187, 188, 191, 192], "excluded_lines": [], "executed_branches": [], "missing_branches": [[185, 186], [185, 192]]}, "figure._figure_func": {"executed_lines": [], "summary": {"covered_lines": 0, "num_statements": 2, "percent_covered": 0.0, "percent_covered_display": "0.00", "missing_lines": 2, "excluded_lines": 0, "num_branches": 0, "num_partial_branches": 0, "covered_branches": 0, "missing_branches": 0}, "missing_lines": [189, 190], "excluded_lines": [], "executed_branches": [], "missing_branches": []}, "crop": {"executed_lines": [], "summary": {"covered_lines": 0, "num_statements": 4, "percent_covered": 0.0, "percent_covered_display": "0.00", "missing_lines": 4, "excluded_lines": 0, "num_branches": 2, "num_partial_branches": 0, "covered_branches": 0, "missing_branches": 2}, "missing_lines": [229, 230, 231, 232], "excluded_lines": [], "executed_branches": [], "missing_branches": [[229, 230], [229, 232]]}, "load": {"executed_lines": [], "summary": {"covered_lines": 0, "num_statements": 22, "percent_covered": 0.0, "percent_covered_display": "0.00", "missing_lines": 22, "excluded_lines": 2, "num_branches": 8, "num_partial_branches": 0, "covered_branches": 0, "missing_branches": 8}, "missing_lines": [291, 292, 293, 294, 296, 299, 301, 302, 305, 308, 309, 310, 313, 314, 315, 316, 319, 320, 321, 328, 331, 333], "excluded_lines": [235, 322], "executed_branches": [], "missing_branches": [[301, 302], [301, 305], [309, 310], [309, 313], [315, 316], [315, 331], [319, 320], [319, 328]]}, "_resolve_figure_paths": {"executed_lines": [], "summary": {"covered_lines": 0, "num_statements": 44, "percent_covered": 0.0, "percent_covered_display": "0.00", "missing_lines": 44, "excluded_lines": 0, "num_branches": 32, "num_partial_branches": 0, "covered_branches": 0, "missing_branches": 32}, "missing_lines": [342, 344, 345, 346, 347, 350, 351, 353, 354, 356, 357, 359, 360, 361, 363, 364, 365, 366, 368, 370, 371, 373, 374, 375, 376, 378, 379, 380, 381, 382, 383, 384, 386, 387, 389, 390, 391, 393, 394, 395, 396, 399, 400, 402], "excluded_lines": [], "executed_branches": [], "missing_branches": [[350, 351], [350, 353], [356, 357], [356, 368], [360, 361], [360, 363], [363, 364], [363, 399], [365, 366], [365, 399], [368, 370], [368, 386], [373, 374], [373, 378], [375, 376], [375, 399], [378, 379], [378, 399], [381, 382], [381, 383], [383, 384], [383, 399], [386, 387], [386, 399], [390, 391], [390, 393], [393, 394], [393, 399], [395, 396], [395, 399], [399, 400], [399, 402]]}, "_compute_file_hash": {"executed_lines": [], "summary": {"covered_lines": 0, "num_statements": 8, "percent_covered": 0.0, "percent_covered_display": "0.00", "missing_lines": 8, "excluded_lines": 0, "num_branches": 2, "num_partial_branches": 0, "covered_branches": 0, "missing_branches": 2}, "missing_lines": [407, 408, 410, 411, 412, 413, 414, 415], "excluded_lines": [], "executed_branches": [], "missing_branches": [[413, 414], [413, 415]]}, "_reconstruct_figure": {"executed_lines": [], "summary": {"covered_lines": 0, "num_statements": 26, "percent_covered": 0.0, "percent_covered_display": "0.00", "missing_lines": 26, "excluded_lines": 0, "num_branches": 8, "num_partial_branches": 0, "covered_branches": 0, "missing_branches": 8}, "missing_lines": [436, 439, 440, 441, 444, 445, 448, 455, 458, 459, 460, 462, 463, 464, 465, 467, 468, 469, 470, 471, 472, 475, 476, 479, 480, 482], "excluded_lines": [], "executed_branches": [], "missing_branches": [[467, 468], [467, 470], [470, 471], [470, 475], [475, 476], [475, 479], [479, 480], [479, 482]]}, "_reconstruct_plots_from_csv": {"executed_lines": [], "summary": {"covered_lines": 0, "num_statements": 34, "percent_covered": 0.0, "percent_covered_display": "0.00", "missing_lines": 34, "excluded_lines": 0, "num_branches": 24, "num_partial_branches": 0, "covered_branches": 0, "missing_branches": 24}, "missing_lines": [491, 492, 495, 498, 501, 502, 504, 506, 507, 508, 509, 510, 511, 512, 513, 514, 515, 516, 518, 519, 520, 521, 522, 525, 526, 528, 529, 530, 532, 533, 534, 535, 537, 538], "excluded_lines": [], "executed_branches": [], "missing_branches": [[504, 506], [504, 518], [506, 507], [506, 512], [507, 508], [507, 525], [510, 507], [510, 511], [512, 513], [512, 525], [513, 514], [513, 525], [515, 513], [515, 516], [518, 519], [518, 525], [519, 520], [519, 525], [526, -485], [526, 528], [532, 526], [532, 533], [537, 526], [537, 538]]}, "_apply_manual_overrides": {"executed_lines": [], "summary": {"covered_lines": 0, "num_statements": 16, "percent_covered": 0.0, "percent_covered_display": "0.00", "missing_lines": 16, "excluded_lines": 0, "num_branches": 14, "num_partial_branches": 0, "covered_branches": 0, "missing_branches": 14}, "missing_lines": [559, 561, 563, 565, 566, 567, 568, 569, 571, 572, 573, 574, 575, 576, 577, 578], "excluded_lines": [], "executed_branches": [], "missing_branches": [[559, -545], [559, 561], [563, 559], [563, 565], [567, 559], [567, 568], [571, 559], [571, 572], [573, 574], [573, 575], [575, 576], [575, 577], [577, 559], [577, 578]]}, "tight_layout": {"executed_lines": [], "summary": {"covered_lines": 0, "num_statements": 9, "percent_covered": 0.0, "percent_covered_display": "0.00", "missing_lines": 9, "excluded_lines": 1, "num_branches": 2, "num_partial_branches": 0, "covered_branches": 0, "missing_branches": 2}, "missing_lines": [597, 598, 600, 601, 602, 603, 604, 608, 609], "excluded_lines": [582], "executed_branches": [], "missing_branches": [[608, -581], [608, 609]]}, "colorbar": {"executed_lines": [], "summary": {"covered_lines": 0, "num_statements": 8, "percent_covered": 0.0, "percent_covered_display": "0.00", "missing_lines": 8, "excluded_lines": 1, "num_branches": 6, "num_partial_branches": 0, "covered_branches": 0, "missing_branches": 6}, "missing_lines": [637, 640, 641, 643, 646, 649, 650, 653], "excluded_lines": [613], "executed_branches": [], "missing_branches": [[640, 641], [640, 649], [641, 643], [641, 646], [649, 650], [649, 653]]}, "__getattr__": {"executed_lines": [672, 673, 674, 677, 678], "summary": {"covered_lines": 4, "num_statements": 5, "percent_covered": 71.42857142857143, "percent_covered_display": "71.43", "missing_lines": 1, "excluded_lines": 2, "num_branches": 2, "num_partial_branches": 1, "covered_branches": 1, "missing_branches": 1}, "missing_lines": [675], "excluded_lines": [678, 679], "executed_branches": [[674, 677]], "missing_branches": [[674, 675]]}, "__dir__": {"executed_lines": [], "summary": {"covered_lines": 0, "num_statements": 6, "percent_covered": 0.0, "percent_covered_display": "0.00", "missing_lines": 6, "excluded_lines": 2, "num_branches": 0, "num_partial_branches": 0, "covered_branches": 0, "missing_branches": 0}, "missing_lines": [686, 689, 690, 691, 692, 696], "excluded_lines": [693, 694], "executed_branches": [], "missing_branches": []}, "": {"executed_lines": [6, 7, 8, 10, 29, 30, 31, 37, 110, 111, 112, 113, 136, 137, 138, 147, 150, 151, 152, 156, 157, 161, 162, 163, 164, 165, 166, 167, 170, 171, 172, 174, 182, 194, 234, 336, 405, 418, 485, 545, 581, 612, 655, 667, 681], "summary": {"covered_lines": 45, "num_statements": 61, "percent_covered": 68.1159420289855, "percent_covered_display": "68.12", "missing_lines": 16, "excluded_lines": 3, "num_branches": 8, "num_partial_branches": 2, "covered_branches": 2, "missing_branches": 6}, "missing_lines": [114, 116, 121, 122, 123, 124, 125, 129, 130, 131, 132, 140, 141, 143, 144, 158], "excluded_lines": [126, 133, 159], "executed_branches": [[136, 137], [156, 157]], "missing_branches": [[121, 122], [121, 136], [122, 123], [122, 129], [136, 140], [156, 161]]}}, "classes": {"": {"executed_lines": [6, 7, 8, 10, 29, 30, 31, 37, 39, 42, 45, 46, 47, 48, 50, 51, 53, 54, 56, 57, 59, 62, 63, 64, 65, 66, 67, 68, 69, 70, 73, 106, 110, 111, 112, 113, 136, 137, 138, 147, 150, 151, 152, 156, 157, 161, 162, 163, 164, 165, 166, 167, 170, 171, 172, 174, 177, 180, 182, 194, 234, 336, 405, 418, 485, 545, 581, 612, 655, 667, 672, 673, 674, 677, 678, 681], "summary": {"covered_lines": 75, "num_statements": 279, "percent_covered": 20.20460358056266, "percent_covered_display": "20.20", "missing_lines": 204, "excluded_lines": 11, "num_branches": 112, "num_partial_branches": 4, "covered_branches": 4, "missing_branches": 108}, "missing_lines": [114, 116, 121, 122, 123, 124, 125, 129, 130, 131, 132, 140, 141, 143, 144, 158, 178, 179, 185, 186, 187, 188, 189, 190, 191, 192, 229, 230, 231, 232, 291, 292, 293, 294, 296, 299, 301, 302, 305, 308, 309, 310, 313, 314, 315, 316, 319, 320, 321, 328, 331, 333, 342, 344, 345, 346, 347, 350, 351, 353, 354, 356, 357, 359, 360, 361, 363, 364, 365, 366, 368, 370, 371, 373, 374, 375, 376, 378, 379, 380, 381, 382, 383, 384, 386, 387, 389, 390, 391, 393, 394, 395, 396, 399, 400, 402, 407, 408, 410, 411, 412, 413, 414, 415, 436, 439, 440, 441, 444, 445, 448, 455, 458, 459, 460, 462, 463, 464, 465, 467, 468, 469, 470, 471, 472, 475, 476, 479, 480, 482, 491, 492, 495, 498, 501, 502, 504, 506, 507, 508, 509, 510, 511, 512, 513, 514, 515, 516, 518, 519, 520, 521, 522, 525, 526, 528, 529, 530, 532, 533, 534, 535, 537, 538, 559, 561, 563, 565, 566, 567, 568, 569, 571, 572, 573, 574, 575, 576, 577, 578, 597, 598, 600, 601, 602, 603, 604, 608, 609, 637, 640, 641, 643, 646, 649, 650, 653, 675, 686, 689, 690, 691, 692, 696], "excluded_lines": [126, 133, 159, 235, 322, 582, 613, 678, 679, 693, 694], "executed_branches": [[136, 137], [156, 157], [177, 180], [674, 677]], "missing_branches": [[121, 122], [121, 136], [122, 123], [122, 129], [136, 140], [156, 161], [177, 178], [185, 186], [185, 192], [229, 230], [229, 232], [301, 302], [301, 305], [309, 310], [309, 313], [315, 316], [315, 331], [319, 320], [319, 328], [350, 351], [350, 353], [356, 357], [356, 368], [360, 361], [360, 363], [363, 364], [363, 399], [365, 366], [365, 399], [368, 370], [368, 386], [373, 374], [373, 378], [375, 376], [375, 399], [378, 379], [378, 399], [381, 382], [381, 383], [383, 384], [383, 399], [386, 387], [386, 399], [390, 391], [390, 393], [393, 394], [393, 399], [395, 396], [395, 399], [399, 400], [399, 402], [413, 414], [413, 415], [467, 468], [467, 470], [470, 471], [470, 475], [475, 476], [475, 479], [479, 480], [479, 482], [504, 506], [504, 518], [506, 507], [506, 512], [507, 508], [507, 525], [510, 507], [510, 511], [512, 513], [512, 525], [513, 514], [513, 525], [515, 513], [515, 516], [518, 519], [518, 525], [519, 520], [519, 525], [526, -485], [526, 528], [532, 526], [532, 533], [537, 526], [537, 538], [559, -545], [559, 561], [563, 559], [563, 565], [567, 559], [567, 568], [571, 559], [571, 572], [573, 574], [573, 575], [575, 576], [575, 577], [577, 559], [577, 578], [608, -581], [608, 609], [640, 641], [640, 649], [641, 643], [641, 646], [649, 650], [649, 653], [674, 675]]}}}, "src/scitex/plt/_subplots/_AxesWrapper.py": {"executed_lines": [], "summary": {"covered_lines": 0, "num_statements": 75, "percent_covered": 0.0, "percent_covered_display": "0.00", "missing_lines": 75, "excluded_lines": 1, "num_branches": 16, "num_partial_branches": 0, "covered_branches": 0, "missing_branches": 16}, "missing_lines": [6, 7, 8, 11, 13, 14, 17, 18, 19, 20, 22, 24, 26, 28, 29, 32, 34, 35, 36, 38, 40, 43, 44, 45, 46, 47, 48, 50, 52, 53, 54, 59, 61, 62, 64, 65, 67, 75, 76, 77, 78, 79, 81, 83, 85, 86, 88, 89, 91, 113, 124, 125, 126, 127, 128, 130, 132, 134, 135, 136, 138, 139, 140, 142, 143, 152, 154, 171, 173, 174, 175, 176, 177, 178, 179], "excluded_lines": [116], "executed_branches": [], "missing_branches": [[32, 34], [32, 38], [34, 35], [34, 38], [45, 46], [45, 50], [50, 52], [50, 61], [61, 62], [61, 64], [77, 78], [77, 79], [126, 127], [126, 128], [175, 176], [175, 179]], "functions": {"AxesWrapper.__init__": {"executed_lines": [], "summary": {"covered_lines": 0, "num_statements": 2, "percent_covered": 0.0, "percent_covered_display": "0.00", "missing_lines": 2, "excluded_lines": 0, "num_branches": 0, "num_partial_branches": 0, "covered_branches": 0, "missing_branches": 0}, "missing_lines": [19, 20], "excluded_lines": [], "executed_branches": [], "missing_branches": []}, "AxesWrapper.get_figure": {"executed_lines": [], "summary": {"covered_lines": 0, "num_statements": 1, "percent_covered": 0.0, "percent_covered_display": "0.00", "missing_lines": 1, "excluded_lines": 0, "num_branches": 0, "num_partial_branches": 0, "covered_branches": 0, "missing_branches": 0}, "missing_lines": [24], "excluded_lines": [], "executed_branches": [], "missing_branches": []}, "AxesWrapper.__dir__": {"executed_lines": [], "summary": {"covered_lines": 0, "num_statements": 7, "percent_covered": 0.0, "percent_covered_display": "0.00", "missing_lines": 7, "excluded_lines": 0, "num_branches": 4, "num_partial_branches": 0, "covered_branches": 0, "missing_branches": 4}, "missing_lines": [28, 29, 32, 34, 35, 36, 38], "excluded_lines": [], "executed_branches": [], "missing_branches": [[32, 34], [32, 38], [34, 35], [34, 38]]}, "AxesWrapper.__getattr__": {"executed_lines": [], "summary": {"covered_lines": 0, "num_statements": 14, "percent_covered": 0.0, "percent_covered_display": "0.00", "missing_lines": 14, "excluded_lines": 0, "num_branches": 6, "num_partial_branches": 0, "covered_branches": 0, "missing_branches": 6}, "missing_lines": [43, 44, 45, 46, 47, 48, 50, 52, 53, 59, 61, 62, 64, 67], "excluded_lines": [], "executed_branches": [], "missing_branches": [[45, 46], [45, 50], [50, 52], [50, 61], [61, 62], [61, 64]]}, "AxesWrapper.__getattr__.wrapper": {"executed_lines": [], "summary": {"covered_lines": 0, "num_statements": 1, "percent_covered": 0.0, "percent_covered_display": "0.00", "missing_lines": 1, "excluded_lines": 0, "num_branches": 0, "num_partial_branches": 0, "covered_branches": 0, "missing_branches": 0}, "missing_lines": [54], "excluded_lines": [], "executed_branches": [], "missing_branches": []}, "AxesWrapper.__getattr__.dummy": {"executed_lines": [], "summary": {"covered_lines": 0, "num_statements": 1, "percent_covered": 0.0, "percent_covered_display": "0.00", "missing_lines": 1, "excluded_lines": 0, "num_branches": 0, "num_partial_branches": 0, "covered_branches": 0, "missing_branches": 0}, "missing_lines": [65], "excluded_lines": [], "executed_branches": [], "missing_branches": []}, "AxesWrapper.__getitem__": {"executed_lines": [], "summary": {"covered_lines": 0, "num_statements": 4, "percent_covered": 0.0, "percent_covered_display": "0.00", "missing_lines": 4, "excluded_lines": 0, "num_branches": 2, "num_partial_branches": 0, "covered_branches": 0, "missing_branches": 2}, "missing_lines": [76, 77, 78, 79], "excluded_lines": [], "executed_branches": [], "missing_branches": [[77, 78], [77, 79]]}, "AxesWrapper.__setitem__": {"executed_lines": [], "summary": {"covered_lines": 0, "num_statements": 1, "percent_covered": 0.0, "percent_covered_display": "0.00", "missing_lines": 1, "excluded_lines": 0, "num_branches": 0, "num_partial_branches": 0, "covered_branches": 0, "missing_branches": 0}, "missing_lines": [83], "excluded_lines": [], "executed_branches": [], "missing_branches": []}, "AxesWrapper.__iter__": {"executed_lines": [], "summary": {"covered_lines": 0, "num_statements": 1, "percent_covered": 0.0, "percent_covered_display": "0.00", "missing_lines": 1, "excluded_lines": 0, "num_branches": 0, "num_partial_branches": 0, "covered_branches": 0, "missing_branches": 0}, "missing_lines": [86], "excluded_lines": [], "executed_branches": [], "missing_branches": []}, "AxesWrapper.__len__": {"executed_lines": [], "summary": {"covered_lines": 0, "num_statements": 1, "percent_covered": 0.0, "percent_covered_display": "0.00", "missing_lines": 1, "excluded_lines": 0, "num_branches": 0, "num_partial_branches": 0, "covered_branches": 0, "missing_branches": 0}, "missing_lines": [89], "excluded_lines": [], "executed_branches": [], "missing_branches": []}, "AxesWrapper.__array__": {"executed_lines": [], "summary": {"covered_lines": 0, "num_statements": 6, "percent_covered": 0.0, "percent_covered_display": "0.00", "missing_lines": 6, "excluded_lines": 1, "num_branches": 2, "num_partial_branches": 0, "covered_branches": 0, "missing_branches": 2}, "missing_lines": [113, 124, 125, 126, 127, 128], "excluded_lines": [116], "executed_branches": [], "missing_branches": [[126, 127], [126, 128]]}, "AxesWrapper.legend": {"executed_lines": [], "summary": {"covered_lines": 0, "num_statements": 1, "percent_covered": 0.0, "percent_covered_display": "0.00", "missing_lines": 1, "excluded_lines": 0, "num_branches": 0, "num_partial_branches": 0, "covered_branches": 0, "missing_branches": 0}, "missing_lines": [132], "excluded_lines": [], "executed_branches": [], "missing_branches": []}, "AxesWrapper.history": {"executed_lines": [], "summary": {"covered_lines": 0, "num_statements": 1, "percent_covered": 0.0, "percent_covered_display": "0.00", "missing_lines": 1, "excluded_lines": 0, "num_branches": 0, "num_partial_branches": 0, "covered_branches": 0, "missing_branches": 0}, "missing_lines": [136], "excluded_lines": [], "executed_branches": [], "missing_branches": []}, "AxesWrapper.shape": {"executed_lines": [], "summary": {"covered_lines": 0, "num_statements": 1, "percent_covered": 0.0, "percent_covered_display": "0.00", "missing_lines": 1, "excluded_lines": 0, "num_branches": 0, "num_partial_branches": 0, "covered_branches": 0, "missing_branches": 0}, "missing_lines": [140], "excluded_lines": [], "executed_branches": [], "missing_branches": []}, "AxesWrapper.flat": {"executed_lines": [], "summary": {"covered_lines": 0, "num_statements": 1, "percent_covered": 0.0, "percent_covered_display": "0.00", "missing_lines": 1, "excluded_lines": 0, "num_branches": 0, "num_partial_branches": 0, "covered_branches": 0, "missing_branches": 0}, "missing_lines": [152], "excluded_lines": [], "executed_branches": [], "missing_branches": []}, "AxesWrapper.flatten": {"executed_lines": [], "summary": {"covered_lines": 0, "num_statements": 1, "percent_covered": 0.0, "percent_covered_display": "0.00", "missing_lines": 1, "excluded_lines": 0, "num_branches": 0, "num_partial_branches": 0, "covered_branches": 0, "missing_branches": 0}, "missing_lines": [171], "excluded_lines": [], "executed_branches": [], "missing_branches": []}, "AxesWrapper.export_as_csv": {"executed_lines": [], "summary": {"covered_lines": 0, "num_statements": 6, "percent_covered": 0.0, "percent_covered_display": "0.00", "missing_lines": 6, "excluded_lines": 0, "num_branches": 2, "num_partial_branches": 0, "covered_branches": 0, "missing_branches": 2}, "missing_lines": [174, 175, 176, 177, 178, 179], "excluded_lines": [], "executed_branches": [], "missing_branches": [[175, 176], [175, 179]]}, "": {"executed_lines": [], "summary": {"covered_lines": 0, "num_statements": 25, "percent_covered": 0.0, "percent_covered_display": "0.00", "missing_lines": 25, "excluded_lines": 0, "num_branches": 0, "num_partial_branches": 0, "covered_branches": 0, "missing_branches": 0}, "missing_lines": [6, 7, 8, 11, 13, 14, 17, 18, 22, 26, 40, 75, 81, 85, 88, 91, 130, 134, 135, 138, 139, 142, 143, 154, 173], "excluded_lines": [], "executed_branches": [], "missing_branches": []}}, "classes": {"AxesWrapper": {"executed_lines": [], "summary": {"covered_lines": 0, "num_statements": 50, "percent_covered": 0.0, "percent_covered_display": "0.00", "missing_lines": 50, "excluded_lines": 1, "num_branches": 16, "num_partial_branches": 0, "covered_branches": 0, "missing_branches": 16}, "missing_lines": [19, 20, 24, 28, 29, 32, 34, 35, 36, 38, 43, 44, 45, 46, 47, 48, 50, 52, 53, 54, 59, 61, 62, 64, 65, 67, 76, 77, 78, 79, 83, 86, 89, 113, 124, 125, 126, 127, 128, 132, 136, 140, 152, 171, 174, 175, 176, 177, 178, 179], "excluded_lines": [116], "executed_branches": [], "missing_branches": [[32, 34], [32, 38], [34, 35], [34, 38], [45, 46], [45, 50], [50, 52], [50, 61], [61, 62], [61, 64], [77, 78], [77, 79], [126, 127], [126, 128], [175, 176], [175, 179]]}, "": {"executed_lines": [], "summary": {"covered_lines": 0, "num_statements": 25, "percent_covered": 0.0, "percent_covered_display": "0.00", "missing_lines": 25, "excluded_lines": 0, "num_branches": 0, "num_partial_branches": 0, "covered_branches": 0, "missing_branches": 0}, "missing_lines": [6, 7, 8, 11, 13, 14, 17, 18, 22, 26, 40, 75, 81, 85, 88, 91, 130, 134, 135, 138, 139, 142, 143, 154, 173], "excluded_lines": [], "executed_branches": [], "missing_branches": []}}}, "src/scitex/plt/_subplots/_AxisWrapper.py": {"executed_lines": [], "summary": {"covered_lines": 0, "num_statements": 108, "percent_covered": 0.0, "percent_covered_display": "0.00", "missing_lines": 108, "excluded_lines": 5, "num_branches": 30, "num_partial_branches": 0, "covered_branches": 0, "missing_branches": 30}, "missing_lines": [6, 8, 9, 12, 13, 15, 17, 24, 27, 28, 36, 41, 46, 50, 51, 52, 53, 54, 55, 58, 60, 62, 64, 66, 68, 69, 70, 71, 72, 74, 76, 78, 79, 80, 81, 82, 84, 92, 93, 95, 97, 98, 99, 100, 104, 105, 107, 109, 113, 114, 115, 118, 122, 123, 125, 126, 127, 129, 130, 131, 132, 136, 137, 138, 142, 145, 149, 155, 173, 176, 178, 179, 182, 188, 191, 194, 196, 199, 202, 203, 211, 213, 214, 216, 218, 222, 223, 224, 225, 228, 233, 235, 238, 239, 242, 245, 247, 249, 250, 253, 254, 256, 258, 263, 265, 267, 281, 284], "excluded_lines": [133, 139, 183, 190, 204], "executed_branches": [], "missing_branches": [[92, 93], [92, 202], [95, 97], [95, 199], [114, 115], [114, 118], [122, 123], [122, 142], [123, 125], [123, 127], [125, 126], [125, 142], [127, 129], [127, 136], [130, 131], [130, 142], [173, 176], [173, 191], [202, 203], [202, 228], [211, 213], [211, 222], [238, 239], [238, 242], [247, 249], [247, 253], [249, 250], [249, 253], [253, 254], [253, 263]], "functions": {"AxisWrapper.__init__": {"executed_lines": [], "summary": {"covered_lines": 0, "num_statements": 10, "percent_covered": 0.0, "percent_covered_display": "0.00", "missing_lines": 10, "excluded_lines": 0, "num_branches": 0, "num_partial_branches": 0, "covered_branches": 0, "missing_branches": 0}, "missing_lines": [36, 41, 46, 50, 51, 52, 53, 54, 55, 58], "excluded_lines": [], "executed_branches": [], "missing_branches": []}, "AxisWrapper.get_figure": {"executed_lines": [], "summary": {"covered_lines": 0, "num_statements": 1, "percent_covered": 0.0, "percent_covered_display": "0.00", "missing_lines": 1, "excluded_lines": 0, "num_branches": 0, "num_partial_branches": 0, "covered_branches": 0, "missing_branches": 0}, "missing_lines": [62], "excluded_lines": [], "executed_branches": [], "missing_branches": []}, "AxisWrapper.twinx": {"executed_lines": [], "summary": {"covered_lines": 0, "num_statements": 5, "percent_covered": 0.0, "percent_covered_display": "0.00", "missing_lines": 5, "excluded_lines": 0, "num_branches": 0, "num_partial_branches": 0, "covered_branches": 0, "missing_branches": 0}, "missing_lines": [66, 68, 69, 71, 72], "excluded_lines": [], "executed_branches": [], "missing_branches": []}, "AxisWrapper.twinx.MockFigWrapper.__init__": {"executed_lines": [], "summary": {"covered_lines": 0, "num_statements": 1, "percent_covered": 0.0, "percent_covered_display": "0.00", "missing_lines": 1, "excluded_lines": 0, "num_branches": 0, "num_partial_branches": 0, "covered_branches": 0, "missing_branches": 0}, "missing_lines": [70], "excluded_lines": [], "executed_branches": [], "missing_branches": []}, "AxisWrapper.twiny": {"executed_lines": [], "summary": {"covered_lines": 0, "num_statements": 5, "percent_covered": 0.0, "percent_covered_display": "0.00", "missing_lines": 5, "excluded_lines": 0, "num_branches": 0, "num_partial_branches": 0, "covered_branches": 0, "missing_branches": 0}, "missing_lines": [76, 78, 79, 81, 82], "excluded_lines": [], "executed_branches": [], "missing_branches": []}, "AxisWrapper.twiny.MockFigWrapper.__init__": {"executed_lines": [], "summary": {"covered_lines": 0, "num_statements": 1, "percent_covered": 0.0, "percent_covered_display": "0.00", "missing_lines": 1, "excluded_lines": 0, "num_branches": 0, "num_partial_branches": 0, "covered_branches": 0, "missing_branches": 0}, "missing_lines": [80], "excluded_lines": [], "executed_branches": [], "missing_branches": []}, "AxisWrapper.__getattr__": {"executed_lines": [], "summary": {"covered_lines": 0, "num_statements": 18, "percent_covered": 0.0, "percent_covered_display": "0.00", "missing_lines": 18, "excluded_lines": 1, "num_branches": 8, "num_partial_branches": 0, "covered_branches": 0, "missing_branches": 8}, "missing_lines": [92, 93, 95, 97, 98, 196, 199, 202, 203, 211, 213, 214, 218, 222, 223, 224, 225, 228], "excluded_lines": [204], "executed_branches": [], "missing_branches": [[92, 93], [92, 202], [95, 97], [95, 199], [202, 203], [202, 228], [211, 213], [211, 222]]}, "AxisWrapper.__getattr__.wrapper": {"executed_lines": [], "summary": {"covered_lines": 0, "num_statements": 34, "percent_covered": 0.0, "percent_covered_display": "0.00", "missing_lines": 34, "excluded_lines": 4, "num_branches": 14, "num_partial_branches": 0, "covered_branches": 0, "missing_branches": 14}, "missing_lines": [99, 100, 104, 105, 107, 109, 113, 114, 115, 118, 122, 123, 125, 126, 127, 129, 130, 131, 132, 136, 137, 138, 142, 145, 149, 155, 173, 176, 178, 179, 182, 188, 191, 194], "excluded_lines": [133, 139, 183, 190], "executed_branches": [], "missing_branches": [[114, 115], [114, 118], [122, 123], [122, 142], [123, 125], [123, 127], [125, 126], [125, 142], [127, 129], [127, 136], [130, 131], [130, 142], [173, 176], [173, 191]]}, "AxisWrapper.__getattr__.fallback_method": {"executed_lines": [], "summary": {"covered_lines": 0, "num_statements": 1, "percent_covered": 0.0, "percent_covered_display": "0.00", "missing_lines": 1, "excluded_lines": 0, "num_branches": 0, "num_partial_branches": 0, "covered_branches": 0, "missing_branches": 0}, "missing_lines": [216], "excluded_lines": [], "executed_branches": [], "missing_branches": []}, "AxisWrapper.__dir__": {"executed_lines": [], "summary": {"covered_lines": 0, "num_statements": 14, "percent_covered": 0.0, "percent_covered_display": "0.00", "missing_lines": 14, "excluded_lines": 0, "num_branches": 8, "num_partial_branches": 0, "covered_branches": 0, "missing_branches": 8}, "missing_lines": [235, 238, 239, 242, 245, 247, 249, 250, 253, 254, 256, 258, 263, 265], "excluded_lines": [], "executed_branches": [], "missing_branches": [[238, 239], [238, 242], [247, 249], [247, 253], [249, 250], [249, 253], [253, 254], [253, 263]]}, "AxisWrapper.flatten": {"executed_lines": [], "summary": {"covered_lines": 0, "num_statements": 1, "percent_covered": 0.0, "percent_covered_display": "0.00", "missing_lines": 1, "excluded_lines": 0, "num_branches": 0, "num_partial_branches": 0, "covered_branches": 0, "missing_branches": 0}, "missing_lines": [281], "excluded_lines": [], "executed_branches": [], "missing_branches": []}, "": {"executed_lines": [], "summary": {"covered_lines": 0, "num_statements": 17, "percent_covered": 0.0, "percent_covered_display": "0.00", "missing_lines": 17, "excluded_lines": 0, "num_branches": 0, "num_partial_branches": 0, "covered_branches": 0, "missing_branches": 0}, "missing_lines": [6, 8, 9, 12, 13, 15, 17, 24, 27, 28, 60, 64, 74, 84, 233, 267, 284], "excluded_lines": [], "executed_branches": [], "missing_branches": []}}, "classes": {"AxisWrapper": {"executed_lines": [], "summary": {"covered_lines": 0, "num_statements": 89, "percent_covered": 0.0, "percent_covered_display": "0.00", "missing_lines": 89, "excluded_lines": 5, "num_branches": 30, "num_partial_branches": 0, "covered_branches": 0, "missing_branches": 30}, "missing_lines": [36, 41, 46, 50, 51, 52, 53, 54, 55, 58, 62, 66, 68, 69, 71, 72, 76, 78, 79, 81, 82, 92, 93, 95, 97, 98, 99, 100, 104, 105, 107, 109, 113, 114, 115, 118, 122, 123, 125, 126, 127, 129, 130, 131, 132, 136, 137, 138, 142, 145, 149, 155, 173, 176, 178, 179, 182, 188, 191, 194, 196, 199, 202, 203, 211, 213, 214, 216, 218, 222, 223, 224, 225, 228, 235, 238, 239, 242, 245, 247, 249, 250, 253, 254, 256, 258, 263, 265, 281], "excluded_lines": [133, 139, 183, 190, 204], "executed_branches": [], "missing_branches": [[92, 93], [92, 202], [95, 97], [95, 199], [114, 115], [114, 118], [122, 123], [122, 142], [123, 125], [123, 127], [125, 126], [125, 142], [127, 129], [127, 136], [130, 131], [130, 142], [173, 176], [173, 191], [202, 203], [202, 228], [211, 213], [211, 222], [238, 239], [238, 242], [247, 249], [247, 253], [249, 250], [249, 253], [253, 254], [253, 263]]}, "AxisWrapper.twinx.MockFigWrapper": {"executed_lines": [], "summary": {"covered_lines": 0, "num_statements": 1, "percent_covered": 0.0, "percent_covered_display": "0.00", "missing_lines": 1, "excluded_lines": 0, "num_branches": 0, "num_partial_branches": 0, "covered_branches": 0, "missing_branches": 0}, "missing_lines": [70], "excluded_lines": [], "executed_branches": [], "missing_branches": []}, "AxisWrapper.twiny.MockFigWrapper": {"executed_lines": [], "summary": {"covered_lines": 0, "num_statements": 1, "percent_covered": 0.0, "percent_covered_display": "0.00", "missing_lines": 1, "excluded_lines": 0, "num_branches": 0, "num_partial_branches": 0, "covered_branches": 0, "missing_branches": 0}, "missing_lines": [80], "excluded_lines": [], "executed_branches": [], "missing_branches": []}, "": {"executed_lines": [], "summary": {"covered_lines": 0, "num_statements": 17, "percent_covered": 0.0, "percent_covered_display": "0.00", "missing_lines": 17, "excluded_lines": 0, "num_branches": 0, "num_partial_branches": 0, "covered_branches": 0, "missing_branches": 0}, "missing_lines": [6, 8, 9, 12, 13, 15, 17, 24, 27, 28, 60, 64, 74, 84, 233, 267, 284], "excluded_lines": [], "executed_branches": [], "missing_branches": []}}}, "src/scitex/plt/_subplots/_AxisWrapperMixins/_AdjustmentMixin.py": {"executed_lines": [6, 7, 8, 11, 13, 16, 17, 19, 63, 223, 299, 314, 350, 365, 402, 446, 490, 505, 510, 529, 534], "summary": {"covered_lines": 20, "num_statements": 126, "percent_covered": 11.904761904761905, "percent_covered_display": "11.90", "missing_lines": 106, "excluded_lines": 8, "num_branches": 42, "num_partial_branches": 0, "covered_branches": 0, "missing_branches": 42}, "missing_lines": [56, 87, 90, 92, 99, 100, 101, 102, 104, 106, 108, 109, 111, 114, 115, 116, 119, 120, 121, 122, 123, 127, 130, 131, 132, 133, 134, 135, 136, 140, 141, 142, 143, 145, 146, 147, 148, 150, 151, 152, 153, 154, 158, 159, 161, 175, 176, 178, 181, 211, 212, 213, 215, 218, 219, 221, 231, 232, 234, 236, 237, 239, 242, 243, 246, 248, 249, 250, 251, 252, 253, 254, 257, 258, 259, 260, 261, 262, 263, 267, 268, 269, 272, 273, 274, 277, 280, 290, 292, 297, 306, 337, 347, 348, 357, 388, 398, 399, 400, 434, 478, 497, 506, 519, 530, 535], "excluded_lines": [64, 110, 137, 155, 255, 264, 281, 295], "executed_branches": [], "missing_branches": [[90, 92], [90, 104], [99, 100], [99, 102], [104, 106], [104, 181], [115, 116], [115, 119], [132, 133], [132, 140], [133, 132], [133, 134], [140, 141], [140, 158], [143, 145], [143, 158], [158, 159], [158, 161], [175, 176], [175, 178], [211, 212], [211, 215], [218, 219], [218, 221], [248, 249], [248, 257], [249, 248], [249, 250], [252, 248], [252, 253], [257, 258], [257, 267], [258, 257], [258, 259], [261, 257], [261, 262], [267, 268], [267, 297], [347, -314], [347, 348], [398, -365], [398, 399]], "functions": {"AdjustmentMixin.rotate_labels": {"executed_lines": [], "summary": {"covered_lines": 0, "num_statements": 1, "percent_covered": 0.0, "percent_covered_display": "0.00", "missing_lines": 1, "excluded_lines": 0, "num_branches": 0, "num_partial_branches": 0, "covered_branches": 0, "missing_branches": 0}, "missing_lines": [56], "excluded_lines": [], "executed_branches": [], "missing_branches": []}, "AdjustmentMixin.legend": {"executed_lines": [], "summary": {"covered_lines": 0, "num_statements": 55, "percent_covered": 0.0, "percent_covered_display": "0.00", "missing_lines": 55, "excluded_lines": 4, "num_branches": 24, "num_partial_branches": 0, "covered_branches": 0, "missing_branches": 24}, "missing_lines": [87, 90, 92, 99, 100, 101, 102, 104, 106, 108, 109, 111, 114, 115, 116, 119, 120, 121, 122, 123, 127, 130, 131, 132, 133, 134, 135, 136, 140, 141, 142, 143, 145, 146, 147, 148, 150, 151, 152, 153, 154, 158, 159, 161, 175, 176, 178, 181, 211, 212, 213, 215, 218, 219, 221], "excluded_lines": [64, 110, 137, 155], "executed_branches": [], "missing_branches": [[90, 92], [90, 104], [99, 100], [99, 102], [104, 106], [104, 181], [115, 116], [115, 119], [132, 133], [132, 140], [133, 132], [133, 134], [140, 141], [140, 158], [143, 145], [143, 158], [158, 159], [158, 161], [175, 176], [175, 178], [211, 212], [211, 215], [218, 219], [218, 221]]}, "AdjustmentMixin._check_legend_overlap": {"executed_lines": [], "summary": {"covered_lines": 0, "num_statements": 34, "percent_covered": 0.0, "percent_covered_display": "0.00", "missing_lines": 34, "excluded_lines": 4, "num_branches": 14, "num_partial_branches": 0, "covered_branches": 0, "missing_branches": 14}, "missing_lines": [231, 232, 234, 236, 237, 239, 242, 243, 246, 248, 249, 250, 251, 252, 253, 254, 257, 258, 259, 260, 261, 262, 263, 267, 268, 269, 272, 273, 274, 277, 280, 290, 292, 297], "excluded_lines": [255, 264, 281, 295], "executed_branches": [], "missing_branches": [[248, 249], [248, 257], [249, 248], [249, 250], [252, 248], [252, 253], [257, 258], [257, 267], [258, 257], [258, 259], [261, 257], [261, 262], [267, 268], [267, 297]]}, "AdjustmentMixin.set_xyt": {"executed_lines": [], "summary": {"covered_lines": 0, "num_statements": 1, "percent_covered": 0.0, "percent_covered_display": "0.00", "missing_lines": 1, "excluded_lines": 0, "num_branches": 0, "num_partial_branches": 0, "covered_branches": 0, "missing_branches": 0}, "missing_lines": [306], "excluded_lines": [], "executed_branches": [], "missing_branches": []}, "AdjustmentMixin.set_xytc": {"executed_lines": [], "summary": {"covered_lines": 0, "num_statements": 3, "percent_covered": 0.0, "percent_covered_display": "0.00", "missing_lines": 3, "excluded_lines": 0, "num_branches": 2, "num_partial_branches": 0, "covered_branches": 0, "missing_branches": 2}, "missing_lines": [337, 347, 348], "excluded_lines": [], "executed_branches": [], "missing_branches": [[347, -314], [347, 348]]}, "AdjustmentMixin.set_supxyt": {"executed_lines": [], "summary": {"covered_lines": 0, "num_statements": 1, "percent_covered": 0.0, "percent_covered_display": "0.00", "missing_lines": 1, "excluded_lines": 0, "num_branches": 0, "num_partial_branches": 0, "covered_branches": 0, "missing_branches": 0}, "missing_lines": [357], "excluded_lines": [], "executed_branches": [], "missing_branches": []}, "AdjustmentMixin.set_supxytc": {"executed_lines": [], "summary": {"covered_lines": 0, "num_statements": 4, "percent_covered": 0.0, "percent_covered_display": "0.00", "missing_lines": 4, "excluded_lines": 0, "num_branches": 2, "num_partial_branches": 0, "covered_branches": 0, "missing_branches": 2}, "missing_lines": [388, 398, 399, 400], "excluded_lines": [], "executed_branches": [], "missing_branches": [[398, -365], [398, 399]]}, "AdjustmentMixin.set_meta": {"executed_lines": [], "summary": {"covered_lines": 0, "num_statements": 1, "percent_covered": 0.0, "percent_covered_display": "0.00", "missing_lines": 1, "excluded_lines": 0, "num_branches": 0, "num_partial_branches": 0, "covered_branches": 0, "missing_branches": 0}, "missing_lines": [434], "excluded_lines": [], "executed_branches": [], "missing_branches": []}, "AdjustmentMixin.set_figure_meta": {"executed_lines": [], "summary": {"covered_lines": 0, "num_statements": 1, "percent_covered": 0.0, "percent_covered_display": "0.00", "missing_lines": 1, "excluded_lines": 0, "num_branches": 0, "num_partial_branches": 0, "covered_branches": 0, "missing_branches": 0}, "missing_lines": [478], "excluded_lines": [], "executed_branches": [], "missing_branches": []}, "AdjustmentMixin.set_ticks": {"executed_lines": [], "summary": {"covered_lines": 0, "num_statements": 1, "percent_covered": 0.0, "percent_covered_display": "0.00", "missing_lines": 1, "excluded_lines": 0, "num_branches": 0, "num_partial_branches": 0, "covered_branches": 0, "missing_branches": 0}, "missing_lines": [497], "excluded_lines": [], "executed_branches": [], "missing_branches": []}, "AdjustmentMixin.set_n_ticks": {"executed_lines": [], "summary": {"covered_lines": 0, "num_statements": 1, "percent_covered": 0.0, "percent_covered_display": "0.00", "missing_lines": 1, "excluded_lines": 0, "num_branches": 0, "num_partial_branches": 0, "covered_branches": 0, "missing_branches": 0}, "missing_lines": [506], "excluded_lines": [], "executed_branches": [], "missing_branches": []}, "AdjustmentMixin.hide_spines": {"executed_lines": [], "summary": {"covered_lines": 0, "num_statements": 1, "percent_covered": 0.0, "percent_covered_display": "0.00", "missing_lines": 1, "excluded_lines": 0, "num_branches": 0, "num_partial_branches": 0, "covered_branches": 0, "missing_branches": 0}, "missing_lines": [519], "excluded_lines": [], "executed_branches": [], "missing_branches": []}, "AdjustmentMixin.extend": {"executed_lines": [], "summary": {"covered_lines": 0, "num_statements": 1, "percent_covered": 0.0, "percent_covered_display": "0.00", "missing_lines": 1, "excluded_lines": 0, "num_branches": 0, "num_partial_branches": 0, "covered_branches": 0, "missing_branches": 0}, "missing_lines": [530], "excluded_lines": [], "executed_branches": [], "missing_branches": []}, "AdjustmentMixin.shift": {"executed_lines": [], "summary": {"covered_lines": 0, "num_statements": 1, "percent_covered": 0.0, "percent_covered_display": "0.00", "missing_lines": 1, "excluded_lines": 0, "num_branches": 0, "num_partial_branches": 0, "covered_branches": 0, "missing_branches": 0}, "missing_lines": [535], "excluded_lines": [], "executed_branches": [], "missing_branches": []}, "": {"executed_lines": [6, 7, 8, 11, 13, 16, 17, 19, 63, 223, 299, 314, 350, 365, 402, 446, 490, 505, 510, 529, 534], "summary": {"covered_lines": 20, "num_statements": 20, "percent_covered": 100.0, "percent_covered_display": "100.00", "missing_lines": 0, "excluded_lines": 0, "num_branches": 0, "num_partial_branches": 0, "covered_branches": 0, "missing_branches": 0}, "missing_lines": [], "excluded_lines": [], "executed_branches": [], "missing_branches": []}}, "classes": {"AdjustmentMixin": {"executed_lines": [], "summary": {"covered_lines": 0, "num_statements": 106, "percent_covered": 0.0, "percent_covered_display": "0.00", "missing_lines": 106, "excluded_lines": 8, "num_branches": 42, "num_partial_branches": 0, "covered_branches": 0, "missing_branches": 42}, "missing_lines": [56, 87, 90, 92, 99, 100, 101, 102, 104, 106, 108, 109, 111, 114, 115, 116, 119, 120, 121, 122, 123, 127, 130, 131, 132, 133, 134, 135, 136, 140, 141, 142, 143, 145, 146, 147, 148, 150, 151, 152, 153, 154, 158, 159, 161, 175, 176, 178, 181, 211, 212, 213, 215, 218, 219, 221, 231, 232, 234, 236, 237, 239, 242, 243, 246, 248, 249, 250, 251, 252, 253, 254, 257, 258, 259, 260, 261, 262, 263, 267, 268, 269, 272, 273, 274, 277, 280, 290, 292, 297, 306, 337, 347, 348, 357, 388, 398, 399, 400, 434, 478, 497, 506, 519, 530, 535], "excluded_lines": [64, 110, 137, 155, 255, 264, 281, 295], "executed_branches": [], "missing_branches": [[90, 92], [90, 104], [99, 100], [99, 102], [104, 106], [104, 181], [115, 116], [115, 119], [132, 133], [132, 140], [133, 132], [133, 134], [140, 141], [140, 158], [143, 145], [143, 158], [158, 159], [158, 161], [175, 176], [175, 178], [211, 212], [211, 215], [218, 219], [218, 221], [248, 249], [248, 257], [249, 248], [249, 250], [252, 248], [252, 253], [257, 258], [257, 267], [258, 257], [258, 259], [261, 257], [261, 262], [267, 268], [267, 297], [347, -314], [347, 348], [398, -365], [398, 399]]}, "": {"executed_lines": [6, 7, 8, 11, 13, 16, 17, 19, 63, 223, 299, 314, 350, 365, 402, 446, 490, 505, 510, 529, 534], "summary": {"covered_lines": 20, "num_statements": 20, "percent_covered": 100.0, "percent_covered_display": "100.00", "missing_lines": 0, "excluded_lines": 0, "num_branches": 0, "num_partial_branches": 0, "covered_branches": 0, "missing_branches": 0}, "missing_lines": [], "excluded_lines": [], "executed_branches": [], "missing_branches": []}}}, "src/scitex/plt/_subplots/_AxisWrapperMixins/_MatplotlibPlotMixin.py": {"executed_lines": [6, 8, 9, 12, 13, 15, 16, 17, 18, 20, 21, 22, 28, 29, 30, 33, 34, 36, 41, 52, 83, 161, 209, 238, 266, 313, 377, 406, 432, 458, 512, 561, 824, 852, 881, 910, 938, 981, 1020, 1055, 1094, 1142, 1178, 1212, 1245, 1263, 1282, 1299, 1316, 1338, 1360, 1381, 1404, 1429, 1468], "summary": {"covered_lines": 54, "num_statements": 414, "percent_covered": 10.931174089068826, "percent_covered_display": "10.93", "missing_lines": 360, "excluded_lines": 10, "num_branches": 80, "num_partial_branches": 0, "covered_branches": 0, "missing_branches": 80}, "missing_lines": [38, 39, 47, 48, 60, 63, 64, 67, 68, 69, 70, 79, 81, 93, 96, 97, 98, 101, 102, 103, 106, 109, 110, 113, 114, 117, 119, 120, 121, 124, 125, 128, 129, 132, 133, 140, 143, 148, 157, 159, 179, 182, 183, 199, 201, 204, 206, 220, 223, 224, 229, 230, 233, 235, 249, 252, 253, 258, 259, 262, 264, 275, 278, 281, 282, 283, 284, 285, 288, 289, 292, 293, 296, 297, 301, 305, 306, 309, 311, 343, 346, 347, 350, 351, 352, 357, 358, 362, 369, 372, 374, 388, 391, 392, 397, 398, 401, 403, 414, 417, 418, 423, 424, 427, 429, 440, 443, 444, 449, 450, 453, 455, 476, 479, 480, 496, 504, 507, 509, 529, 532, 533, 548, 553, 556, 558, 576, 579, 581, 584, 594, 605, 614, 617, 619, 834, 837, 838, 843, 844, 847, 849, 863, 866, 867, 872, 873, 876, 878, 892, 895, 896, 901, 902, 905, 907, 920, 923, 924, 929, 930, 933, 935, 952, 955, 956, 968, 969, 972, 974, 997, 1000, 1001, 1002, 1004, 1005, 1008, 1009, 1012, 1013, 1016, 1018, 1036, 1039, 1040, 1041, 1043, 1044, 1047, 1048, 1051, 1053, 1071, 1074, 1075, 1076, 1078, 1079, 1082, 1083, 1086, 1087, 1090, 1092, 1114, 1117, 1118, 1119, 1121, 1122, 1125, 1126, 1127, 1128, 1129, 1130, 1131, 1134, 1135, 1138, 1140, 1160, 1162, 1163, 1166, 1171, 1174, 1176, 1192, 1194, 1195, 1198, 1199, 1200, 1205, 1208, 1210, 1226, 1228, 1229, 1232, 1233, 1234, 1236, 1237, 1238, 1241, 1243, 1261, 1279, 1284, 1286, 1287, 1290, 1291, 1292, 1295, 1297, 1301, 1303, 1304, 1307, 1308, 1309, 1312, 1314, 1318, 1321, 1322, 1323, 1325, 1326, 1329, 1330, 1331, 1334, 1336, 1340, 1342, 1343, 1346, 1347, 1348, 1349, 1350, 1351, 1352, 1353, 1356, 1358, 1362, 1364, 1365, 1368, 1369, 1374, 1377, 1379, 1383, 1385, 1386, 1389, 1391, 1392, 1397, 1400, 1402, 1406, 1408, 1409, 1412, 1414, 1415, 1416, 1418, 1420, 1421, 1422, 1425, 1427, 1431, 1434, 1435, 1436, 1437, 1438, 1439, 1440, 1443, 1444, 1446, 1447, 1450, 1451, 1452, 1453, 1455, 1456, 1460, 1461, 1464, 1466, 1470, 1473, 1474, 1475, 1476, 1477, 1478, 1479, 1481, 1482, 1485, 1486, 1487, 1488, 1490, 1491, 1494, 1496], "excluded_lines": [323, 982, 1021, 1056, 1095, 1143, 1179, 1213, 1246, 1264], "executed_branches": [], "missing_branches": [[68, 69], [68, 70], [97, 98], [97, 101], [102, 103], [102, 106], [113, 114], [113, 117], [120, 121], [120, 124], [124, 125], [124, 128], [128, 129], [128, 132], [132, 133], [132, 140], [281, 282], [281, 288], [288, 289], [288, 292], [350, 351], [350, 357], [581, 584], [581, 594], [1000, 1001], [1000, 1004], [1039, 1040], [1039, 1043], [1074, 1075], [1074, 1078], [1117, 1118], [1117, 1121], [1126, 1127], [1126, 1128], [1128, 1129], [1128, 1130], [1198, 1199], [1198, 1208], [1232, 1233], [1232, 1236], [1290, 1291], [1290, 1295], [1307, 1308], [1307, 1312], [1321, 1322], [1321, 1325], [1329, 1330], [1329, 1334], [1346, 1347], [1346, 1356], [1348, 1349], [1348, 1350], [1350, 1351], [1350, 1352], [1368, 1369], [1368, 1377], [1389, 1391], [1389, 1400], [1412, 1414], [1412, 1425], [1415, 1416], [1415, 1420], [1434, 1435], [1434, 1443], [1436, 1437], [1436, 1443], [1443, 1444], [1443, 1446], [1450, 1451], [1450, 1460], [1452, 1453], [1452, 1455], [1473, 1474], [1473, 1481], [1475, 1476], [1475, 1481], [1485, 1486], [1485, 1494], [1487, 1488], [1487, 1490]], "functions": {"MatplotlibPlotMixin._get_ax_module": {"executed_lines": [], "summary": {"covered_lines": 0, "num_statements": 2, "percent_covered": 0.0, "percent_covered_display": "0.00", "missing_lines": 2, "excluded_lines": 0, "num_branches": 0, "num_partial_branches": 0, "covered_branches": 0, "missing_branches": 0}, "missing_lines": [38, 39], "excluded_lines": [], "executed_branches": [], "missing_branches": []}, "MatplotlibPlotMixin._apply_scitex_postprocess": {"executed_lines": [], "summary": {"covered_lines": 0, "num_statements": 2, "percent_covered": 0.0, "percent_covered_display": "0.00", "missing_lines": 2, "excluded_lines": 0, "num_branches": 0, "num_partial_branches": 0, "covered_branches": 0, "missing_branches": 0}, "missing_lines": [47, 48], "excluded_lines": [], "executed_branches": [], "missing_branches": []}, "MatplotlibPlotMixin.stx_image": {"executed_lines": [], "summary": {"covered_lines": 0, "num_statements": 9, "percent_covered": 0.0, "percent_covered_display": "0.00", "missing_lines": 9, "excluded_lines": 0, "num_branches": 2, "num_partial_branches": 0, "covered_branches": 0, "missing_branches": 2}, "missing_lines": [60, 63, 64, 67, 68, 69, 70, 79, 81], "excluded_lines": [], "executed_branches": [], "missing_branches": [[68, 69], [68, 70]]}, "MatplotlibPlotMixin.stx_kde": {"executed_lines": [], "summary": {"covered_lines": 0, "num_statements": 27, "percent_covered": 0.0, "percent_covered_display": "0.00", "missing_lines": 27, "excluded_lines": 0, "num_branches": 14, "num_partial_branches": 0, "covered_branches": 0, "missing_branches": 14}, "missing_lines": [93, 96, 97, 98, 101, 102, 103, 106, 109, 110, 113, 114, 117, 119, 120, 121, 124, 125, 128, 129, 132, 133, 140, 143, 148, 157, 159], "excluded_lines": [], "executed_branches": [], "missing_branches": [[97, 98], [97, 101], [102, 103], [102, 106], [113, 114], [113, 117], [120, 121], [120, 124], [124, 125], [124, 128], [128, 129], [128, 132], [132, 133], [132, 140]]}, "MatplotlibPlotMixin.stx_conf_mat": {"executed_lines": [], "summary": {"covered_lines": 0, "num_statements": 7, "percent_covered": 0.0, "percent_covered_display": "0.00", "missing_lines": 7, "excluded_lines": 0, "num_branches": 0, "num_partial_branches": 0, "covered_branches": 0, "missing_branches": 0}, "missing_lines": [179, 182, 183, 199, 201, 204, 206], "excluded_lines": [], "executed_branches": [], "missing_branches": []}, "MatplotlibPlotMixin.stx_rectangle": {"executed_lines": [], "summary": {"covered_lines": 0, "num_statements": 7, "percent_covered": 0.0, "percent_covered_display": "0.00", "missing_lines": 7, "excluded_lines": 0, "num_branches": 0, "num_partial_branches": 0, "covered_branches": 0, "missing_branches": 0}, "missing_lines": [220, 223, 224, 229, 230, 233, 235], "excluded_lines": [], "executed_branches": [], "missing_branches": []}, "MatplotlibPlotMixin.stx_fillv": {"executed_lines": [], "summary": {"covered_lines": 0, "num_statements": 7, "percent_covered": 0.0, "percent_covered_display": "0.00", "missing_lines": 7, "excluded_lines": 0, "num_branches": 0, "num_partial_branches": 0, "covered_branches": 0, "missing_branches": 0}, "missing_lines": [249, 252, 253, 258, 259, 262, 264], "excluded_lines": [], "executed_branches": [], "missing_branches": []}, "MatplotlibPlotMixin.stx_box": {"executed_lines": [], "summary": {"covered_lines": 0, "num_statements": 18, "percent_covered": 0.0, "percent_covered_display": "0.00", "missing_lines": 18, "excluded_lines": 0, "num_branches": 4, "num_partial_branches": 0, "covered_branches": 0, "missing_branches": 4}, "missing_lines": [275, 278, 281, 282, 283, 284, 285, 288, 289, 292, 293, 296, 297, 301, 305, 306, 309, 311], "excluded_lines": [], "executed_branches": [], "missing_branches": [[281, 282], [281, 288], [288, 289], [288, 292]]}, "MatplotlibPlotMixin.hist": {"executed_lines": [], "summary": {"covered_lines": 0, "num_statements": 12, "percent_covered": 0.0, "percent_covered_display": "0.00", "missing_lines": 12, "excluded_lines": 1, "num_branches": 2, "num_partial_branches": 0, "covered_branches": 0, "missing_branches": 2}, "missing_lines": [343, 346, 347, 350, 351, 352, 357, 358, 362, 369, 372, 374], "excluded_lines": [323], "executed_branches": [], "missing_branches": [[350, 351], [350, 357]]}, "MatplotlibPlotMixin.stx_raster": {"executed_lines": [], "summary": {"covered_lines": 0, "num_statements": 7, "percent_covered": 0.0, "percent_covered_display": "0.00", "missing_lines": 7, "excluded_lines": 0, "num_branches": 0, "num_partial_branches": 0, "covered_branches": 0, "missing_branches": 0}, "missing_lines": [388, 391, 392, 397, 398, 401, 403], "excluded_lines": [], "executed_branches": [], "missing_branches": []}, "MatplotlibPlotMixin.stx_ecdf": {"executed_lines": [], "summary": {"covered_lines": 0, "num_statements": 7, "percent_covered": 0.0, "percent_covered_display": "0.00", "missing_lines": 7, "excluded_lines": 0, "num_branches": 0, "num_partial_branches": 0, "covered_branches": 0, "missing_branches": 0}, "missing_lines": [414, 417, 418, 423, 424, 427, 429], "excluded_lines": [], "executed_branches": [], "missing_branches": []}, "MatplotlibPlotMixin.stx_joyplot": {"executed_lines": [], "summary": {"covered_lines": 0, "num_statements": 7, "percent_covered": 0.0, "percent_covered_display": "0.00", "missing_lines": 7, "excluded_lines": 0, "num_branches": 0, "num_partial_branches": 0, "covered_branches": 0, "missing_branches": 0}, "missing_lines": [440, 443, 444, 449, 450, 453, 455], "excluded_lines": [], "executed_branches": [], "missing_branches": []}, "MatplotlibPlotMixin.stx_scatter_hist": {"executed_lines": [], "summary": {"covered_lines": 0, "num_statements": 7, "percent_covered": 0.0, "percent_covered_display": "0.00", "missing_lines": 7, "excluded_lines": 0, "num_branches": 0, "num_partial_branches": 0, "covered_branches": 0, "missing_branches": 0}, "missing_lines": [476, 479, 480, 496, 504, 507, 509], "excluded_lines": [], "executed_branches": [], "missing_branches": []}, "MatplotlibPlotMixin.stx_heatmap": {"executed_lines": [], "summary": {"covered_lines": 0, "num_statements": 7, "percent_covered": 0.0, "percent_covered_display": "0.00", "missing_lines": 7, "excluded_lines": 0, "num_branches": 0, "num_partial_branches": 0, "covered_branches": 0, "missing_branches": 0}, "missing_lines": [529, 532, 533, 548, 553, 556, 558], "excluded_lines": [], "executed_branches": [], "missing_branches": []}, "MatplotlibPlotMixin.stx_violin": {"executed_lines": [], "summary": {"covered_lines": 0, "num_statements": 9, "percent_covered": 0.0, "percent_covered_display": "0.00", "missing_lines": 9, "excluded_lines": 0, "num_branches": 2, "num_partial_branches": 0, "covered_branches": 0, "missing_branches": 2}, "missing_lines": [576, 579, 581, 584, 594, 605, 614, 617, 619], "excluded_lines": [], "executed_branches": [], "missing_branches": [[581, 584], [581, 594]]}, "MatplotlibPlotMixin.stx_line": {"executed_lines": [], "summary": {"covered_lines": 0, "num_statements": 7, "percent_covered": 0.0, "percent_covered_display": "0.00", "missing_lines": 7, "excluded_lines": 0, "num_branches": 0, "num_partial_branches": 0, "covered_branches": 0, "missing_branches": 0}, "missing_lines": [834, 837, 838, 843, 844, 847, 849], "excluded_lines": [], "executed_branches": [], "missing_branches": []}, "MatplotlibPlotMixin.stx_mean_std": {"executed_lines": [], "summary": {"covered_lines": 0, "num_statements": 7, "percent_covered": 0.0, "percent_covered_display": "0.00", "missing_lines": 7, "excluded_lines": 0, "num_branches": 0, "num_partial_branches": 0, "covered_branches": 0, "missing_branches": 0}, "missing_lines": [863, 866, 867, 872, 873, 876, 878], "excluded_lines": [], "executed_branches": [], "missing_branches": []}, "MatplotlibPlotMixin.stx_mean_ci": {"executed_lines": [], "summary": {"covered_lines": 0, "num_statements": 7, "percent_covered": 0.0, "percent_covered_display": "0.00", "missing_lines": 7, "excluded_lines": 0, "num_branches": 0, "num_partial_branches": 0, "covered_branches": 0, "missing_branches": 0}, "missing_lines": [892, 895, 896, 901, 902, 905, 907], "excluded_lines": [], "executed_branches": [], "missing_branches": []}, "MatplotlibPlotMixin.stx_median_iqr": {"executed_lines": [], "summary": {"covered_lines": 0, "num_statements": 7, "percent_covered": 0.0, "percent_covered_display": "0.00", "missing_lines": 7, "excluded_lines": 0, "num_branches": 0, "num_partial_branches": 0, "covered_branches": 0, "missing_branches": 0}, "missing_lines": [920, 923, 924, 929, 930, 933, 935], "excluded_lines": [], "executed_branches": [], "missing_branches": []}, "MatplotlibPlotMixin.stx_shaded_line": {"executed_lines": [], "summary": {"covered_lines": 0, "num_statements": 7, "percent_covered": 0.0, "percent_covered_display": "0.00", "missing_lines": 7, "excluded_lines": 0, "num_branches": 0, "num_partial_branches": 0, "covered_branches": 0, "missing_branches": 0}, "missing_lines": [952, 955, 956, 968, 969, 972, 974], "excluded_lines": [], "executed_branches": [], "missing_branches": []}, "MatplotlibPlotMixin.stx_bar": {"executed_lines": [], "summary": {"covered_lines": 0, "num_statements": 12, "percent_covered": 0.0, "percent_covered_display": "0.00", "missing_lines": 12, "excluded_lines": 1, "num_branches": 2, "num_partial_branches": 0, "covered_branches": 0, "missing_branches": 2}, "missing_lines": [997, 1000, 1001, 1002, 1004, 1005, 1008, 1009, 1012, 1013, 1016, 1018], "excluded_lines": [982], "executed_branches": [], "missing_branches": [[1000, 1001], [1000, 1004]]}, "MatplotlibPlotMixin.stx_barh": {"executed_lines": [], "summary": {"covered_lines": 0, "num_statements": 10, "percent_covered": 0.0, "percent_covered_display": "0.00", "missing_lines": 10, "excluded_lines": 1, "num_branches": 2, "num_partial_branches": 0, "covered_branches": 0, "missing_branches": 2}, "missing_lines": [1036, 1039, 1040, 1041, 1043, 1044, 1047, 1048, 1051, 1053], "excluded_lines": [1021], "executed_branches": [], "missing_branches": [[1039, 1040], [1039, 1043]]}, "MatplotlibPlotMixin.stx_scatter": {"executed_lines": [], "summary": {"covered_lines": 0, "num_statements": 12, "percent_covered": 0.0, "percent_covered_display": "0.00", "missing_lines": 12, "excluded_lines": 1, "num_branches": 2, "num_partial_branches": 0, "covered_branches": 0, "missing_branches": 2}, "missing_lines": [1071, 1074, 1075, 1076, 1078, 1079, 1082, 1083, 1086, 1087, 1090, 1092], "excluded_lines": [1056], "executed_branches": [], "missing_branches": [[1074, 1075], [1074, 1078]]}, "MatplotlibPlotMixin.stx_errorbar": {"executed_lines": [], "summary": {"covered_lines": 0, "num_statements": 17, "percent_covered": 0.0, "percent_covered_display": "0.00", "missing_lines": 17, "excluded_lines": 1, "num_branches": 6, "num_partial_branches": 0, "covered_branches": 0, "missing_branches": 6}, "missing_lines": [1114, 1117, 1118, 1119, 1121, 1122, 1125, 1126, 1127, 1128, 1129, 1130, 1131, 1134, 1135, 1138, 1140], "excluded_lines": [1095], "executed_branches": [], "missing_branches": [[1117, 1118], [1117, 1121], [1126, 1127], [1126, 1128], [1128, 1129], [1128, 1130]]}, "MatplotlibPlotMixin.stx_fill_between": {"executed_lines": [], "summary": {"covered_lines": 0, "num_statements": 7, "percent_covered": 0.0, "percent_covered_display": "0.00", "missing_lines": 7, "excluded_lines": 1, "num_branches": 0, "num_partial_branches": 0, "covered_branches": 0, "missing_branches": 0}, "missing_lines": [1160, 1162, 1163, 1166, 1171, 1174, 1176], "excluded_lines": [1143], "executed_branches": [], "missing_branches": []}, "MatplotlibPlotMixin.stx_contour": {"executed_lines": [], "summary": {"covered_lines": 0, "num_statements": 9, "percent_covered": 0.0, "percent_covered_display": "0.00", "missing_lines": 9, "excluded_lines": 1, "num_branches": 2, "num_partial_branches": 0, "covered_branches": 0, "missing_branches": 2}, "missing_lines": [1192, 1194, 1195, 1198, 1199, 1200, 1205, 1208, 1210], "excluded_lines": [1179], "executed_branches": [], "missing_branches": [[1198, 1199], [1198, 1208]]}, "MatplotlibPlotMixin.stx_imshow": {"executed_lines": [], "summary": {"covered_lines": 0, "num_statements": 11, "percent_covered": 0.0, "percent_covered_display": "0.00", "missing_lines": 11, "excluded_lines": 1, "num_branches": 2, "num_partial_branches": 0, "covered_branches": 0, "missing_branches": 2}, "missing_lines": [1226, 1228, 1229, 1232, 1233, 1234, 1236, 1237, 1238, 1241, 1243], "excluded_lines": [1213], "executed_branches": [], "missing_branches": [[1232, 1233], [1232, 1236]]}, "MatplotlibPlotMixin.stx_boxplot": {"executed_lines": [], "summary": {"covered_lines": 0, "num_statements": 1, "percent_covered": 0.0, "percent_covered_display": "0.00", "missing_lines": 1, "excluded_lines": 1, "num_branches": 0, "num_partial_branches": 0, "covered_branches": 0, "missing_branches": 0}, "missing_lines": [1261], "excluded_lines": [1246], "executed_branches": [], "missing_branches": []}, "MatplotlibPlotMixin.stx_violinplot": {"executed_lines": [], "summary": {"covered_lines": 0, "num_statements": 1, "percent_covered": 0.0, "percent_covered_display": "0.00", "missing_lines": 1, "excluded_lines": 1, "num_branches": 0, "num_partial_branches": 0, "covered_branches": 0, "missing_branches": 0}, "missing_lines": [1279], "excluded_lines": [1264], "executed_branches": [], "missing_branches": []}, "MatplotlibPlotMixin.plot_bar": {"executed_lines": [], "summary": {"covered_lines": 0, "num_statements": 8, "percent_covered": 0.0, "percent_covered_display": "0.00", "missing_lines": 8, "excluded_lines": 0, "num_branches": 2, "num_partial_branches": 0, "covered_branches": 0, "missing_branches": 2}, "missing_lines": [1284, 1286, 1287, 1290, 1291, 1292, 1295, 1297], "excluded_lines": [], "executed_branches": [], "missing_branches": [[1290, 1291], [1290, 1295]]}, "MatplotlibPlotMixin.plot_barh": {"executed_lines": [], "summary": {"covered_lines": 0, "num_statements": 8, "percent_covered": 0.0, "percent_covered_display": "0.00", "missing_lines": 8, "excluded_lines": 0, "num_branches": 2, "num_partial_branches": 0, "covered_branches": 0, "missing_branches": 2}, "missing_lines": [1301, 1303, 1304, 1307, 1308, 1309, 1312, 1314], "excluded_lines": [], "executed_branches": [], "missing_branches": [[1307, 1308], [1307, 1312]]}, "MatplotlibPlotMixin.plot_scatter": {"executed_lines": [], "summary": {"covered_lines": 0, "num_statements": 11, "percent_covered": 0.0, "percent_covered_display": "0.00", "missing_lines": 11, "excluded_lines": 0, "num_branches": 4, "num_partial_branches": 0, "covered_branches": 0, "missing_branches": 4}, "missing_lines": [1318, 1321, 1322, 1323, 1325, 1326, 1329, 1330, 1331, 1334, 1336], "excluded_lines": [], "executed_branches": [], "missing_branches": [[1321, 1322], [1321, 1325], [1329, 1330], [1329, 1334]]}, "MatplotlibPlotMixin.plot_errorbar": {"executed_lines": [], "summary": {"covered_lines": 0, "num_statements": 13, "percent_covered": 0.0, "percent_covered_display": "0.00", "missing_lines": 13, "excluded_lines": 0, "num_branches": 6, "num_partial_branches": 0, "covered_branches": 0, "missing_branches": 6}, "missing_lines": [1340, 1342, 1343, 1346, 1347, 1348, 1349, 1350, 1351, 1352, 1353, 1356, 1358], "excluded_lines": [], "executed_branches": [], "missing_branches": [[1346, 1347], [1346, 1356], [1348, 1349], [1348, 1350], [1350, 1351], [1350, 1352]]}, "MatplotlibPlotMixin.plot_fill_between": {"executed_lines": [], "summary": {"covered_lines": 0, "num_statements": 8, "percent_covered": 0.0, "percent_covered_display": "0.00", "missing_lines": 8, "excluded_lines": 0, "num_branches": 2, "num_partial_branches": 0, "covered_branches": 0, "missing_branches": 2}, "missing_lines": [1362, 1364, 1365, 1368, 1369, 1374, 1377, 1379], "excluded_lines": [], "executed_branches": [], "missing_branches": [[1368, 1369], [1368, 1377]]}, "MatplotlibPlotMixin.plot_contour": {"executed_lines": [], "summary": {"covered_lines": 0, "num_statements": 9, "percent_covered": 0.0, "percent_covered_display": "0.00", "missing_lines": 9, "excluded_lines": 0, "num_branches": 2, "num_partial_branches": 0, "covered_branches": 0, "missing_branches": 2}, "missing_lines": [1383, 1385, 1386, 1389, 1391, 1392, 1397, 1400, 1402], "excluded_lines": [], "executed_branches": [], "missing_branches": [[1389, 1391], [1389, 1400]]}, "MatplotlibPlotMixin.plot_imshow": {"executed_lines": [], "summary": {"covered_lines": 0, "num_statements": 13, "percent_covered": 0.0, "percent_covered_display": "0.00", "missing_lines": 13, "excluded_lines": 0, "num_branches": 4, "num_partial_branches": 0, "covered_branches": 0, "missing_branches": 4}, "missing_lines": [1406, 1408, 1409, 1412, 1414, 1415, 1416, 1418, 1420, 1421, 1422, 1425, 1427], "excluded_lines": [], "executed_branches": [], "missing_branches": [[1412, 1414], [1412, 1425], [1415, 1416], [1415, 1420]]}, "MatplotlibPlotMixin.plot_boxplot": {"executed_lines": [], "summary": {"covered_lines": 0, "num_statements": 22, "percent_covered": 0.0, "percent_covered_display": "0.00", "missing_lines": 22, "excluded_lines": 0, "num_branches": 10, "num_partial_branches": 0, "covered_branches": 0, "missing_branches": 10}, "missing_lines": [1431, 1434, 1435, 1436, 1437, 1438, 1439, 1440, 1443, 1444, 1446, 1447, 1450, 1451, 1452, 1453, 1455, 1456, 1460, 1461, 1464, 1466], "excluded_lines": [], "executed_branches": [], "missing_branches": [[1434, 1435], [1434, 1443], [1436, 1437], [1436, 1443], [1443, 1444], [1443, 1446], [1450, 1451], [1450, 1460], [1452, 1453], [1452, 1455]]}, "MatplotlibPlotMixin.plot_violinplot": {"executed_lines": [], "summary": {"covered_lines": 0, "num_statements": 18, "percent_covered": 0.0, "percent_covered_display": "0.00", "missing_lines": 18, "excluded_lines": 0, "num_branches": 8, "num_partial_branches": 0, "covered_branches": 0, "missing_branches": 8}, "missing_lines": [1470, 1473, 1474, 1475, 1476, 1477, 1478, 1479, 1481, 1482, 1485, 1486, 1487, 1488, 1490, 1491, 1494, 1496], "excluded_lines": [], "executed_branches": [], "missing_branches": [[1473, 1474], [1473, 1481], [1475, 1476], [1475, 1481], [1485, 1486], [1485, 1494], [1487, 1488], [1487, 1490]]}, "": {"executed_lines": [6, 8, 9, 12, 13, 15, 16, 17, 18, 20, 21, 22, 28, 29, 30, 33, 34, 36, 41, 52, 83, 161, 209, 238, 266, 313, 377, 406, 432, 458, 512, 561, 824, 852, 881, 910, 938, 981, 1020, 1055, 1094, 1142, 1178, 1212, 1245, 1263, 1282, 1299, 1316, 1338, 1360, 1381, 1404, 1429, 1468], "summary": {"covered_lines": 54, "num_statements": 54, "percent_covered": 100.0, "percent_covered_display": "100.00", "missing_lines": 0, "excluded_lines": 0, "num_branches": 0, "num_partial_branches": 0, "covered_branches": 0, "missing_branches": 0}, "missing_lines": [], "excluded_lines": [], "executed_branches": [], "missing_branches": []}}, "classes": {"MatplotlibPlotMixin": {"executed_lines": [], "summary": {"covered_lines": 0, "num_statements": 360, "percent_covered": 0.0, "percent_covered_display": "0.00", "missing_lines": 360, "excluded_lines": 10, "num_branches": 80, "num_partial_branches": 0, "covered_branches": 0, "missing_branches": 80}, "missing_lines": [38, 39, 47, 48, 60, 63, 64, 67, 68, 69, 70, 79, 81, 93, 96, 97, 98, 101, 102, 103, 106, 109, 110, 113, 114, 117, 119, 120, 121, 124, 125, 128, 129, 132, 133, 140, 143, 148, 157, 159, 179, 182, 183, 199, 201, 204, 206, 220, 223, 224, 229, 230, 233, 235, 249, 252, 253, 258, 259, 262, 264, 275, 278, 281, 282, 283, 284, 285, 288, 289, 292, 293, 296, 297, 301, 305, 306, 309, 311, 343, 346, 347, 350, 351, 352, 357, 358, 362, 369, 372, 374, 388, 391, 392, 397, 398, 401, 403, 414, 417, 418, 423, 424, 427, 429, 440, 443, 444, 449, 450, 453, 455, 476, 479, 480, 496, 504, 507, 509, 529, 532, 533, 548, 553, 556, 558, 576, 579, 581, 584, 594, 605, 614, 617, 619, 834, 837, 838, 843, 844, 847, 849, 863, 866, 867, 872, 873, 876, 878, 892, 895, 896, 901, 902, 905, 907, 920, 923, 924, 929, 930, 933, 935, 952, 955, 956, 968, 969, 972, 974, 997, 1000, 1001, 1002, 1004, 1005, 1008, 1009, 1012, 1013, 1016, 1018, 1036, 1039, 1040, 1041, 1043, 1044, 1047, 1048, 1051, 1053, 1071, 1074, 1075, 1076, 1078, 1079, 1082, 1083, 1086, 1087, 1090, 1092, 1114, 1117, 1118, 1119, 1121, 1122, 1125, 1126, 1127, 1128, 1129, 1130, 1131, 1134, 1135, 1138, 1140, 1160, 1162, 1163, 1166, 1171, 1174, 1176, 1192, 1194, 1195, 1198, 1199, 1200, 1205, 1208, 1210, 1226, 1228, 1229, 1232, 1233, 1234, 1236, 1237, 1238, 1241, 1243, 1261, 1279, 1284, 1286, 1287, 1290, 1291, 1292, 1295, 1297, 1301, 1303, 1304, 1307, 1308, 1309, 1312, 1314, 1318, 1321, 1322, 1323, 1325, 1326, 1329, 1330, 1331, 1334, 1336, 1340, 1342, 1343, 1346, 1347, 1348, 1349, 1350, 1351, 1352, 1353, 1356, 1358, 1362, 1364, 1365, 1368, 1369, 1374, 1377, 1379, 1383, 1385, 1386, 1389, 1391, 1392, 1397, 1400, 1402, 1406, 1408, 1409, 1412, 1414, 1415, 1416, 1418, 1420, 1421, 1422, 1425, 1427, 1431, 1434, 1435, 1436, 1437, 1438, 1439, 1440, 1443, 1444, 1446, 1447, 1450, 1451, 1452, 1453, 1455, 1456, 1460, 1461, 1464, 1466, 1470, 1473, 1474, 1475, 1476, 1477, 1478, 1479, 1481, 1482, 1485, 1486, 1487, 1488, 1490, 1491, 1494, 1496], "excluded_lines": [323, 982, 1021, 1056, 1095, 1143, 1179, 1213, 1246, 1264], "executed_branches": [], "missing_branches": [[68, 69], [68, 70], [97, 98], [97, 101], [102, 103], [102, 106], [113, 114], [113, 117], [120, 121], [120, 124], [124, 125], [124, 128], [128, 129], [128, 132], [132, 133], [132, 140], [281, 282], [281, 288], [288, 289], [288, 292], [350, 351], [350, 357], [581, 584], [581, 594], [1000, 1001], [1000, 1004], [1039, 1040], [1039, 1043], [1074, 1075], [1074, 1078], [1117, 1118], [1117, 1121], [1126, 1127], [1126, 1128], [1128, 1129], [1128, 1130], [1198, 1199], [1198, 1208], [1232, 1233], [1232, 1236], [1290, 1291], [1290, 1295], [1307, 1308], [1307, 1312], [1321, 1322], [1321, 1325], [1329, 1330], [1329, 1334], [1346, 1347], [1346, 1356], [1348, 1349], [1348, 1350], [1350, 1351], [1350, 1352], [1368, 1369], [1368, 1377], [1389, 1391], [1389, 1400], [1412, 1414], [1412, 1425], [1415, 1416], [1415, 1420], [1434, 1435], [1434, 1443], [1436, 1437], [1436, 1443], [1443, 1444], [1443, 1446], [1450, 1451], [1450, 1460], [1452, 1453], [1452, 1455], [1473, 1474], [1473, 1481], [1475, 1476], [1475, 1481], [1485, 1486], [1485, 1494], [1487, 1488], [1487, 1490]]}, "": {"executed_lines": [6, 8, 9, 12, 13, 15, 16, 17, 18, 20, 21, 22, 28, 29, 30, 33, 34, 36, 41, 52, 83, 161, 209, 238, 266, 313, 377, 406, 432, 458, 512, 561, 824, 852, 881, 910, 938, 981, 1020, 1055, 1094, 1142, 1178, 1212, 1245, 1263, 1282, 1299, 1316, 1338, 1360, 1381, 1404, 1429, 1468], "summary": {"covered_lines": 54, "num_statements": 54, "percent_covered": 100.0, "percent_covered_display": "100.00", "missing_lines": 0, "excluded_lines": 0, "num_branches": 0, "num_partial_branches": 0, "covered_branches": 0, "missing_branches": 0}, "missing_lines": [], "excluded_lines": [], "executed_branches": [], "missing_branches": []}}}, "src/scitex/plt/_subplots/_AxisWrapperMixins/_SeabornMixin.py": {"executed_lines": [6, 8, 9, 12, 14, 15, 16, 17, 19, 22, 23, 24, 28, 29, 32, 34, 96, 111, 160, 161, 166, 167, 214, 215, 222, 223, 309, 310, 346, 347, 350, 351, 362, 363, 374, 375, 380, 381, 394, 395, 427, 428], "summary": {"covered_lines": 42, "num_statements": 184, "percent_covered": 16.666666666666668, "percent_covered_display": "16.67", "missing_lines": 142, "excluded_lines": 4, "num_branches": 68, "num_partial_branches": 0, "covered_branches": 0, "missing_branches": 68}, "missing_lines": [25, 38, 40, 41, 43, 44, 49, 50, 53, 54, 55, 57, 58, 59, 62, 65, 67, 70, 73, 74, 75, 77, 78, 79, 80, 83, 84, 85, 88, 90, 94, 98, 99, 101, 102, 113, 115, 116, 118, 119, 121, 122, 123, 124, 125, 127, 129, 133, 135, 141, 144, 146, 147, 149, 150, 152, 153, 156, 162, 177, 182, 183, 186, 188, 191, 192, 193, 195, 196, 198, 199, 201, 202, 203, 204, 205, 216, 217, 218, 219, 220, 243, 246, 247, 248, 251, 252, 255, 258, 259, 260, 265, 268, 269, 272, 275, 278, 279, 281, 282, 283, 285, 286, 287, 289, 290, 292, 295, 298, 305, 307, 322, 324, 325, 327, 328, 329, 330, 331, 333, 334, 335, 336, 337, 340, 341, 342, 343, 344, 348, 352, 364, 376, 382, 405, 406, 407, 411, 422, 423, 425, 429], "excluded_lines": [97, 226, 274, 321], "executed_branches": [], "missing_branches": [[43, 44], [43, 49], [73, 74], [73, 83], [77, 78], [77, 83], [83, 84], [83, 88], [84, 85], [84, 88], [115, 116], [115, 146], [116, 118], [116, 119], [119, 121], [119, 127], [122, 123], [122, 124], [127, 129], [127, 135], [146, 147], [146, 149], [149, 150], [149, 152], [152, 153], [152, 156], [186, 188], [186, 201], [193, 186], [193, 195], [195, 186], [195, 196], [198, 186], [198, 199], [201, -166], [201, 202], [218, 219], [218, 220], [247, 248], [247, 251], [258, 259], [258, 272], [268, 269], [268, 272], [279, 281], [279, 295], [282, 283], [282, 295], [286, 287], [286, 289], [289, 290], [289, 292], [324, 325], [324, 340], [327, 328], [327, 333], [329, 330], [329, 333], [333, -309], [333, 334], [335, -309], [335, 336], [340, 341], [340, 342], [342, 343], [342, 344], [405, 406], [405, 411]], "functions": {"sns_copy_doc": {"executed_lines": [24, 28, 29], "summary": {"covered_lines": 3, "num_statements": 3, "percent_covered": 100.0, "percent_covered_display": "100.00", "missing_lines": 0, "excluded_lines": 0, "num_branches": 0, "num_partial_branches": 0, "covered_branches": 0, "missing_branches": 0}, "missing_lines": [], "excluded_lines": [], "executed_branches": [], "missing_branches": []}, "sns_copy_doc.wrapper": {"executed_lines": [], "summary": {"covered_lines": 0, "num_statements": 1, "percent_covered": 0.0, "percent_covered_display": "0.00", "missing_lines": 1, "excluded_lines": 0, "num_branches": 0, "num_partial_branches": 0, "covered_branches": 0, "missing_branches": 0}, "missing_lines": [25], "excluded_lines": [], "executed_branches": [], "missing_branches": []}, "SeabornMixin._sns_base": {"executed_lines": [], "summary": {"covered_lines": 0, "num_statements": 30, "percent_covered": 0.0, "percent_covered_display": "0.00", "missing_lines": 30, "excluded_lines": 0, "num_branches": 10, "num_partial_branches": 0, "covered_branches": 0, "missing_branches": 10}, "missing_lines": [38, 40, 41, 43, 44, 49, 50, 53, 54, 55, 57, 58, 59, 62, 65, 67, 70, 73, 74, 75, 77, 78, 79, 80, 83, 84, 85, 88, 90, 94], "excluded_lines": [], "executed_branches": [], "missing_branches": [[43, 44], [43, 49], [73, 74], [73, 83], [77, 78], [77, 83], [83, 84], [83, 88], [84, 85], [84, 88]]}, "SeabornMixin._sns_base_xyhue": {"executed_lines": [], "summary": {"covered_lines": 0, "num_statements": 4, "percent_covered": 0.0, "percent_covered_display": "0.00", "missing_lines": 4, "excluded_lines": 1, "num_branches": 0, "num_partial_branches": 0, "covered_branches": 0, "missing_branches": 0}, "missing_lines": [98, 99, 101, 102], "excluded_lines": [97], "executed_branches": [], "missing_branches": []}, "SeabornMixin._sns_prepare_xyhue": {"executed_lines": [], "summary": {"covered_lines": 0, "num_statements": 23, "percent_covered": 0.0, "percent_covered_display": "0.00", "missing_lines": 23, "excluded_lines": 0, "num_branches": 16, "num_partial_branches": 0, "covered_branches": 0, "missing_branches": 16}, "missing_lines": [113, 115, 116, 118, 119, 121, 122, 123, 124, 125, 127, 129, 133, 135, 141, 144, 146, 147, 149, 150, 152, 153, 156], "excluded_lines": [], "executed_branches": [], "missing_branches": [[115, 116], [115, 146], [116, 118], [116, 119], [119, 121], [119, 127], [122, 123], [122, 124], [127, 129], [127, 135], [146, 147], [146, 149], [149, 150], [149, 152], [152, 153], [152, 156]]}, "SeabornMixin.sns_barplot": {"executed_lines": [], "summary": {"covered_lines": 0, "num_statements": 1, "percent_covered": 0.0, "percent_covered_display": "0.00", "missing_lines": 1, "excluded_lines": 0, "num_branches": 0, "num_partial_branches": 0, "covered_branches": 0, "missing_branches": 0}, "missing_lines": [162], "excluded_lines": [], "executed_branches": [], "missing_branches": []}, "SeabornMixin.sns_boxplot": {"executed_lines": [], "summary": {"covered_lines": 0, "num_statements": 17, "percent_covered": 0.0, "percent_covered_display": "0.00", "missing_lines": 17, "excluded_lines": 0, "num_branches": 10, "num_partial_branches": 0, "covered_branches": 0, "missing_branches": 10}, "missing_lines": [177, 182, 183, 186, 188, 191, 192, 193, 195, 196, 198, 199, 201, 202, 203, 204, 205], "excluded_lines": [], "executed_branches": [], "missing_branches": [[186, 188], [186, 201], [193, 186], [193, 195], [195, 186], [195, 196], [198, 186], [198, 199], [201, -166], [201, 202]]}, "SeabornMixin.sns_heatmap": {"executed_lines": [], "summary": {"covered_lines": 0, "num_statements": 5, "percent_covered": 0.0, "percent_covered_display": "0.00", "missing_lines": 5, "excluded_lines": 0, "num_branches": 2, "num_partial_branches": 0, "covered_branches": 0, "missing_branches": 2}, "missing_lines": [216, 217, 218, 219, 220], "excluded_lines": [], "executed_branches": [], "missing_branches": [[218, 219], [218, 220]]}, "SeabornMixin.sns_histplot": {"executed_lines": [], "summary": {"covered_lines": 0, "num_statements": 30, "percent_covered": 0.0, "percent_covered_display": "0.00", "missing_lines": 30, "excluded_lines": 2, "num_branches": 14, "num_partial_branches": 0, "covered_branches": 0, "missing_branches": 14}, "missing_lines": [243, 246, 247, 248, 251, 252, 255, 258, 259, 260, 265, 268, 269, 272, 275, 278, 279, 281, 282, 283, 285, 286, 287, 289, 290, 292, 295, 298, 305, 307], "excluded_lines": [226, 274], "executed_branches": [], "missing_branches": [[247, 248], [247, 251], [258, 259], [258, 272], [268, 269], [268, 272], [279, 281], [279, 295], [282, 283], [282, 295], [286, 287], [286, 289], [289, 290], [289, 292]]}, "SeabornMixin.sns_kdeplot": {"executed_lines": [], "summary": {"covered_lines": 0, "num_statements": 18, "percent_covered": 0.0, "percent_covered_display": "0.00", "missing_lines": 18, "excluded_lines": 0, "num_branches": 14, "num_partial_branches": 0, "covered_branches": 0, "missing_branches": 14}, "missing_lines": [322, 324, 325, 327, 328, 329, 330, 331, 333, 334, 335, 336, 337, 340, 341, 342, 343, 344], "excluded_lines": [], "executed_branches": [], "missing_branches": [[324, 325], [324, 340], [327, 328], [327, 333], [329, 330], [329, 333], [333, -309], [333, 334], [335, -309], [335, 336], [340, 341], [340, 342], [342, 343], [342, 344]]}, "SeabornMixin.sns_pairplot": {"executed_lines": [], "summary": {"covered_lines": 0, "num_statements": 1, "percent_covered": 0.0, "percent_covered_display": "0.00", "missing_lines": 1, "excluded_lines": 0, "num_branches": 0, "num_partial_branches": 0, "covered_branches": 0, "missing_branches": 0}, "missing_lines": [348], "excluded_lines": [], "executed_branches": [], "missing_branches": []}, "SeabornMixin.sns_scatterplot": {"executed_lines": [], "summary": {"covered_lines": 0, "num_statements": 1, "percent_covered": 0.0, "percent_covered_display": "0.00", "missing_lines": 1, "excluded_lines": 0, "num_branches": 0, "num_partial_branches": 0, "covered_branches": 0, "missing_branches": 0}, "missing_lines": [352], "excluded_lines": [], "executed_branches": [], "missing_branches": []}, "SeabornMixin.sns_lineplot": {"executed_lines": [], "summary": {"covered_lines": 0, "num_statements": 1, "percent_covered": 0.0, "percent_covered_display": "0.00", "missing_lines": 1, "excluded_lines": 0, "num_branches": 0, "num_partial_branches": 0, "covered_branches": 0, "missing_branches": 0}, "missing_lines": [364], "excluded_lines": [], "executed_branches": [], "missing_branches": []}, "SeabornMixin.sns_swarmplot": {"executed_lines": []
[...]
ssing_lines": 3, "excluded_lines": 0, "num_branches": 4, "num_partial_branches": 1, "covered_branches": 1, "missing_branches": 3}, "missing_lines": [447, 448, 457], "excluded_lines": [], "executed_branches": [[435, 436]], "missing_branches": [[435, 447], [447, 448], [447, 457]]}, "_format_caption_for_md": {"executed_lines": [471, 473, 474], "summary": {"covered_lines": 3, "num_statements": 6, "percent_covered": 40.0, "percent_covered_display": "40.00", "missing_lines": 3, "excluded_lines": 0, "num_branches": 4, "num_partial_branches": 1, "covered_branches": 1, "missing_branches": 3}, "missing_lines": [482, 483, 492], "excluded_lines": [], "executed_branches": [[473, 474]], "missing_branches": [[473, 482], [482, 483], [482, 492]]}, "_escape_latex": {"executed_lines": [505, 518, 519, 520, 522], "summary": {"covered_lines": 5, "num_statements": 5, "percent_covered": 100.0, "percent_covered_display": "100.00", "missing_lines": 0, "excluded_lines": 0, "num_branches": 2, "num_partial_branches": 0, "covered_branches": 2, "missing_branches": 0}, "missing_lines": [], "excluded_lines": [], "executed_branches": [[519, 520], [519, 522]], "missing_branches": []}, "enhance_scitex_save_with_captions": {"executed_lines": [], "summary": {"covered_lines": 0, "num_statements": 6, "percent_covered": 0.0, "percent_covered_display": "0.00", "missing_lines": 6, "excluded_lines": 0, "num_branches": 0, "num_partial_branches": 0, "covered_branches": 0, "missing_branches": 0}, "missing_lines": [532, 535, 537, 550, 551, 552], "excluded_lines": [], "executed_branches": [], "missing_branches": []}, "enhance_scitex_save_with_captions.enhanced_save": {"executed_lines": [], "summary": {"covered_lines": 0, "num_statements": 5, "percent_covered": 0.0, "percent_covered_display": "0.00", "missing_lines": 5, "excluded_lines": 0, "num_branches": 2, "num_partial_branches": 0, "covered_branches": 0, "missing_branches": 2}, "missing_lines": [540, 543, 544, 545, 547], "excluded_lines": [], "executed_branches": [], "missing_branches": [[543, 544], [543, 547]]}, "create_figure_list": {"executed_lines": [567, 568, 569, 571, 572, 573, 574, 576, 578], "summary": {"covered_lines": 9, "num_statements": 9, "percent_covered": 100.0, "percent_covered_display": "100.00", "missing_lines": 0, "excluded_lines": 0, "num_branches": 6, "num_partial_branches": 0, "covered_branches": 6, "missing_branches": 0}, "missing_lines": [], "excluded_lines": [], "executed_branches": [[567, 568], [567, 571], [571, 572], [571, 573], [573, 574], [573, 576]], "missing_branches": []}, "_create_text_figure_list": {"executed_lines": [583, 584, 585, 587, 588], "summary": {"covered_lines": 5, "num_statements": 5, "percent_covered": 100.0, "percent_covered_display": "100.00", "missing_lines": 0, "excluded_lines": 0, "num_branches": 2, "num_partial_branches": 0, "covered_branches": 2, "missing_branches": 0}, "missing_lines": [], "excluded_lines": [], "executed_branches": [[587, -581], [587, 588]], "missing_branches": []}, "_create_latex_figure_list": {"executed_lines": [593, 594, 595, 597, 598, 599], "summary": {"covered_lines": 6, "num_statements": 6, "percent_covered": 100.0, "percent_covered_display": "100.00", "missing_lines": 0, "excluded_lines": 0, "num_branches": 2, "num_partial_branches": 0, "covered_branches": 2, "missing_branches": 0}, "missing_lines": [], "excluded_lines": [], "executed_branches": [[597, -591], [597, 598]], "missing_branches": []}, "_create_markdown_figure_list": {"executed_lines": [604, 605, 606, 608, 609], "summary": {"covered_lines": 5, "num_statements": 5, "percent_covered": 100.0, "percent_covered_display": "100.00", "missing_lines": 0, "excluded_lines": 0, "num_branches": 2, "num_partial_branches": 0, "covered_branches": 2, "missing_branches": 0}, "missing_lines": [], "excluded_lines": [], "executed_branches": [[608, -602], [608, 609]], "missing_branches": []}, "quick_caption": {"executed_lines": [628, 632, 635], "summary": {"covered_lines": 3, "num_statements": 4, "percent_covered": 66.66666666666667, "percent_covered_display": "66.67", "missing_lines": 1, "excluded_lines": 0, "num_branches": 2, "num_partial_branches": 1, "covered_branches": 1, "missing_branches": 1}, "missing_lines": [629], "excluded_lines": [], "executed_branches": [[628, 632]], "missing_branches": [[628, 629]]}, "": {"executed_lines": [6, 17, 18, 19, 20, 21, 22, 25, 26, 35, 40, 109, 182, 198, 209, 234, 260, 272, 280, 289, 298, 302, 307, 312, 317, 323, 351, 413, 429, 469, 502, 526, 556, 581, 591, 602, 613], "summary": {"covered_lines": 35, "num_statements": 35, "percent_covered": 100.0, "percent_covered_display": "100.00", "missing_lines": 0, "excluded_lines": 0, "num_branches": 0, "num_partial_branches": 0, "covered_branches": 0, "missing_branches": 0}, "missing_lines": [], "excluded_lines": [], "executed_branches": [], "missing_branches": []}}, "classes": {"ScientificCaption": {"executed_lines": [36, 37, 38, 85, 86, 87, 90, 93, 96, 104, 105, 107, 151, 152, 155, 156, 159, 162, 163, 164, 165, 166, 167, 168, 171, 173, 176, 177, 178, 180, 185, 187, 188, 189, 190, 191, 192, 193, 194, 200, 201, 202, 203, 204, 205, 212, 213, 214, 220, 229, 230, 237, 244, 247, 248, 251, 262, 263, 264, 266, 267, 268, 270, 274, 277, 278, 282, 283, 284, 286, 287, 291, 292, 294], "summary": {"covered_lines": 74, "num_statements": 80, "percent_covered": 89.51612903225806, "percent_covered_display": "89.52", "missing_lines": 6, "excluded_lines": 0, "num_branches": 44, "num_partial_branches": 7, "covered_branches": 37, "missing_branches": 7}, "missing_lines": [196, 207, 216, 217, 232, 275], "excluded_lines": [], "executed_branches": [[85, 86], [85, 90], [104, 105], [104, 107], [151, 152], [151, 155], [155, 156], [155, 159], [163, 164], [163, 176], [164, 165], [166, 163], [166, 167], [176, 177], [176, 180], [187, 188], [187, 189], [189, 190], [189, 191], [191, 192], [191, 193], [193, 194], [200, 201], [200, 202], [202, 203], [202, 204], [204, 205], [212, 213], [229, 230], [263, 264], [263, 266], [267, 268], [274, 277], [286, -280], [286, 287], [291, 292], [291, 294]], "missing_branches": [[164, 163], [193, 196], [204, 207], [212, 216], [229, 232], [267, 270], [274, 275]]}, "": {"executed_lines": [6, 17, 18, 19, 20, 21, 22, 25, 26, 35, 40, 109, 182, 198, 209, 234, 260, 272, 280, 289, 298, 302, 304, 307, 309, 312, 317, 319, 323, 330, 333, 336, 338, 341, 344, 346, 351, 384, 385, 386, 389, 390, 391, 394, 395, 396, 397, 398, 400, 401, 402, 403, 404, 406, 407, 408, 409, 410, 413, 415, 417, 418, 429, 432, 433, 435, 436, 466, 469, 471, 473, 474, 502, 505, 518, 519, 520, 522, 526, 556, 567, 568, 569, 571, 572, 573, 574, 576, 578, 581, 583, 584, 585, 587, 588, 591, 593, 594, 595, 597, 598, 599, 602, 604, 605, 606, 608, 609, 613, 628, 632, 635], "summary": {"covered_lines": 110, "num_statements": 137, "percent_covered": 73.48066298342542, "percent_covered_display": "73.48", "missing_lines": 27, "excluded_lines": 0, "num_branches": 44, "num_partial_branches": 9, "covered_branches": 23, "missing_branches": 21}, "missing_lines": [314, 348, 419, 420, 421, 422, 423, 424, 426, 447, 448, 457, 482, 483, 492, 532, 535, 537, 540, 543, 544, 545, 547, 550, 551, 552, 629], "excluded_lines": [], "executed_branches": [[336, 338], [384, 385], [394, 395], [400, 401], [406, 407], [417, 418], [435, 436], [473, 474], [519, 520], [519, 522], [567, 568], [567, 571], [571, 572], [571, 573], [573, 574], [573, 576], [587, -581], [587, 588], [597, -591], [597, 598], [608, -602], [608, 609], [628, 632]], "missing_branches": [[336, 348], [384, 389], [394, 400], [400, 406], [406, -351], [417, 419], [419, 420], [419, 421], [421, 422], [421, 423], [423, 424], [423, 426], [435, 447], [447, 448], [447, 457], [473, 482], [482, 483], [482, 492], [543, 544], [543, 547], [628, 629]]}}}, "src/scitex/plt/utils/_scitex_config.py": {"executed_lines": [5, 10, 11, 12, 13, 14, 15, 18, 19, 21, 32, 40, 97, 103, 110, 125, 129, 133, 137, 141, 149, 176, 178, 186, 222], "summary": {"covered_lines": 22, "num_statements": 85, "percent_covered": 21.359223300970875, "percent_covered_display": "21.36", "missing_lines": 63, "excluded_lines": 2, "num_branches": 18, "num_partial_branches": 0, "covered_branches": 0, "missing_branches": 18}, "missing_lines": [29, 30, 34, 35, 36, 38, 42, 93, 94, 95, 99, 100, 101, 105, 106, 107, 108, 112, 115, 116, 119, 120, 121, 122, 123, 127, 131, 135, 139, 143, 144, 145, 146, 147, 151, 168, 169, 170, 172, 181, 182, 183, 188, 190, 191, 194, 195, 197, 198, 199, 200, 203, 204, 205, 206, 207, 210, 211, 212, 214, 216, 217, 219], "excluded_lines": [222, 224], "executed_branches": [], "missing_branches": [[34, 35], [34, 38], [106, 107], [106, 108], [115, 116], [115, 119], [120, -110], [120, 121], [122, -110], [122, 123], [181, 182], [181, 183], [198, 199], [198, 203], [205, 206], [205, 210], [211, 212], [211, 214]], "functions": {"SciTeXConfig.__init__": {"executed_lines": [], "summary": {"covered_lines": 0, "num_statements": 2, "percent_covered": 0.0, "percent_covered_display": "0.00", "missing_lines": 2, "excluded_lines": 0, "num_branches": 0, "num_partial_branches": 0, "covered_branches": 0, "missing_branches": 0}, "missing_lines": [29, 30], "excluded_lines": [], "executed_branches": [], "missing_branches": []}, "SciTeXConfig._load_config": {"executed_lines": [], "summary": {"covered_lines": 0, "num_statements": 4, "percent_covered": 0.0, "percent_covered_display": "0.00", "missing_lines": 4, "excluded_lines": 0, "num_branches": 2, "num_partial_branches": 0, "covered_branches": 0, "missing_branches": 2}, "missing_lines": [34, 35, 36, 38], "excluded_lines": [], "executed_branches": [], "missing_branches": [[34, 35], [34, 38]]}, "SciTeXConfig._create_default_config": {"executed_lines": [], "summary": {"covered_lines": 0, "num_statements": 4, "percent_covered": 0.0, "percent_covered_display": "0.00", "missing_lines": 4, "excluded_lines": 0, "num_branches": 0, "num_partial_branches": 0, "covered_branches": 0, "missing_branches": 0}, "missing_lines": [42, 93, 94, 95], "excluded_lines": [], "executed_branches": [], "missing_branches": []}, "SciTeXConfig.save_config": {"executed_lines": [], "summary": {"covered_lines": 0, "num_statements": 3, "percent_covered": 0.0, "percent_covered_display": "0.00", "missing_lines": 3, "excluded_lines": 0, "num_branches": 0, "num_partial_branches": 0, "covered_branches": 0, "missing_branches": 0}, "missing_lines": [99, 100, 101], "excluded_lines": [], "executed_branches": [], "missing_branches": []}, "SciTeXConfig.get_scitex_paths": {"executed_lines": [], "summary": {"covered_lines": 0, "num_statements": 4, "percent_covered": 0.0, "percent_covered_display": "0.00", "missing_lines": 4, "excluded_lines": 0, "num_branches": 2, "num_partial_branches": 0, "covered_branches": 0, "missing_branches": 2}, "missing_lines": [105, 106, 107, 108], "excluded_lines": [], "executed_branches": [], "missing_branches": [[106, 107], [106, 108]]}, "SciTeXConfig.setup_scitex_directories": {"executed_lines": [], "summary": {"covered_lines": 0, "num_statements": 8, "percent_covered": 0.0, "percent_covered_display": "0.00", "missing_lines": 8, "excluded_lines": 0, "num_branches": 6, "num_partial_branches": 0, "covered_branches": 0, "missing_branches": 6}, "missing_lines": [112, 115, 116, 119, 120, 121, 122, 123], "excluded_lines": [], "executed_branches": [], "missing_branches": [[115, 116], [115, 119], [120, -110], [120, 121], [122, -110], [122, 123]]}, "SciTeXConfig.get_ai_settings": {"executed_lines": [], "summary": {"covered_lines": 0, "num_statements": 1, "percent_covered": 0.0, "percent_covered_display": "0.00", "missing_lines": 1, "excluded_lines": 0, "num_branches": 0, "num_partial_branches": 0, "covered_branches": 0, "missing_branches": 0}, "missing_lines": [127], "excluded_lines": [], "executed_branches": [], "missing_branches": []}, "SciTeXConfig.get_publication_settings": {"executed_lines": [], "summary": {"covered_lines": 0, "num_statements": 1, "percent_covered": 0.0, "percent_covered_display": "0.00", "missing_lines": 1, "excluded_lines": 0, "num_branches": 0, "num_partial_branches": 0, "covered_branches": 0, "missing_branches": 0}, "missing_lines": [131], "excluded_lines": [], "executed_branches": [], "missing_branches": []}, "SciTeXConfig.is_emacs_claude_enabled": {"executed_lines": [], "summary": {"covered_lines": 0, "num_statements": 1, "percent_covered": 0.0, "percent_covered_display": "0.00", "missing_lines": 1, "excluded_lines": 0, "num_branches": 0, "num_partial_branches": 0, "covered_branches": 0, "missing_branches": 0}, "missing_lines": [135], "excluded_lines": [], "executed_branches": [], "missing_branches": []}, "SciTeXConfig.get_default_journal": {"executed_lines": [], "summary": {"covered_lines": 0, "num_statements": 1, "percent_covered": 0.0, "percent_covered_display": "0.00", "missing_lines": 1, "excluded_lines": 0, "num_branches": 0, "num_partial_branches": 0, "covered_branches": 0, "missing_branches": 0}, "missing_lines": [139], "excluded_lines": [], "executed_branches": [], "missing_branches": []}, "SciTeXConfig.enable_ai_workflow": {"executed_lines": [], "summary": {"covered_lines": 0, "num_statements": 5, "percent_covered": 0.0, "percent_covered_display": "0.00", "missing_lines": 5, "excluded_lines": 0, "num_branches": 0, "num_partial_branches": 0, "covered_branches": 0, "missing_branches": 0}, "missing_lines": [143, 144, 145, 146, 147], "excluded_lines": [], "executed_branches": [], "missing_branches": []}, "SciTeXConfig.create_project_config": {"executed_lines": [], "summary": {"covered_lines": 0, "num_statements": 5, "percent_covered": 0.0, "percent_covered_display": "0.00", "missing_lines": 5, "excluded_lines": 0, "num_branches": 0, "num_partial_branches": 0, "covered_branches": 0, "missing_branches": 0}, "missing_lines": [151, 168, 169, 170, 172], "excluded_lines": [], "executed_branches": [], "missing_branches": []}, "get_scitex_config": {"executed_lines": [], "summary": {"covered_lines": 0, "num_statements": 3, "percent_covered": 0.0, "percent_covered_display": "0.00", "missing_lines": 3, "excluded_lines": 0, "num_branches": 2, "num_partial_branches": 0, "covered_branches": 0, "missing_branches": 2}, "missing_lines": [181, 182, 183], "excluded_lines": [], "executed_branches": [], "missing_branches": [[181, 182], [181, 183]]}, "configure_scitex_ecosystem": {"executed_lines": [], "summary": {"covered_lines": 0, "num_statements": 21, "percent_covered": 0.0, "percent_covered_display": "0.00", "missing_lines": 21, "excluded_lines": 0, "num_branches": 6, "num_partial_branches": 0, "covered_branches": 0, "missing_branches": 6}, "missing_lines": [188, 190, 191, 194, 195, 197, 198, 199, 200, 203, 204, 205, 206, 207, 210, 211, 212, 214, 216, 217, 219], "excluded_lines": [], "executed_branches": [], "missing_branches": [[198, 199], [198, 203], [205, 206], [205, 210], [211, 212], [211, 214]]}, "": {"executed_lines": [5, 10, 11, 12, 13, 14, 15, 18, 19, 21, 32, 40, 97, 103, 110, 125, 129, 133, 137, 141, 149, 176, 178, 186, 222], "summary": {"covered_lines": 22, "num_statements": 22, "percent_covered": 100.0, "percent_covered_display": "100.00", "missing_lines": 0, "excluded_lines": 2, "num_branches": 0, "num_partial_branches": 0, "covered_branches": 0, "missing_branches": 0}, "missing_lines": [], "excluded_lines": [222, 224], "executed_branches": [], "missing_branches": []}}, "classes": {"SciTeXConfig": {"executed_lines": [], "summary": {"covered_lines": 0, "num_statements": 39, "percent_covered": 0.0, "percent_covered_display": "0.00", "missing_lines": 39, "excluded_lines": 0, "num_branches": 10, "num_partial_branches": 0, "covered_branches": 0, "missing_branches": 10}, "missing_lines": [29, 30, 34, 35, 36, 38, 42, 93, 94, 95, 99, 100, 101, 105, 106, 107, 108, 112, 115, 116, 119, 120, 121, 122, 123, 127, 131, 135, 139, 143, 144, 145, 146, 147, 151, 168, 169, 170, 172], "excluded_lines": [], "executed_branches": [], "missing_branches": [[34, 35], [34, 38], [106, 107], [106, 108], [115, 116], [115, 119], [120, -110], [120, 121], [122, -110], [122, 123]]}, "": {"executed_lines": [5, 10, 11, 12, 13, 14, 15, 18, 19, 21, 32, 40, 97, 103, 110, 125, 129, 133, 137, 141, 149, 176, 178, 186, 222], "summary": {"covered_lines": 22, "num_statements": 46, "percent_covered": 40.74074074074074, "percent_covered_display": "40.74", "missing_lines": 24, "excluded_lines": 2, "num_branches": 8, "num_partial_branches": 0, "covered_branches": 0, "missing_branches": 8}, "missing_lines": [181, 182, 183, 188, 190, 191, 194, 195, 197, 198, 199, 200, 203, 204, 205, 206, 207, 210, 211, 212, 214, 216, 217, 219], "excluded_lines": [222, 224], "executed_branches": [], "missing_branches": [[181, 182], [181, 183], [198, 199], [198, 203], [205, 206], [205, 210], [211, 212], [211, 214]]}}}, "src/scitex/plt/utils/_units.py": {"executed_lines": [6, 14, 17, 18, 21, 45, 66, 69, 88, 91, 113], "summary": {"covered_lines": 9, "num_statements": 11, "percent_covered": 81.81818181818181, "percent_covered_display": "81.82", "missing_lines": 2, "excluded_lines": 8, "num_branches": 0, "num_partial_branches": 0, "covered_branches": 0, "missing_branches": 0}, "missing_lines": [42, 110], "excluded_lines": [113, 115, 116, 117, 118, 119, 120, 121], "executed_branches": [], "missing_branches": [], "functions": {"mm_to_inch": {"executed_lines": [], "summary": {"covered_lines": 0, "num_statements": 1, "percent_covered": 0.0, "percent_covered_display": "0.00", "missing_lines": 1, "excluded_lines": 0, "num_branches": 0, "num_partial_branches": 0, "covered_branches": 0, "missing_branches": 0}, "missing_lines": [42], "excluded_lines": [], "executed_branches": [], "missing_branches": []}, "mm_to_pt": {"executed_lines": [66], "summary": {"covered_lines": 1, "num_statements": 1, "percent_covered": 100.0, "percent_covered_display": "100.00", "missing_lines": 0, "excluded_lines": 0, "num_branches": 0, "num_partial_branches": 0, "covered_branches": 0, "missing_branches": 0}, "missing_lines": [], "excluded_lines": [], "executed_branches": [], "missing_branches": []}, "inch_to_mm": {"executed_lines": [88], "summary": {"covered_lines": 1, "num_statements": 1, "percent_covered": 100.0, "percent_covered_display": "100.00", "missing_lines": 0, "excluded_lines": 0, "num_branches": 0, "num_partial_branches": 0, "covered_branches": 0, "missing_branches": 0}, "missing_lines": [], "excluded_lines": [], "executed_branches": [], "missing_branches": []}, "pt_to_mm": {"executed_lines": [], "summary": {"covered_lines": 0, "num_statements": 1, "percent_covered": 0.0, "percent_covered_display": "0.00", "missing_lines": 1, "excluded_lines": 0, "num_branches": 0, "num_partial_branches": 0, "covered_branches": 0, "missing_branches": 0}, "missing_lines": [110], "excluded_lines": [], "executed_branches": [], "missing_branches": []}, "": {"executed_lines": [6, 14, 17, 18, 21, 45, 69, 91, 113], "summary": {"covered_lines": 7, "num_statements": 7, "percent_covered": 100.0, "percent_covered_display": "100.00", "missing_lines": 0, "excluded_lines": 8, "num_branches": 0, "num_partial_branches": 0, "covered_branches": 0, "missing_branches": 0}, "missing_lines": [], "excluded_lines": [113, 115, 116, 117, 118, 119, 120, 121], "executed_branches": [], "missing_branches": []}}, "classes": {"": {"executed_lines": [6, 14, 17, 18, 21, 45, 66, 69, 88, 91, 113], "summary": {"covered_lines": 9, "num_statements": 11, "percent_covered": 81.81818181818181, "percent_covered_display": "81.82", "missing_lines": 2, "excluded_lines": 8, "num_branches": 0, "num_partial_branches": 0, "covered_branches": 0, "missing_branches": 0}, "missing_lines": [42, 110], "excluded_lines": [113, 115, 116, 117, 118, 119, 120, 121], "executed_branches": [], "missing_branches": []}}}}, "totals": {"covered_lines": 2492, "num_statements": 7912, "percent_covered": 27.172312223858615, "percent_covered_display": "27.17", "missing_lines": 5420, "excluded_lines": 431, "num_branches": 2952, "num_partial_branches": 122, "covered_branches": 460, "missing_branches": 2492}}