{"meta": {"format": 3, "version": "7.11.0", "timestamp": "2025-12-09T07:16:17.417530", "branch_coverage": true, "show_contexts": false}, "files": {"src/scitex/stats/__init__.py": {"executed_lines": [2, 17, 18, 19, 20, 21, 22, 23, 24, 27, 28, 36, 55], "summary": {"covered_lines": 12, "num_statements": 12, "percent_covered": 100.0, "percent_covered_display": "100.00", "missing_lines": 0, "excluded_lines": 0, "num_branches": 0, "num_partial_branches": 0, "covered_branches": 0, "missing_branches": 0}, "missing_lines": [], "excluded_lines": [], "executed_branches": [], "missing_branches": [], "functions": {"": {"executed_lines": [2, 17, 18, 19, 20, 21, 22, 23, 24, 27, 28, 36, 55], "summary": {"covered_lines": 12, "num_statements": 12, "percent_covered": 100.0, "percent_covered_display": "100.00", "missing_lines": 0, "excluded_lines": 0, "num_branches": 0, "num_partial_branches": 0, "covered_branches": 0, "missing_branches": 0}, "missing_lines": [], "excluded_lines": [], "executed_branches": [], "missing_branches": []}}, "classes": {"": {"executed_lines": [2, 17, 18, 19, 20, 21, 22, 23, 24, 27, 28, 36, 55], "summary": {"covered_lines": 12, "num_statements": 12, "percent_covered": 100.0, "percent_covered_display": "100.00", "missing_lines": 0, "excluded_lines": 0, "num_branches": 0, "num_partial_branches": 0, "covered_branches": 0, "missing_branches": 0}, "missing_lines": [], "excluded_lines": [], "executed_branches": [], "missing_branches": []}}}, "src/scitex/stats/_schema.py": {"executed_lines": [2, 14, 15, 16, 17, 18, 22, 23, 24, 29, 30, 31, 33, 34, 35, 38, 39, 41, 43, 51, 52, 54, 56, 58, 59, 60, 62, 63, 70, 72, 81, 83, 84, 85, 94, 95, 96, 99, 100, 101, 104, 107, 108, 111, 113, 115, 117, 118, 120, 122, 124, 125, 126, 127, 133, 134, 135, 137, 138, 141, 142, 143, 146, 148, 150, 159, 160, 162, 163, 164, 165, 168, 169, 170, 204, 205, 208, 209, 210, 213, 218, 223, 228, 233, 237, 240, 243, 247, 248, 249, 251, 253, 254, 256, 257, 259, 260, 262, 271, 274, 275, 277, 278, 279, 281, 282, 283, 284, 285, 287, 289, 303, 305, 306, 320, 323, 324, 328, 329, 331, 333, 334, 348, 350, 378, 379, 381, 382, 384, 385, 387, 388, 390, 391, 392, 394, 395, 396, 397, 399, 401, 402, 403, 411, 420, 421, 422, 423, 424, 425, 427, 429, 443, 444, 445, 447, 448, 449, 451, 452, 454, 456, 462, 467, 468, 473, 481, 500, 535, 572, 575, 585, 588, 590], "summary": {"covered_lines": 169, "num_statements": 180, "percent_covered": 90.57377049180327, "percent_covered_display": "90.57", "missing_lines": 11, "excluded_lines": 2, "num_branches": 64, "num_partial_branches": 8, "covered_branches": 52, "missing_branches": 12}, "missing_lines": [79, 128, 129, 130, 276, 280, 405, 407, 409, 450, 479], "excluded_lines": [229, 230], "executed_branches": [[58, 59], [58, 60], [60, 62], [60, 70], [70, 72], [124, 125], [124, 126], [126, 127], [163, 164], [163, 165], [253, 254], [253, 256], [256, 257], [256, 259], [259, -251], [259, 260], [275, 277], [277, 278], [277, 279], [279, 281], [281, 282], [281, 283], [283, 284], [283, 285], [323, 324], [323, 328], [328, 329], [328, 331], [381, 382], [381, 384], [384, 385], [384, 387], [387, 388], [387, 390], [390, 391], [390, 401], [394, 395], [401, 402], [420, 421], [420, 422], [422, 423], [422, 424], [424, 425], [424, 427], [443, 444], [443, 467], [447, 448], [447, 449], [449, 451], [451, 452], [451, 454], [467, 468]], "missing_branches": [[70, 79], [126, 128], [128, 129], [128, 130], [275, 276], [279, 280], [394, 399], [401, 405], [405, 407], [405, 409], [449, 450], [467, 479]], "functions": {"Position.to_dict": {"executed_lines": [43], "summary": {"covered_lines": 1, "num_statements": 1, "percent_covered": 100.0, "percent_covered_display": "100.00", "missing_lines": 0, "excluded_lines": 0, "num_branches": 0, "num_partial_branches": 0, "covered_branches": 0, "missing_branches": 0}, "missing_lines": [], "excluded_lines": [], "executed_branches": [], "missing_branches": []}, "Position.from_dict": {"executed_lines": [54], "summary": {"covered_lines": 1, "num_statements": 1, "percent_covered": 100.0, "percent_covered_display": "100.00", "missing_lines": 0, "excluded_lines": 0, "num_branches": 0, "num_partial_branches": 0, "covered_branches": 0, "missing_branches": 0}, "missing_lines": [], "excluded_lines": [], "executed_branches": [], "missing_branches": []}, "Position.to_mm": {"executed_lines": [58, 59, 60, 62, 63, 70, 72], "summary": {"covered_lines": 7, "num_statements": 8, "percent_covered": 85.71428571428571, "percent_covered_display": "85.71", "missing_lines": 1, "excluded_lines": 0, "num_branches": 6, "num_partial_branches": 1, "covered_branches": 5, "missing_branches": 1}, "missing_lines": [79], "excluded_lines": [], "executed_branches": [[58, 59], [58, 60], [60, 62], [60, 70], [70, 72]], "missing_branches": [[70, 79]]}, "Position.to_px": {"executed_lines": [83, 84, 85], "summary": {"covered_lines": 3, "num_statements": 3, "percent_covered": 100.0, "percent_covered_display": "100.00", "missing_lines": 0, "excluded_lines": 0, "num_branches": 0, "num_partial_branches": 0, "covered_branches": 0, "missing_branches": 0}, "missing_lines": [], "excluded_lines": [], "executed_branches": [], "missing_branches": []}, "StatStyling.to_dict": {"executed_lines": [115], "summary": {"covered_lines": 1, "num_statements": 1, "percent_covered": 100.0, "percent_covered_display": "100.00", "missing_lines": 0, "excluded_lines": 0, "num_branches": 0, "num_partial_branches": 0, "covered_branches": 0, "missing_branches": 0}, "missing_lines": [], "excluded_lines": [], "executed_branches": [], "missing_branches": []}, "StatStyling.from_dict": {"executed_lines": [120], "summary": {"covered_lines": 1, "num_statements": 1, "percent_covered": 100.0, "percent_covered_display": "100.00", "missing_lines": 0, "excluded_lines": 0, "num_branches": 0, "num_partial_branches": 0, "covered_branches": 0, "missing_branches": 0}, "missing_lines": [], "excluded_lines": [], "executed_branches": [], "missing_branches": []}, "StatStyling.get_theme_color": {"executed_lines": [124, 125, 126, 127], "summary": {"covered_lines": 4, "num_statements": 7, "percent_covered": 53.84615384615385, "percent_covered_display": "53.85", "missing_lines": 3, "excluded_lines": 0, "num_branches": 6, "num_partial_branches": 1, "covered_branches": 3, "missing_branches": 3}, "missing_lines": [128, 129, 130], "excluded_lines": [], "executed_branches": [[124, 125], [124, 126], [126, 127]], "missing_branches": [[126, 128], [128, 129], [128, 130]]}, "StatPositioning.to_dict": {"executed_lines": [150], "summary": {"covered_lines": 1, "num_statements": 1, "percent_covered": 100.0, "percent_covered_display": "100.00", "missing_lines": 0, "excluded_lines": 0, "num_branches": 0, "num_partial_branches": 0, "covered_branches": 0, "missing_branches": 0}, "missing_lines": [], "excluded_lines": [], "executed_branches": [], "missing_branches": []}, "StatPositioning.from_dict": {"executed_lines": [162, 163, 164, 165], "summary": {"covered_lines": 4, "num_statements": 4, "percent_covered": 100.0, "percent_covered_display": "100.00", "missing_lines": 0, "excluded_lines": 0, "num_branches": 2, "num_partial_branches": 0, "covered_branches": 2, "missing_branches": 0}, "missing_lines": [], "excluded_lines": [], "executed_branches": [[163, 164], [163, 165]], "missing_branches": []}, "StatResult.__post_init__": {"executed_lines": [253, 254, 256, 257, 259, 260], "summary": {"covered_lines": 6, "num_statements": 6, "percent_covered": 100.0, "percent_covered_display": "100.00", "missing_lines": 0, "excluded_lines": 0, "num_branches": 6, "num_partial_branches": 0, "covered_branches": 6, "missing_branches": 0}, "missing_lines": [], "excluded_lines": [], "executed_branches": [[253, 254], [253, 256], [256, 257], [256, 259], [259, -251], [259, 260]], "missing_branches": []}, "StatResult.to_dict": {"executed_lines": [271, 274, 287], "summary": {"covered_lines": 3, "num_statements": 3, "percent_covered": 100.0, "percent_covered_display": "100.00", "missing_lines": 0, "excluded_lines": 0, "num_branches": 0, "num_partial_branches": 0, "covered_branches": 0, "missing_branches": 0}, "missing_lines": [], "excluded_lines": [], "executed_branches": [], "missing_branches": []}, "StatResult.to_dict.convert_numpy": {"executed_lines": [275, 277, 278, 279, 281, 282, 283, 284, 285], "summary": {"covered_lines": 9, "num_statements": 11, "percent_covered": 80.95238095238095, "percent_covered_display": "80.95", "missing_lines": 2, "excluded_lines": 0, "num_branches": 10, "num_partial_branches": 2, "covered_branches": 8, "missing_branches": 2}, "missing_lines": [276, 280], "excluded_lines": [], "executed_branches": [[275, 277], [277, 278], [277, 279], [279, 281], [281, 282], [281, 283], [283, 284], [283, 285]], "missing_branches": [[275, 276], [279, 280]]}, "StatResult.to_json": {"executed_lines": [303], "summary": {"covered_lines": 1, "num_statements": 1, "percent_covered": 100.0, "percent_covered_display": "100.00", "missing_lines": 0, "excluded_lines": 0, "num_branches": 0, "num_partial_branches": 0, "covered_branches": 0, "missing_branches": 0}, "missing_lines": [], "excluded_lines": [], "executed_branches": [], "missing_branches": []}, "StatResult.from_dict": {"executed_lines": [320, 323, 324, 328, 329, 331], "summary": {"covered_lines": 6, "num_statements": 6, "percent_covered": 100.0, "percent_covered_display": "100.00", "missing_lines": 0, "excluded_lines": 0, "num_branches": 4, "num_partial_branches": 0, "covered_branches": 4, "missing_branches": 0}, "missing_lines": [], "excluded_lines": [], "executed_branches": [[323, 324], [323, 328], [328, 329], [328, 331]], "missing_branches": []}, "StatResult.from_json": {"executed_lines": [348], "summary": {"covered_lines": 1, "num_statements": 1, "percent_covered": 100.0, "percent_covered_display": "100.00", "missing_lines": 0, "excluded_lines": 0, "num_branches": 0, "num_partial_branches": 0, "covered_branches": 0, "missing_branches": 0}, "missing_lines": [], "excluded_lines": [], "executed_branches": [], "missing_branches": []}, "StatResult.format_text": {"executed_lines": [378, 379, 381, 382, 384, 385, 387, 388, 390, 391, 392, 394, 395, 396, 397, 399, 401, 402, 403], "summary": {"covered_lines": 19, "num_statements": 22, "percent_covered": 80.55555555555556, "percent_covered_display": "80.56", "missing_lines": 3, "excluded_lines": 0, "num_branches": 14, "num_partial_branches": 2, "covered_branches": 10, "missing_branches": 4}, "missing_lines": [405, 407, 409], "excluded_lines": [], "executed_branches": [[381, 382], [381, 384], [384, 385], [384, 387], [387, 388], [387, 390], [390, 391], [390, 401], [394, 395], [401, 402]], "missing_branches": [[394, 399], [401, 405], [405, 407], [405, 409]]}, "StatResult._format_p_publication": {"executed_lines": [420, 421, 422, 423, 424, 425, 427], "summary": {"covered_lines": 7, "num_statements": 7, "percent_covered": 100.0, "percent_covered_display": "100.00", "missing_lines": 0, "excluded_lines": 0, "num_branches": 6, "num_partial_branches": 0, "covered_branches": 6, "missing_branches": 0}, "missing_lines": [], "excluded_lines": [], "executed_branches": [[420, 421], [420, 422], [422, 423], [422, 424], [424, 425], [424, 427]], "missing_branches": []}, "StatResult.get_interpretation": {"executed_lines": [443, 444, 445, 447, 448, 449, 451, 452, 454, 456, 462, 467, 468, 473], "summary": {"covered_lines": 14, "num_statements": 16, "percent_covered": 84.61538461538461, "percent_covered_display": "84.62", "missing_lines": 2, "excluded_lines": 0, "num_branches": 10, "num_partial_branches": 2, "covered_branches": 8, "missing_branches": 2}, "missing_lines": [450, 479], "excluded_lines": [], "executed_branches": [[443, 444], [443, 467], [447, 448], [447, 449], [449, 451], [451, 452], [451, 454], [467, 468]], "missing_branches": [[449, 450], [467, 479]]}, "StatResult.to_annotation_dict": {"executed_lines": [500], "summary": {"covered_lines": 1, "num_statements": 1, "percent_covered": 100.0, "percent_covered_display": "100.00", "missing_lines": 0, "excluded_lines": 0, "num_branches": 0, "num_partial_branches": 0, "covered_branches": 0, "missing_branches": 0}, "missing_lines": [], "excluded_lines": [], "executed_branches": [], "missing_branches": []}, "create_stat_result": {"executed_lines": [572, 575, 585, 588, 590], "summary": {"covered_lines": 5, "num_statements": 5, "percent_covered": 100.0, "percent_covered_display": "100.00", "missing_lines": 0, "excluded_lines": 0, "num_branches": 0, "num_partial_branches": 0, "covered_branches": 0, "missing_branches": 0}, "missing_lines": [], "excluded_lines": [], "executed_branches": [], "missing_branches": []}, "": {"executed_lines": [2, 14, 15, 16, 17, 18, 22, 23, 24, 29, 30, 31, 33, 34, 35, 38, 39, 41, 51, 52, 56, 81, 94, 95, 96, 99, 100, 101, 104, 107, 108, 111, 113, 117, 118, 122, 133, 134, 135, 137, 138, 141, 142, 143, 146, 148, 159, 160, 168, 169, 170, 204, 205, 208, 209, 210, 213, 218, 223, 228, 233, 237, 240, 243, 247, 248, 249, 251, 262, 289, 305, 306, 333, 334, 350, 411, 429, 481, 535], "summary": {"covered_lines": 74, "num_statements": 74, "percent_covered": 100.0, "percent_covered_display": "100.00", "missing_lines": 0, "excluded_lines": 2, "num_branches": 0, "num_partial_branches": 0, "covered_branches": 0, "missing_branches": 0}, "missing_lines": [], "excluded_lines": [229, 230], "executed_branches": [], "missing_branches": []}}, "classes": {"Position": {"executed_lines": [43, 54, 58, 59, 60, 62, 63, 70, 72, 83, 84, 85], "summary": {"covered_lines": 12, "num_statements": 13, "percent_covered": 89.47368421052632, "percent_covered_display": "89.47", "missing_lines": 1, "excluded_lines": 0, "num_branches": 6, "num_partial_branches": 1, "covered_branches": 5, "missing_branches": 1}, "missing_lines": [79], "excluded_lines": [], "executed_branches": [[58, 59], [58, 60], [60, 62], [60, 70], [70, 72]], "missing_branches": [[70, 79]]}, "StatStyling": {"executed_lines": [115, 120, 124, 125, 126, 127], "summary": {"covered_lines": 6, "num_statements": 9, "percent_covered": 60.0, "percent_covered_display": "60.00", "missing_lines": 3, "excluded_lines": 0, "num_branches": 6, "num_partial_branches": 1, "covered_branches": 3, "missing_branches": 3}, "missing_lines": [128, 129, 130], "excluded_lines": [], "executed_branches": [[124, 125], [124, 126], [126, 127]], "missing_branches": [[126, 128], [128, 129], [128, 130]]}, "StatPositioning": {"executed_lines": [150, 162, 163, 164, 165], "summary": {"covered_lines": 5, "num_statements": 5, "percent_covered": 100.0, "percent_covered_display": "100.00", "missing_lines": 0, "excluded_lines": 0, "num_branches": 2, "num_partial_branches": 0, "covered_branches": 2, "missing_branches": 0}, "missing_lines": [], "excluded_lines": [], "executed_branches": [[163, 164], [163, 165]], "missing_branches": []}, "StatResult": {"executed_lines": [253, 254, 256, 257, 259, 260, 271, 274, 275, 277, 278, 279, 281, 282, 283, 284, 285, 287, 303, 320, 323, 324, 328, 329, 331, 348, 378, 379, 381, 382, 384, 385, 387, 388, 390, 391, 392, 394, 395, 396, 397, 399, 401, 402, 403, 420, 421, 422, 423, 424, 425, 427, 443, 444, 445, 447, 448, 449, 451, 452, 454, 456, 462, 467, 468, 473, 500], "summary": {"covered_lines": 67, "num_statements": 74, "percent_covered": 87.90322580645162, "percent_covered_display": "87.90", "missing_lines": 7, "excluded_lines": 0, "num_branches": 50, "num_partial_branches": 6, "covered_branches": 42, "missing_branches": 8}, "missing_lines": [276, 280, 405, 407, 409, 450, 479], "excluded_lines": [], "executed_branches": [[253, 254], [253, 256], [256, 257], [256, 259], [259, -251], [259, 260], [275, 277], [277, 278], [277, 279], [279, 281], [281, 282], [281, 283], [283, 284], [283, 285], [323, 324], [323, 328], [328, 329], [328, 331], [381, 382], [381, 384], [384, 385], [384, 387], [387, 388], [387, 390], [390, 391], [390, 401], [394, 395], [401, 402], [420, 421], [420, 422], [422, 423], [422, 424], [424, 425], [424, 427], [443, 444], [443, 467], [447, 448], [447, 449], [449, 451], [451, 452], [451, 454], [467, 468]], "missing_branches": [[275, 276], [279, 280], [394, 399], [401, 405], [405, 407], [405, 409], [449, 450], [467, 479]]}, "": {"executed_lines": [2, 14, 15, 16, 17, 18, 22, 23, 24, 29, 30, 31, 33, 34, 35, 38, 39, 41, 51, 52, 56, 81, 94, 95, 96, 99, 100, 101, 104, 107, 108, 111, 113, 117, 118, 122, 133, 134, 135, 137, 138, 141, 142, 143, 146, 148, 159, 160, 168, 169, 170, 204, 205, 208, 209, 210, 213, 218, 223, 228, 233, 237, 240, 243, 247, 248, 249, 251, 262, 289, 305, 306, 333, 334, 350, 411, 429, 481, 535, 572, 575, 585, 588, 590], "summary": {"covered_lines": 79, "num_statements": 79, "percent_covered": 100.0, "percent_covered_display": "100.00", "missing_lines": 0, "excluded_lines": 2, "num_branches": 0, "num_partial_branches": 0, "covered_branches": 0, "missing_branches": 0}, "missing_lines": [], "excluded_lines": [229, 230], "executed_branches": [], "missing_branches": []}}}, "src/scitex/stats/correct/__init__.py": {"executed_lines": [4, 11, 12, 13, 14, 16], "summary": {"covered_lines": 5, "num_statements": 5, "percent_covered": 100.0, "percent_covered_display": "100.00", "missing_lines": 0, "excluded_lines": 0, "num_branches": 0, "num_partial_branches": 0, "covered_branches": 0, "missing_branches": 0}, "missing_lines": [], "excluded_lines": [], "executed_branches": [], "missing_branches": [], "functions": {"": {"executed_lines": [4, 11, 12, 13, 14, 16], "summary": {"covered_lines": 5, "num_statements": 5, "percent_covered": 100.0, "percent_covered_display": "100.00", "missing_lines": 0, "excluded_lines": 0, "num_branches": 0, "num_partial_branches": 0, "covered_branches": 0, "missing_branches": 0}, "missing_lines": [], "excluded_lines": [], "executed_branches": [], "missing_branches": []}}, "classes": {"": {"executed_lines": [4, 11, 12, 13, 14, 16], "summary": {"covered_lines": 5, "num_statements": 5, "percent_covered": 100.0, "percent_covered_display": "100.00", "missing_lines": 0, "excluded_lines": 0, "num_branches": 0, "num_partial_branches": 0, "covered_branches": 0, "missing_branches": 0}, "missing_lines": [], "excluded_lines": [], "executed_branches": [], "missing_branches": []}}}, "src/scitex/stats/correct/_correct_bonferroni.py": {"executed_lines": [6, 7, 9, 10, 13, 28, 29, 30, 32, 33, 34, 35, 36, 37, 39, 41, 44, 148, 149, 151, 155, 156, 159, 160, 161, 162, 164, 166, 167, 169, 172, 173, 177, 180, 181, 183, 185, 188, 191, 194, 220, 224, 232, 234, 241, 242, 243, 244, 246, 249, 318, 321, 522, 529, 557], "summary": {"covered_lines": 54, "num_statements": 190, "percent_covered": 28.174603174603174, "percent_covered_display": "28.17", "missing_lines": 136, "excluded_lines": 21, "num_branches": 62, "num_partial_branches": 5, "covered_branches": 17, "missing_branches": 45}, "missing_lines": [195, 202, 204, 205, 206, 207, 208, 209, 210, 211, 221, 225, 226, 228, 229, 233, 235, 236, 238, 251, 252, 255, 256, 267, 268, 277, 280, 290, 291, 292, 296, 297, 298, 301, 302, 303, 304, 305, 306, 307, 308, 309, 311, 312, 313, 315, 328, 335, 340, 346, 353, 354, 356, 358, 359, 361, 364, 365, 373, 382, 386, 388, 407, 410, 412, 413, 415, 416, 417, 419, 420, 421, 422, 423, 424, 425, 428, 430, 431, 432, 434, 435, 436, 437, 438, 439, 440, 441, 444, 447, 448, 449, 450, 452, 453, 455, 456, 459, 460, 461, 463, 465, 466, 468, 470, 471, 472, 473, 474, 475, 478, 479, 482, 490, 497, 498, 501, 502, 503, 506, 507, 508, 509, 511, 513, 516, 519, 524, 525, 526, 533, 535, 537, 539, 548, 550], "excluded_lines": [152, 174, 196, 199, 203, 213, 323, 326, 338, 351, 367, 368, 371, 383, 384, 389, 390, 405, 517, 557, 558], "executed_branches": [[159, 160], [159, 161], [161, 162], [161, 164], [166, 167], [166, 169], [180, 181], [180, 183], [194, 220], [220, 224], [224, 232], [232, 234], [234, 241], [241, 242], [241, 243], [243, 244], [243, 246]], "missing_branches": [[194, 195], [204, 205], [204, 220], [206, 207], [206, 208], [208, 209], [208, 210], [220, 221], [224, 225], [225, 226], [225, 229], [232, 233], [234, 235], [235, 236], [235, 238], [267, 268], [267, 277], [301, 302], [301, 315], [303, 304], [303, 312], [304, 305], [304, 306], [306, 307], [306, 308], [308, 309], [308, 311], [356, 358], [356, 361], [415, 416], [415, 419], [459, 460], [459, 470], [460, 461], [460, 463], [465, 466], [465, 468], [501, 502], [501, 506], [506, 507], [506, 511], [507, 506], [507, 508], [508, 507], [508, 509]], "functions": {"correct_bonferroni": {"executed_lines": [148, 149, 151, 155, 156, 159, 160, 161, 162, 164, 166, 167, 169, 172, 173, 177, 180, 181, 183, 185, 188, 191, 194, 220, 224, 232, 234, 241, 242, 243, 244, 246], "summary": {"covered_lines": 32, "num_statements": 51, "percent_covered": 59.036144578313255, "percent_covered_display": "59.04", "missing_lines": 19, "excluded_lines": 6, "num_branches": 32, "num_partial_branches": 5, "covered_branches": 17, "missing_branches": 15}, "missing_lines": [195, 202, 204, 205, 206, 207, 208, 209, 210, 211, 221, 225, 226, 228, 229, 233, 235, 236, 238], "excluded_lines": [152, 174, 196, 199, 203, 213], "executed_branches": [[159, 160], [159, 161], [161, 162], [161, 164], [166, 167], [166, 169], [180, 181], [180, 183], [194, 220], [220, 224], [224, 232], [232, 234], [234, 241], [241, 242], [241, 243], [243, 244], [243, 246]], "missing_branches": [[194, 195], [204, 205], [204, 220], [206, 207], [206, 208], [208, 209], [208, 210], [220, 221], [224, 225], [225, 226], [225, 229], [232, 233], [234, 235], [235, 236], [235, 238]]}, "_plot_bonferroni": {"executed_lines": [], "summary": {"covered_lines": 0, "num_statements": 27, "percent_covered": 0.0, "percent_covered_display": "0.00", "missing_lines": 27, "excluded_lines": 0, "num_branches": 12, "num_partial_branches": 0, "covered_branches": 0, "missing_branches": 12}, "missing_lines": [251, 252, 255, 256, 267, 268, 277, 280, 290, 291, 292, 296, 297, 298, 301, 302, 303, 304, 305, 306, 307, 308, 309, 311, 312, 313, 315], "excluded_lines": [], "executed_branches": [], "missing_branches": [[267, 268], [267, 277], [301, 302], [301, 315], [303, 304], [303, 312], [304, 305], [304, 306], [306, 307], [306, 308], [308, 309], [308, 311]]}, "main": {"executed_lines": [], "summary": {"covered_lines": 0, "num_statements": 81, "percent_covered": 0.0, "percent_covered_display": "0.00", "missing_lines": 81, "excluded_lines": 13, "num_branches": 18, "num_partial_branches": 0, "covered_branches": 0, "missing_branches": 18}, "missing_lines": [328, 335, 340, 346, 353, 354, 356, 358, 359, 361, 364, 365, 373, 382, 386, 388, 407, 410, 412, 413, 415, 416, 417, 419, 420, 421, 422, 423, 424, 425, 428, 430, 431, 432, 434, 435, 436, 437, 438, 439, 440, 441, 444, 447, 448, 449, 450, 452, 453, 455, 456, 459, 460, 461, 463, 465, 466, 468, 470, 471, 472, 473, 474, 475, 478, 479, 482, 490, 497, 498, 501, 502, 503, 506, 507, 508, 509, 511, 513, 516, 519], "excluded_lines": [323, 326, 338, 351, 367, 368, 371, 383, 384, 389, 390, 405, 517], "executed_branches": [], "missing_branches": [[356, 358], [356, 361], [415, 416], [415, 419], [459, 460], [459, 470], [460, 461], [460, 463], [465, 466], [465, 468], [501, 502], [501, 506], [506, 507], [506, 511], [507, 506], [507, 508], [508, 507], [508, 509]]}, "parse_args": {"executed_lines": [], "summary": {"covered_lines": 0, "num_statements": 3, "percent_covered": 0.0, "percent_covered_display": "0.00", "missing_lines": 3, "excluded_lines": 0, "num_branches": 0, "num_partial_branches": 0, "covered_branches": 0, "missing_branches": 0}, "missing_lines": [524, 525, 526], "excluded_lines": [], "executed_branches": [], "missing_branches": []}, "run_main": {"executed_lines": [], "summary": {"covered_lines": 0, "num_statements": 6, "percent_covered": 0.0, "percent_covered_display": "0.00", "missing_lines": 6, "excluded_lines": 0, "num_branches": 0, "num_partial_branches": 0, "covered_branches": 0, "missing_branches": 0}, "missing_lines": [533, 535, 537, 539, 548, 550], "excluded_lines": [], "executed_branches": [], "missing_branches": []}, "": {"executed_lines": [6, 7, 9, 10, 13, 28, 29, 30, 32, 33, 34, 35, 36, 37, 39, 41, 44, 249, 318, 321, 522, 529, 557], "summary": {"covered_lines": 22, "num_statements": 22, "percent_covered": 100.0, "percent_covered_display": "100.00", "missing_lines": 0, "excluded_lines": 2, "num_branches": 0, "num_partial_branches": 0, "covered_branches": 0, "missing_branches": 0}, "missing_lines": [], "excluded_lines": [557, 558], "executed_branches": [], "missing_branches": []}}, "classes": {"": {"executed_lines": [6, 7, 9, 10, 13, 28, 29, 30, 32, 33, 34, 35, 36, 37, 39, 41, 44, 148, 149, 151, 155, 156, 159, 160, 161, 162, 164, 166, 167, 169, 172, 173, 177, 180, 181, 183, 185, 188, 191, 194, 220, 224, 232, 234, 241, 242, 243, 244, 246, 249, 318, 321, 522, 529, 557], "summary": {"covered_lines": 54, "num_statements": 190, "percent_covered": 28.174603174603174, "percent_covered_display": "28.17", "missing_lines": 136, "excluded_lines": 21, "num_branches": 62, "num_partial_branches": 5, "covered_branches": 17, "missing_branches": 45}, "missing_lines": [195, 202, 204, 205, 206, 207, 208, 209, 210, 211, 221, 225, 226, 228, 229, 233, 235, 236, 238, 251, 252, 255, 256, 267, 268, 277, 280, 290, 291, 292, 296, 297, 298, 301, 302, 303, 304, 305, 306, 307, 308, 309, 311, 312, 313, 315, 328, 335, 340, 346, 353, 354, 356, 358, 359, 361, 364, 365, 373, 382, 386, 388, 407, 410, 412, 413, 415, 416, 417, 419, 420, 421, 422, 423, 424, 425, 428, 430, 431, 432, 434, 435, 436, 437, 438, 439, 440, 441, 444, 447, 448, 449, 450, 452, 453, 455, 456, 459, 460, 461, 463, 465, 466, 468, 470, 471, 472, 473, 474, 475, 478, 479, 482, 490, 497, 498, 501, 502, 503, 506, 507, 508, 509, 511, 513, 516, 519, 524, 525, 526, 533, 535, 537, 539, 548, 550], "excluded_lines": [152, 174, 196, 199, 203, 213, 323, 326, 338, 351, 367, 368, 371, 383, 384, 389, 390, 405, 517, 557, 558], "executed_branches": [[159, 160], [159, 161], [161, 162], [161, 164], [166, 167], [166, 169], [180, 181], [180, 183], [194, 220], [220, 224], [224, 232], [232, 234], [234, 241], [241, 242], [241, 243], [243, 244], [243, 246]], "missing_branches": [[194, 195], [204, 205], [204, 220], [206, 207], [206, 208], [208, 209], [208, 210], [220, 221], [224, 225], [225, 226], [225, 229], [232, 233], [234, 235], [235, 236], [235, 238], [267, 268], [267, 277], [301, 302], [301, 315], [303, 304], [303, 312], [304, 305], [304, 306], [306, 307], [306, 308], [308, 309], [308, 311], [356, 358], [356, 361], [415, 416], [415, 419], [459, 460], [459, 470], [460, 461], [460, 463], [465, 466], [465, 468], [501, 502], [501, 506], [506, 507], [506, 511], [507, 506], [507, 508], [508, 507], [508, 509]]}}}, "src/scitex/stats/correct/_correct_fdr.py": {"executed_lines": [6, 8, 10, 25, 26, 27, 28, 29, 30, 31, 33, 34, 35, 36, 37, 39, 41, 44, 164, 165, 167, 172, 173, 176, 177, 178, 179, 181, 183, 184, 186, 189, 192, 193, 197, 198, 201, 203, 204, 205, 207, 210, 211, 212, 213, 218, 221, 222, 224, 227, 228, 229, 231, 232, 234, 238, 239, 241, 242, 245, 246, 247, 248, 250, 253, 256, 261, 284, 288, 296, 298, 305, 306, 307, 308, 310, 313, 388, 391, 605], "summary": {"covered_lines": 79, "num_statements": 218, "percent_covered": 37.857142857142854, "percent_covered_display": "37.86", "missing_lines": 139, "excluded_lines": 28, "num_branches": 62, "num_partial_branches": 7, "covered_branches": 27, "missing_branches": 35}, "missing_lines": [168, 216, 262, 266, 268, 269, 270, 271, 272, 273, 274, 275, 285, 289, 290, 292, 293, 297, 299, 300, 302, 315, 316, 319, 327, 338, 339, 348, 358, 359, 360, 361, 362, 366, 367, 368, 371, 372, 373, 374, 375, 376, 377, 378, 379, 381, 382, 383, 385, 393, 402, 409, 414, 422, 429, 436, 438, 440, 441, 450, 453, 456, 457, 458, 468, 469, 470, 479, 480, 483, 484, 487, 490, 493, 496, 498, 499, 505, 512, 518, 521, 523, 524, 526, 527, 528, 529, 530, 531, 532, 535, 537, 538, 540, 541, 542, 543, 544, 545, 546, 549, 551, 552, 553, 554, 556, 557, 558, 559, 560, 561, 562, 563, 566, 569, 570, 571, 572, 573, 575, 576, 577, 579, 580, 582, 583, 584, 585, 587, 588, 589, 590, 591, 592, 593, 594, 596, 599, 602], "excluded_lines": [169, 194, 263, 267, 277, 397, 400, 412, 427, 434, 443, 444, 445, 448, 501, 502, 503, 504, 506, 508, 509, 510, 511, 513, 516, 600, 605, 606], "executed_branches": [[167, 172], [176, 177], [176, 178], [178, 179], [178, 181], [183, 184], [183, 186], [201, 203], [201, 207], [207, 210], [221, 222], [221, 224], [228, 229], [228, 231], [238, 239], [238, 241], [246, 247], [246, 250], [261, 284], [284, 288], [288, 296], [296, 298], [298, 305], [305, 306], [305, 307], [307, 308], [307, 310]], "missing_branches": [[167, 168], [207, 216], [261, 262], [268, 269], [268, 284], [270, 271], [270, 272], [272, 273], [272, 274], [284, 285], [288, 289], [289, 290], [289, 293], [296, 297], [298, 299], [299, 300], [299, 302], [338, 339], [338, 348], [371, 372], [371, 385], [373, 374], [373, 382], [374, 375], [374, 376], [376, 377], [376, 378], [378, 379], [378, 381], [456, 457], [456, 468], [468, 469], [468, 479], [575, 576], [575, 587]], "functions": {"correct_fdr": {"executed_lines": [164, 165, 167, 172, 173, 176, 177, 178, 179, 181, 183, 184, 186, 189, 192, 193, 197, 198, 201, 203, 204, 205, 207, 210, 211, 212, 213, 218, 221, 222, 224, 227, 228, 229, 231, 232, 234, 238, 239, 241, 242, 245, 246, 247, 248, 250, 253, 256, 261, 284, 288, 296, 298, 305, 306, 307, 308, 310], "summary": {"covered_lines": 58, "num_statements": 79, "percent_covered": 69.10569105691057, "percent_covered_display": "69.11", "missing_lines": 21, "excluded_lines": 5, "num_branches": 44, "num_partial_branches": 7, "covered_branches": 27, "missing_branches": 17}, "missing_lines": [168, 216, 262, 266, 268, 269, 270, 271, 272, 273, 274, 275, 285, 289, 290, 292, 293, 297, 299, 300, 302], "excluded_lines": [169, 194, 263, 267, 277], "executed_branches": [[167, 172], [176, 177], [176, 178], [178, 179], [178, 181], [183, 184], [183, 186], [201, 203], [201, 207], [207, 210], [221, 222], [221, 224], [228, 229], [228, 231], [238, 239], [238, 241], [246, 247], [246, 250], [261, 284], [284, 288], [288, 296], [296, 298], [298, 305], [305, 306], [305, 307], [307, 308], [307, 310]], "missing_branches": [[167, 168], [207, 216], [261, 262], [268, 269], [268, 284], [270, 271], [270, 272], [272, 273], [272, 274], [284, 285], [288, 289], [289, 290], [289, 293], [296, 297], [298, 299], [299, 300], [299, 302]]}, "_plot_fdr": {"executed_lines": [], "summary": {"covered_lines": 0, "num_statements": 28, "percent_covered": 0.0, "percent_covered_display": "0.00", "missing_lines": 28, "excluded_lines": 0, "num_branches": 12, "num_partial_branches": 0, "covered_branches": 0, "missing_branches": 12}, "missing_lines": [315, 316, 319, 327, 338, 339, 348, 358, 359, 360, 361, 362, 366, 367, 368, 371, 372, 373, 374, 375, 376, 377, 378, 379, 381, 382, 383, 385], "excluded_lines": [], "executed_branches": [], "missing_branches": [[338, 339], [338, 348], [371, 372], [371, 385], [373, 374], [373, 382], [374, 375], [374, 376], [376, 377], [376, 378], [378, 379], [378, 381]]}, "demo": {"executed_lines": [], "summary": {"covered_lines": 0, "num_statements": 85, "percent_covered": 0.0, "percent_covered_display": "0.00", "missing_lines": 85, "excluded_lines": 21, "num_branches": 6, "num_partial_branches": 0, "covered_branches": 0, "missing_branches": 6}, "missing_lines": [393, 402, 409, 414, 422, 429, 436, 438, 440, 441, 450, 453, 456, 457, 458, 468, 469, 470, 479, 480, 483, 498, 499, 505, 512, 518, 521, 523, 524, 526, 527, 528, 529, 530, 531, 532, 535, 537, 538, 540, 541, 542, 543, 544, 545, 546, 549, 551, 552, 553, 554, 556, 557, 558, 559, 560, 561, 562, 563, 566, 569, 570, 571, 572, 573, 575, 576, 577, 579, 580, 582, 583, 584, 585, 587, 588, 589, 590, 591, 592, 593, 594, 596, 599, 602], "excluded_lines": [397, 400, 412, 427, 434, 443, 444, 445, 448, 501, 502, 503, 504, 506, 508, 509, 510, 511, 513, 516, 600], "executed_branches": [], "missing_branches": [[456, 457], [456, 468], [468, 469], [468, 479], [575, 576], [575, 587]]}, "demo.calc_metrics": {"executed_lines": [], "summary": {"covered_lines": 0, "num_statements": 5, "percent_covered": 0.0, "percent_covered_display": "0.00", "missing_lines": 5, "excluded_lines": 0, "num_branches": 0, "num_partial_branches": 0, "covered_branches": 0, "missing_branches": 0}, "missing_lines": [484, 487, 490, 493, 496], "excluded_lines": [], "executed_branches": [], "missing_branches": []}, "": {"executed_lines": [6, 8, 10, 25, 26, 27, 28, 29, 30, 31, 33, 34, 35, 36, 37, 39, 41, 44, 313, 388, 391, 605], "summary": {"covered_lines": 21, "num_statements": 21, "percent_covered": 100.0, "percent_covered_display": "100.00", "missing_lines": 0, "excluded_lines": 2, "num_branches": 0, "num_partial_branches": 0, "covered_branches": 0, "missing_branches": 0}, "missing_lines": [], "excluded_lines": [605, 606], "executed_branches": [], "missing_branches": []}}, "classes": {"": {"executed_lines": [6, 8, 10, 25, 26, 27, 28, 29, 30, 31, 33, 34, 35, 36, 37, 39, 41, 44, 164, 165, 167, 172, 173, 176, 177, 178, 179, 181, 183, 184, 186, 189, 192, 193, 197, 198, 201, 203, 204, 205, 207, 210, 211, 212, 213, 218, 221, 222, 224, 227, 228, 229, 231, 232, 234, 238, 239, 241, 242, 245, 246, 247, 248, 250, 253, 256, 261, 284, 288, 296, 298, 305, 306, 307, 308, 310, 313, 388, 391, 605], "summary": {"covered_lines": 79, "num_statements": 218, "percent_covered": 37.857142857142854, "percent_covered_display": "37.86", "missing_lines": 139, "excluded_lines": 28, "num_branches": 62, "num_partial_branches": 7, "covered_branches": 27, "missing_branches": 35}, "missing_lines": [168, 216, 262, 266, 268, 269, 270, 271, 272, 273, 274, 275, 285, 289, 290, 292, 293, 297, 299, 300, 302, 315, 316, 319, 327, 338, 339, 348, 358, 359, 360, 361, 362, 366, 367, 368, 371, 372, 373, 374, 375, 376, 377, 378, 379, 381, 382, 383, 385, 393, 402, 409, 414, 422, 429, 436, 438, 440, 441, 450, 453, 456, 457, 458, 468, 469, 470, 479, 480, 483, 484, 487, 490, 493, 496, 498, 499, 505, 512, 518, 521, 523, 524, 526, 527, 528, 529, 530, 531, 532, 535, 537, 538, 540, 541, 542, 543, 544, 545, 546, 549, 551, 552, 553, 554, 556, 557, 558, 559, 560, 561, 562, 563, 566, 569, 570, 571, 572, 573, 575, 576, 577, 579, 580, 582, 583, 584, 585, 587, 588, 589, 590, 591, 592, 593, 594, 596, 599, 602], "excluded_lines": [169, 194, 263, 267, 277, 397, 400, 412, 427, 434, 443, 444, 445, 448, 501, 502, 503, 504, 506, 508, 509, 510, 511, 513, 516, 600, 605, 606], "executed_branches": [[167, 172], [176, 177], [176, 178], [178, 179], [178, 181], [183, 184], [183, 186], [201, 203], [201, 207], [207, 210], [221, 222], [221, 224], [228, 229], [228, 231], [238, 239], [238, 241], [246, 247], [246, 250], [261, 284], [284, 288], [288, 296], [296, 298], [298, 305], [305, 306], [305, 307], [307, 308], [307, 310]], "missing_branches": [[167, 168], [207, 216], [261, 262], [268, 269], [268, 284], [270, 271], [270, 272], [272, 273], [272, 274], [284, 285], [288, 289], [289, 290], [289, 293], [296, 297], [298, 299], [299, 300], [299, 302], [338, 339], [338, 348], [371, 372], [371, 385], [373, 374], [373, 382], [374, 375], [374, 376], [376, 377], [376, 378], [378, 379], [378, 381], [456, 457], [456, 468], [468, 469], [468, 479], [575, 576], [575, 587]]}}}, "src/scitex/stats/correct/_correct_fdr_.py": {"executed_lines": [], "summary": {"covered_lines": 0, "num_statements": 227, "percent_covered": 0.0, "percent_covered_display": "0.00", "missing_lines": 227, "excluded_lines": 28, "num_branches": 62, "num_partial_branches": 0, "covered_branches": 0, "missing_branches": 62}, "missing_lines": [6, 7, 9, 10, 13, 28, 29, 30, 32, 33, 34, 35, 36, 37, 39, 41, 44, 164, 165, 167, 168, 172, 173, 176, 177, 178, 179, 181, 183, 184, 186, 189, 192, 193, 197, 198, 201, 203, 204, 205, 207, 210, 211, 212, 213, 216, 218, 221, 222, 224, 227, 228, 229, 231, 232, 234, 238, 239, 241, 242, 245, 246, 247, 248, 250, 253, 256, 261, 262, 266, 268, 269, 270, 271, 272, 273, 274, 275, 284, 285, 288, 289, 290, 292, 293, 296, 297, 298, 299, 300, 302, 305, 306, 307, 308, 310, 313, 315, 316, 319, 320, 331, 332, 341, 346, 347, 348, 349, 350, 354, 355, 356, 359, 360, 361, 362, 363, 364, 365, 366, 367, 369, 370, 371, 373, 376, 379, 386, 393, 398, 406, 413, 420, 422, 424, 425, 434, 437, 440, 441, 442, 452, 453, 454, 463, 464, 467, 468, 471, 474, 477, 480, 482, 483, 489, 496, 502, 505, 507, 508, 510, 511, 512, 513, 514, 515, 516, 519, 521, 522, 524, 525, 526, 527, 528, 529, 530, 533, 535, 536, 537, 538, 540, 541, 542, 543, 544, 545, 546, 547, 550, 553, 554, 555, 556, 557, 559, 560, 561, 563, 564, 566, 567, 568, 569, 571, 572, 573, 574, 575, 576, 577, 578, 580, 583, 586, 589, 591, 592, 593, 596, 600, 602, 604, 606, 615, 617], "excluded_lines": [169, 194, 263, 267, 277, 381, 384, 396, 411, 418, 427, 428, 429, 432, 485, 486, 487, 488, 490, 492, 493, 494, 495, 497, 500, 584, 624, 625], "executed_branches": [], "missing_branches": [[167, 168], [167, 172], [176, 177], [176, 178], [178, 179], [178, 181], [183, 184], [183, 186], [201, 203], [201, 207], [207, 210], [207, 216], [221, 222], [221, 224], [228, 229], [228, 231], [238, 239], [238, 241], [246, 247], [246, 250], [261, 262], [261, 284], [268, 269], [268, 284], [270, 271], [270, 272], [272, 273], [272, 274], [284, 285], [284, 288], [288, 289], [288, 296], [289, 290], [289, 293], [296, 297], [296, 298], [298, 299], [298, 305], [299, 300], [299, 302], [305, 306], [305, 307], [307, 308], [307, 310], [331, 332], [331, 341], [359, 360], [359, 373], [361, 362], [361, 370], [362, 363], [362, 364], [364, 365], [364, 366], [366, 367], [366, 369], [440, 441], [440, 452], [452, 453], [452, 463], [559, 560], [559, 571]], "functions": {"correct_fdr": {"executed_lines": [], "summary": {"covered_lines": 0, "num_statements": 79, "percent_covered": 0.0, "percent_covered_display": "0.00", "missing_lines": 79, "excluded_lines": 5, "num_branches": 44, "num_partial_branches": 0, "covered_branches": 0, "missing_branches": 44}, "missing_lines": [164, 165, 167, 168, 172, 173, 176, 177, 178, 179, 181, 183, 184, 186, 189, 192, 193, 197, 198, 201, 203, 204, 205, 207, 210, 211, 212, 213, 216, 218, 221, 222, 224, 227, 228, 229, 231, 232, 234, 238, 239, 241, 242, 245, 246, 247, 248, 250, 253, 256, 261, 262, 266, 268, 269, 270, 271, 272, 273, 274, 275, 284, 285, 288, 289, 290, 292, 293, 296, 297, 298, 299, 300, 302, 305, 306, 307, 308, 310], "excluded_lines": [169, 194, 263, 267, 277], "executed_branches": [], "missing_branches": [[167, 168], [167, 172], [176, 177], [176, 178], [178, 179], [178, 181], [183, 184], [183, 186], [201, 203], [201, 207], [207, 210], [207, 216], [221, 222], [221, 224], [228, 229], [228, 231], [238, 239], [238, 241], [246, 247], [246, 250], [261, 262], [261, 284], [268, 269], [268, 284], [270, 271], [270, 272], [272, 273], [272, 274], [284, 285], [284, 288], [288, 289], [288, 296], [289, 290], [289, 293], [296, 297], [296, 298], [298, 299], [298, 305], [299, 300], [299, 302], [305, 306], [305, 307], [307, 308], [307, 310]]}, "_plot_fdr": {"executed_lines": [], "summary": {"covered_lines": 0, "num_statements": 28, "percent_covered": 0.0, "percent_covered_display": "0.00", "missing_lines": 28, "excluded_lines": 0, "num_branches": 12, "num_partial_branches": 0, "covered_branches": 0, "missing_branches": 12}, "missing_lines": [315, 316, 319, 320, 331, 332, 341, 346, 347, 348, 349, 350, 354, 355, 356, 359, 360, 361, 362, 363, 364, 365, 366, 367, 369, 370, 371, 373], "excluded_lines": [], "executed_branches": [], "missing_branches": [[331, 332], [331, 341], [359, 360], [359, 373], [361, 362], [361, 370], [362, 363], [362, 364], [364, 365], [364, 366], [366, 367], [366, 369]]}, "main": {"executed_lines": [], "summary": {"covered_lines": 0, "num_statements": 84, "percent_covered": 0.0, "percent_covered_display": "0.00", "missing_lines": 84, "excluded_lines": 21, "num_branches": 6, "num_partial_branches": 0, "covered_branches": 0, "missing_branches": 6}, "missing_lines": [386, 393, 398, 406, 413, 420, 422, 424, 425, 434, 437, 440, 441, 442, 452, 453, 454, 463, 464, 467, 482, 483, 489, 496, 502, 505, 507, 508, 510, 511, 512, 513, 514, 515, 516, 519, 521, 522, 524, 525, 526, 527, 528, 529, 530, 533, 535, 536, 537, 538, 540, 541, 542, 543, 544, 545, 546, 547, 550, 553, 554, 555, 556, 557, 559, 560, 561, 563, 564, 566, 567, 568, 569, 571, 572, 573, 574, 575, 576, 577, 578, 580, 583, 586], "excluded_lines": [381, 384, 396, 411, 418, 427, 428, 429, 432, 485, 486, 487, 488, 490, 492, 493, 494, 495, 497, 500, 584], "executed_branches": [], "missing_branches": [[440, 441], [440, 452], [452, 453], [452, 463], [559, 560], [559, 571]]}, "main.calc_metrics": {"executed_lines": [], "summary": {"covered_lines": 0, "num_statements": 5, "percent_covered": 0.0, "percent_covered_display": "0.00", "missing_lines": 5, "excluded_lines": 0, "num_branches": 0, "num_partial_branches": 0, "covered_branches": 0, "missing_branches": 0}, "missing_lines": [468, 471, 474, 477, 480], "excluded_lines": [], "executed_branches": [], "missing_branches": []}, "parse_args": {"executed_lines": [], "summary": {"covered_lines": 0, "num_statements": 3, "percent_covered": 0.0, "percent_covered_display": "0.00", "missing_lines": 3, "excluded_lines": 0, "num_branches": 0, "num_partial_branches": 0, "covered_branches": 0, "missing_branches": 0}, "missing_lines": [591, 592, 593], "excluded_lines": [], "executed_branches": [], "missing_branches": []}, "run_main": {"executed_lines": [], "summary": {"covered_lines": 0, "num_statements": 6, "percent_covered": 0.0, "percent_covered_display": "0.00", "missing_lines": 6, "excluded_lines": 0, "num_branches": 0, "num_partial_branches": 0, "covered_branches": 0, "missing_branches": 0}, "missing_lines": [600, 602, 604, 606, 615, 617], "excluded_lines": [], "executed_branches": [], "missing_branches": []}, "": {"executed_lines": [], "summary": {"covered_lines": 0, "num_statements": 22, "percent_covered": 0.0, "percent_covered_display": "0.00", "missing_lines": 22, "excluded_lines": 2, "num_branches": 0, "num_partial_branches": 0, "covered_branches": 0, "missing_branches": 0}, "missing_lines": [6, 7, 9, 10, 13, 28, 29, 30, 32, 33, 34, 35, 36, 37, 39, 41, 44, 313, 376, 379, 589, 596], "excluded_lines": [624, 625], "executed_branches": [], "missing_branches": []}}, "classes": {"": {"executed_lines": [], "summary": {"covered_lines": 0, "num_statements": 227, "percent_covered": 0.0, "percent_covered_display": "0.00", "missing_lines": 227, "excluded_lines": 28, "num_branches": 62, "num_partial_branches": 0, "covered_branches": 0, "missing_branches": 62}, "missing_lines": [6, 7, 9, 10, 13, 28, 29, 30, 32, 33, 34, 35, 36, 37, 39, 41, 44, 164, 165, 167, 168, 172, 173, 176, 177, 178, 179, 181, 183, 184, 186, 189, 192, 193, 197, 198, 201, 203, 204, 205, 207, 210, 211, 212, 213, 216, 218, 221, 222, 224, 227, 228, 229, 231, 232, 234, 238, 239, 241, 242, 245, 246, 247, 248, 250, 253, 256, 261, 262, 266, 268, 269, 270, 271, 272, 273, 274, 275, 284, 285, 288, 289, 290, 292, 293, 296, 297, 298, 299, 300, 302, 305, 306, 307, 308, 310, 313, 315, 316, 319, 320, 331, 332, 341, 346, 347, 348, 349, 350, 354, 355, 356, 359, 360, 361, 362, 363, 364, 365, 366, 367, 369, 370, 371, 373, 376, 379, 386, 393, 398, 406, 413, 420, 422, 424, 425, 434, 437, 440, 441, 442, 452, 453, 454, 463, 464, 467, 468, 471, 474, 477, 480, 482, 483, 489, 496, 502, 505, 507, 508, 510, 511, 512, 513, 514, 515, 516, 519, 521, 522, 524, 525, 526, 527, 528, 529, 530, 533, 535, 536, 537, 538, 540, 541, 542, 543, 544, 545, 546, 547, 550, 553, 554, 555, 556, 557, 559, 560, 561, 563, 564, 566, 567, 568, 569, 571, 572, 573, 574, 575, 576, 577, 578, 580, 583, 586, 589, 591, 592, 593, 596, 600, 602, 604, 606, 615, 617], "excluded_lines": [169, 194, 263, 267, 277, 381, 384, 396, 411, 418, 427, 428, 429, 432, 485, 486, 487, 488, 490, 492, 493, 494, 495, 497, 500, 584, 624, 625], "executed_branches": [], "missing_branches": [[167, 168], [167, 172], [176, 177], [176, 178], [178, 179], [178, 181], [183, 184], [183, 186], [201, 203], [201, 207], [207, 210], [207, 216], [221, 222], [221, 224], [228, 229], [228, 231], [238, 239], [238, 241], [246, 247], [246, 250], [261, 262], [261, 284], [268, 269], [268, 284], [270, 271], [270, 272], [272, 273], [272, 274], [284, 285], [284, 288], [288, 289], [288, 296], [289, 290], [289, 293], [296, 297], [296, 298], [298, 299], [298, 305], [299, 300], [299, 302], [305, 306], [305, 307], [307, 308], [307, 310], [331, 332], [331, 341], [359, 360], [359, 373], [361, 362], [361, 370], [362, 363], [362, 364], [364, 365], [364, 366], [366, 367], [366, 369], [440, 441], [440, 452], [452, 453], [452, 463], [559, 560], [559, 571]]}}}, "src/scitex/stats/correct/_correct_holm.py": {"executed_lines": [6, 7, 9, 10, 13, 28, 29, 30, 32, 33, 34, 35, 36, 37, 39, 41, 44, 145, 147, 151, 153, 154, 155, 156, 159, 162, 165, 166, 170, 173, 176, 177, 178, 182, 185, 186, 189, 191, 194, 195, 196, 197, 198, 199, 202, 204, 207, 210, 211, 214, 238, 242, 250, 251, 253, 256, 329, 332, 490, 499, 527], "summary": {"covered_lines": 60, "num_statements": 159, "percent_covered": 37.79904306220096, "percent_covered_display": "37.80", "missing_lines": 99, "excluded_lines": 29, "num_branches": 50, "num_partial_branches": 5, "covered_branches": 19, "missing_branches": 31}, "missing_lines": [160, 163, 215, 220, 222, 223, 224, 225, 226, 227, 228, 229, 239, 243, 244, 246, 247, 258, 259, 260, 263, 264, 275, 276, 285, 293, 303, 304, 305, 306, 307, 308, 309, 312, 313, 314, 315, 316, 317, 318, 319, 320, 322, 323, 324, 326, 339, 347, 352, 354, 362, 363, 366, 367, 376, 378, 379, 382, 383, 384, 386, 387, 390, 395, 399, 400, 401, 402, 405, 408, 415, 426, 430, 432, 444, 445, 451, 454, 455, 459, 460, 461, 468, 470, 473, 478, 482, 483, 484, 487, 492, 495, 496, 503, 505, 507, 509, 518, 520], "excluded_lines": [148, 167, 216, 217, 221, 231, 334, 337, 350, 369, 370, 371, 374, 391, 396, 413, 427, 428, 433, 434, 441, 446, 456, 462, 465, 476, 485, 527, 528], "executed_branches": [[153, 154], [153, 155], [155, 156], [155, 159], [159, 162], [162, 165], [177, 178], [177, 194], [185, 186], [185, 189], [195, 196], [195, 207], [210, 211], [210, 214], [214, 238], [238, 242], [242, 250], [250, 251], [250, 253]], "missing_branches": [[159, 160], [162, 163], [214, 215], [222, 223], [222, 238], [224, 225], [224, 226], [226, 227], [226, 228], [238, 239], [242, 243], [243, 244], [243, 247], [275, 276], [275, 285], [312, 313], [312, 326], [314, 315], [314, 323], [315, 316], [315, 317], [317, 318], [317, 319], [319, 320], [319, 322], [400, 401], [400, 408], [401, 400], [401, 402], [482, 483], [482, 487]], "functions": {"correct_holm": {"executed_lines": [145, 147, 151, 153, 154, 155, 156, 159, 162, 165, 166, 170, 173, 176, 177, 178, 182, 185, 186, 189, 191, 194, 195, 196, 197, 198, 199, 202, 204, 207, 210, 211, 214, 238, 242, 250, 251, 253], "summary": {"covered_lines": 38, "num_statements": 55, "percent_covered": 65.51724137931035, "percent_covered_display": "65.52", "missing_lines": 17, "excluded_lines": 6, "num_branches": 32, "num_partial_branches": 5, "covered_branches": 19, "missing_branches": 13}, "missing_lines": [160, 163, 215, 220, 222, 223, 224, 225, 226, 227, 228, 229, 239, 243, 244, 246, 247], "excluded_lines": [148, 167, 216, 217, 221, 231], "executed_branches": [[153, 154], [153, 155], [155, 156], [155, 159], [159, 162], [162, 165], [177, 178], [177, 194], [185, 186], [185, 189], [195, 196], [195, 207], [210, 211], [210, 214], [214, 238], [238, 242], [242, 250], [250, 251], [250, 253]], "missing_branches": [[159, 160], [162, 163], [214, 215], [222, 223], [222, 238], [224, 225], [224, 226], [226, 227], [226, 228], [238, 239], [242, 243], [243, 244], [243, 247]]}, "_plot_holm": {"executed_lines": [], "summary": {"covered_lines": 0, "num_statements": 29, "percent_covered": 0.0, "percent_covered_display": "0.00", "missing_lines": 29, "excluded_lines": 0, "num_branches": 12, "num_partial_branches": 0, "covered_branches": 0, "missing_branches": 12}, "missing_lines": [258, 259, 260, 263, 264, 275, 276, 285, 293, 303, 304, 305, 306, 307, 308, 309, 312, 313, 314, 315, 316, 317, 318, 319, 320, 322, 323, 324, 326], "excluded_lines": [], "executed_branches": [], "missing_branches": [[275, 276], [275, 285], [312, 313], [312, 326], [314, 315], [314, 323], [315, 316], [315, 317], [317, 318], [317, 319], [319, 320], [319, 322]]}, "main": {"executed_lines": [], "summary": {"covered_lines": 0, "num_statements": 44, "percent_covered": 0.0, "percent_covered_display": "0.00", "missing_lines": 44, "excluded_lines": 21, "num_branches": 6, "num_partial_branches": 0, "covered_branches": 0, "missing_branches": 6}, "missing_lines": [339, 347, 352, 354, 362, 363, 366, 367, 376, 378, 379, 382, 383, 384, 386, 387, 390, 395, 399, 400, 401, 402, 405, 408, 415, 426, 430, 432, 444, 445, 451, 454, 455, 459, 460, 461, 468, 470, 473, 478, 482, 483, 484, 487], "excluded_lines": [334, 337, 350, 369, 370, 371, 374, 391, 396, 413, 427, 428, 433, 434, 441, 446, 456, 462, 465, 476, 485], "executed_branches": [], "missing_branches": [[400, 401], [400, 408], [401, 400], [401, 402], [482, 483], [482, 487]]}, "parse_args": {"executed_lines": [], "summary": {"covered_lines": 0, "num_statements": 3, "percent_covered": 0.0, "percent_covered_display": "0.00", "missing_lines": 3, "excluded_lines": 0, "num_branches": 0, "num_partial_branches": 0, "covered_branches": 0, "missing_branches": 0}, "missing_lines": [492, 495, 496], "excluded_lines": [], "executed_branches": [], "missing_branches": []}, "run_main": {"executed_lines": [], "summary": {"covered_lines": 0, "num_statements": 6, "percent_covered": 0.0, "percent_covered_display": "0.00", "missing_lines": 6, "excluded_lines": 0, "num_branches": 0, "num_partial_branches": 0, "covered_branches": 0, "missing_branches": 0}, "missing_lines": [503, 505, 507, 509, 518, 520], "excluded_lines": [], "executed_branches": [], "missing_branches": []}, "": {"executed_lines": [6, 7, 9, 10, 13, 28, 29, 30, 32, 33, 34, 35, 36, 37, 39, 41, 44, 256, 329, 332, 490, 499, 527], "summary": {"covered_lines": 22, "num_statements": 22, "percent_covered": 100.0, "percent_covered_display": "100.00", "missing_lines": 0, "excluded_lines": 2, "num_branches": 0, "num_partial_branches": 0, "covered_branches": 0, "missing_branches": 0}, "missing_lines": [], "excluded_lines": [527, 528], "executed_branches": [], "missing_branches": []}}, "classes": {"": {"executed_lines": [6, 7, 9, 10, 13, 28, 29, 30, 32, 33, 34, 35, 36, 37, 39, 41, 44, 145, 147, 151, 153, 154, 155, 156, 159, 162, 165, 166, 170, 173, 176, 177, 178, 182, 185, 186, 189, 191, 194, 195, 196, 197, 198, 199, 202, 204, 207, 210, 211, 214, 238, 242, 250, 251, 253, 256, 329, 332, 490, 499, 527], "summary": {"covered_lines": 60, "num_statements": 159, "percent_covered": 37.79904306220096, "percent_covered_display": "37.80", "missing_lines": 99, "excluded_lines": 29, "num_branches": 50, "num_partial_branches": 5, "covered_branches": 19, "missing_branches": 31}, "missing_lines": [160, 163, 215, 220, 222, 223, 224, 225, 226, 227, 228, 229, 239, 243, 244, 246, 247, 258, 259, 260, 263, 264, 275, 276, 285, 293, 303, 304, 305, 306, 307, 308, 309, 312, 313, 314, 315, 316, 317, 318, 319, 320, 322, 323, 324, 326, 339, 347, 352, 354, 362, 363, 366, 367, 376, 378, 379, 382, 383, 384, 386, 387, 390, 395, 399, 400, 401, 402, 405, 408, 415, 426, 430, 432, 444, 445, 451, 454, 455, 459, 460, 461, 468, 470, 473, 478, 482, 483, 484, 487, 492, 495, 496, 503, 505, 507, 509, 518, 520], "excluded_lines": [148, 167, 216, 217, 221, 231, 334, 337, 350, 369, 370, 371, 374, 391, 396, 413, 427, 428, 433, 434, 441, 446, 456, 462, 465, 476, 485, 527, 528], "executed_branches": [[153, 154], [153, 155], [155, 156], [155, 159], [159, 162], [162, 165], [177, 178], [177, 194], [185, 186], [185, 189], [195, 196], [195, 207], [210, 211], [210, 214], [214, 238], [238, 242], [242, 250], [250, 251], [250, 253]], "missing_branches": [[159, 160], [162, 163], [214, 215], [222, 223], [222, 238], [224, 225], [224, 226], [226, 227], [226, 228], [238, 239], [242, 243], [243, 244], [243, 247], [275, 276], [275, 285], [312, 313], [312, 326], [314, 315], [314, 323], [315, 316], [315, 317], [317, 318], [317, 319], [319, 320], [319, 322], [400, 401], [400, 408], [401, 400], [401, 402], [482, 483], [482, 487]]}}}, "src/scitex/stats/correct/_correct_sidak.py": {"executed_lines": [6, 7, 9, 10, 13, 28, 29, 31, 32, 33, 34, 35, 36, 38, 40, 43, 153, 155, 159, 160, 161, 162, 163, 164, 165, 167, 168, 170, 171, 172, 175, 177, 182, 185, 186, 187, 188, 193, 194, 196, 197, 200, 201, 202, 203, 204, 206, 209, 233, 237, 245, 246, 248, 249, 251, 254, 318, 511], "summary": {"covered_lines": 57, "num_statements": 152, "percent_covered": 37.755102040816325, "percent_covered_display": "37.76", "missing_lines": 95, "excluded_lines": 62, "num_branches": 44, "num_partial_branches": 3, "covered_branches": 17, "missing_branches": 27}, "missing_lines": [210, 215, 217, 218, 219, 220, 221, 222, 223, 224, 234, 238, 239, 241, 242, 256, 257, 258, 261, 262, 273, 274, 277, 280, 290, 291, 292, 293, 296, 297, 298, 301, 302, 303, 304, 305, 306, 307, 308, 309, 311, 312, 313, 315, 320, 321, 323, 324, 326, 327, 330, 331, 334, 336, 353, 354, 355, 356, 357, 358, 359, 361, 367, 376, 377, 386, 387, 388, 389, 390, 391, 392, 394, 395, 408, 410, 424, 425, 427, 441, 452, 453, 455, 465, 466, 467, 478, 481, 487, 488, 494, 495, 496, 497, 503], "excluded_lines": [156, 178, 211, 212, 216, 226, 345, 346, 347, 350, 351, 364, 365, 369, 370, 371, 372, 379, 380, 383, 384, 397, 398, 399, 400, 405, 406, 412, 413, 414, 415, 416, 421, 422, 428, 429, 430, 431, 438, 439, 442, 443, 444, 445, 448, 449, 456, 462, 463, 468, 474, 475, 484, 485, 490, 491, 492, 498, 500, 501, 511, 512], "executed_branches": [[160, 161], [160, 163], [163, 164], [163, 167], [170, 171], [170, 175], [186, 187], [186, 209], [193, 194], [193, 196], [209, 233], [233, 237], [237, 245], [245, 246], [245, 248], [248, 249], [248, 251]], "missing_branches": [[209, 210], [217, 218], [217, 233], [219, 220], [219, 221], [221, 222], [221, 223], [233, 234], [237, 238], [238, 239], [238, 242], [273, 274], [273, 277], [301, 302], [301, 315], [303, 304], [303, 312], [304, 305], [304, 306], [306, 307], [306, 308], [308, 309], [308, 311], [355, 356], [355, 361], [388, 389], [388, 394]], "functions": {"correct_sidak": {"executed_lines": [153, 155, 159, 160, 161, 162, 163, 164, 165, 167, 168, 170, 171, 172, 175, 177, 182, 185, 186, 187, 188, 193, 194, 196, 197, 200, 201, 202, 203, 204, 206, 209, 233, 237, 245, 246, 248, 249, 251], "summary": {"covered_lines": 39, "num_statements": 54, "percent_covered": 68.29268292682927, "percent_covered_display": "68.29", "missing_lines": 15, "excluded_lines": 6, "num_branches": 28, "num_partial_branches": 3, "covered_branches": 17, "missing_branches": 11}, "missing_lines": [210, 215, 217, 218, 219, 220, 221, 222, 223, 224, 234, 238, 239, 241, 242], "excluded_lines": [156, 178, 211, 212, 216, 226], "executed_branches": [[160, 161], [160, 163], [163, 164], [163, 167], [170, 171], [170, 175], [186, 187], [186, 209], [193, 194], [193, 196], [209, 233], [233, 237], [237, 245], [245, 246], [245, 248], [248, 249], [248, 251]], "missing_branches": [[209, 210], [217, 218], [217, 233], [219, 220], [219, 221], [221, 222], [221, 223], [233, 234], [237, 238], [238, 239], [238, 242]]}, "_plot_sidak": {"executed_lines": [], "summary": {"covered_lines": 0, "num_statements": 29, "percent_covered": 0.0, "percent_covered_display": "0.00", "missing_lines": 29, "excluded_lines": 0, "num_branches": 12, "num_partial_branches": 0, "covered_branches": 0, "missing_branches": 12}, "missing_lines": [256, 257, 258, 261, 262, 273, 274, 277, 280, 290, 291, 292, 293, 296, 297, 298, 301, 302, 303, 304, 305, 306, 307, 308, 309, 311, 312, 313, 315], "excluded_lines": [], "executed_branches": [], "missing_branches": [[273, 274], [273, 277], [301, 302], [301, 315], [303, 304], [303, 312], [304, 305], [304, 306], [306, 307], [306, 308], [308, 309], [308, 311]]}, "main": {"executed_lines": [], "summary": {"covered_lines": 0, "num_statements": 51, "percent_covered": 0.0, "percent_covered_display": "0.00", "missing_lines": 51, "excluded_lines": 54, "num_branches": 4, "num_partial_branches": 0, "covered_branches": 0, "missing_branches": 4}, "missing_lines": [320, 321, 323, 324, 326, 327, 330, 331, 334, 336, 353, 354, 355, 356, 357, 358, 359, 361, 367, 376, 377, 386, 387, 388, 389, 390, 391, 392, 394, 395, 408, 410, 424, 425, 427, 441, 452, 453, 455, 465, 466, 467, 478, 481, 487, 488, 494, 495, 496, 497, 503], "excluded_lines": [345, 346, 347, 350, 351, 364, 365, 369, 370, 371, 372, 379, 380, 383, 384, 397, 398, 399, 400, 405, 406, 412, 413, 414, 415, 416, 421, 422, 428, 429, 430, 431, 438, 439, 442, 443, 444, 445, 448, 449, 456, 462, 463, 468, 474, 475, 484, 485, 490, 491, 492, 498, 500, 501], "executed_branches": [], "missing_branches": [[355, 356], [355, 361], [388, 389], [388, 394]]}, "": {"executed_lines": [6, 7, 9, 10, 13, 28, 29, 31, 32, 33, 34, 35, 36, 38, 40, 43, 254, 318, 511], "summary": {"covered_lines": 18, "num_statements": 18, "percent_covered": 100.0, "percent_covered_display": "100.00", "missing_lines": 0, "excluded_lines": 2, "num_branches": 0, "num_partial_branches": 0, "covered_branches": 0, "missing_branches": 0}, "missing_lines": [], "excluded_lines": [511, 512], "executed_branches": [], "missing_branches": []}}, "classes": {"": {"executed_lines": [6, 7, 9, 10, 13, 28, 29, 31, 32, 33, 34, 35, 36, 38, 40, 43, 153, 155, 159, 160, 161, 162, 163, 164, 165, 167, 168, 170, 171, 172, 175, 177, 182, 185, 186, 187, 188, 193, 194, 196, 197, 200, 201, 202, 203, 204, 206, 209, 233, 237, 245, 246, 248, 249, 251, 254, 318, 511], "summary": {"covered_lines": 57, "num_statements": 152, "percent_covered": 37.755102040816325, "percent_covered_display": "37.76", "missing_lines": 95, "excluded_lines": 62, "num_branches": 44, "num_partial_branches": 3, "covered_branches": 17, "missing_branches": 27}, "missing_lines": [210, 215, 217, 218, 219, 220, 221, 222, 223, 224, 234, 238, 239, 241, 242, 256, 257, 258, 261, 262, 273, 274, 277, 280, 290, 291, 292, 293, 296, 297, 298, 301, 302, 303, 304, 305, 306, 307, 308, 309, 311, 312, 313, 315, 320, 321, 323, 324, 326, 327, 330, 331, 334, 336, 353, 354, 355, 356, 357, 358, 359, 361, 367, 376, 377, 386, 387, 388, 389, 390, 391, 392, 394, 395, 408, 410, 424, 425, 427, 441, 452, 453, 455, 465, 466, 467, 478, 481, 487, 488, 494, 495, 496, 497, 503], "excluded_lines": [156, 178, 211, 212, 216, 226, 345, 346, 347, 350, 351, 364, 365, 369, 370, 371, 372, 379, 380, 383, 384, 397, 398, 399, 400, 405, 406, 412, 413, 414, 415, 416, 421, 422, 428, 429, 430, 431, 438, 439, 442, 443, 444, 445, 448, 449, 456, 462, 463, 468, 474, 475, 484, 485, 490, 491, 492, 498, 500, 501, 511, 512], "executed_branches": [[160, 161], [160, 163], [163, 164], [163, 167], [170, 171], [170, 175], [186, 187], [186, 209], [193, 194], [193, 196], [209, 233], [233, 237], [237, 245], [245, 246], [245, 248], [248, 249], [248, 251]], "missing_branches": [[209, 210], [217, 218], [217, 233], [219, 220], [219, 221], [221, 222], [221, 223], [233, 234], [237, 238], [238, 239], [238, 242], [273, 274], [273, 277], [301, 302], [301, 315], [303, 304], [303, 312], [304, 305], [304, 306], [306, 307], [306, 308], [308, 309], [308, 311], [355, 356], [355, 361], [388, 389], [388, 394]]}}}, "src/scitex/stats/descriptive/__init__.py": {"executed_lines": [2, 4, 5, 26, 38, 46], "summary": {"covered_lines": 5, "num_statements": 5, "percent_covered": 100.0, "percent_covered_display": "100.00", "missing_lines": 0, "excluded_lines": 0, "num_branches": 0, "num_partial_branches": 0, "covered_branches": 0, "missing_branches": 0}, "missing_lines": [], "excluded_lines": [], "executed_branches": [], "missing_branches": [], "functions": {"": {"executed_lines": [2, 4, 5, 26, 38, 46], "summary": {"covered_lines": 5, "num_statements": 5, "percent_covered": 100.0, "percent_covered_display": "100.00", "missing_lines": 0, "excluded_lines": 0, "num_branches": 0, "num_partial_branches": 0, "covered_branches": 0, "missing_branches": 0}, "missing_lines": [], "excluded_lines": [], "executed_branches": [], "missing_branches": []}}, "classes": {"": {"executed_lines": [2, 4, 5, 26, 38, 46], "summary": {"covered_lines": 5, "num_statements": 5, "percent_covered": 100.0, "percent_covered_display": "100.00", "missing_lines": 0, "excluded_lines": 0, "num_branches": 0, "num_partial_branches": 0, "covered_branches": 0, "missing_branches": 0}, "missing_lines": [], "excluded_lines": [], "executed_branches": [], "missing_branches": []}}}, "src/scitex/stats/descriptive/_circular.py": {"executed_lines": [6, 7, 9, 10, 13, 15, 41, 42, 44, 45, 46, 47, 49, 51, 53, 57, 58, 99, 100, 102, 103, 110, 111, 112, 114, 116, 118, 121, 122, 127, 135, 136, 137, 144, 145, 176, 177, 178, 182, 183, 184, 186, 187, 188, 189, 190, 192, 193, 195, 199, 200, 230, 231, 232, 236, 237, 238, 240, 241, 242, 243, 245, 249, 250, 280, 281, 282, 286, 287, 288, 289, 290, 292, 293, 294, 295, 296, 298, 299, 303, 304, 334, 335, 336, 340, 341, 342, 343, 344, 346, 347, 348, 349, 350, 352, 353, 356, 495, 504, 536], "summary": {"covered_lines": 99, "num_statements": 151, "percent_covered": 63.190184049079754, "percent_covered_display": "63.19", "missing_lines": 52, "excluded_lines": 6, "num_branches": 12, "num_partial_branches": 0, "covered_branches": 4, "missing_branches": 8}, "missing_lines": [360, 361, 363, 364, 367, 368, 369, 370, 373, 374, 375, 376, 379, 380, 389, 390, 391, 392, 393, 395, 398, 403, 410, 416, 417, 420, 421, 422, 429, 436, 437, 440, 447, 457, 460, 461, 468, 476, 478, 479, 482, 492, 497, 500, 501, 508, 510, 511, 513, 515, 525, 527], "excluded_lines": [485, 488, 489, 490, 536, 537], "executed_branches": [[110, 111], [110, 114], [136, -127], [136, 137]], "missing_branches": [[369, 370], [369, 373], [389, 390], [389, 398], [390, 391], [390, 392], [392, 393], [392, 395]], "functions": {"describe_circular": {"executed_lines": [99, 100, 102, 103, 110, 111, 112, 114, 116, 118], "summary": {"covered_lines": 10, "num_statements": 10, "percent_covered": 100.0, "percent_covered_display": "100.00", "missing_lines": 0, "excluded_lines": 0, "num_branches": 2, "num_partial_branches": 0, "covered_branches": 2, "missing_branches": 0}, "missing_lines": [], "excluded_lines": [], "executed_branches": [[110, 111], [110, 114]], "missing_branches": []}, "_ensure_more_than_2d": {"executed_lines": [122], "summary": {"covered_lines": 1, "num_statements": 1, "percent_covered": 100.0, "percent_covered_display": "100.00", "missing_lines": 0, "excluded_lines": 0, "num_branches": 0, "num_partial_branches": 0, "covered_branches": 0, "missing_branches": 0}, "missing_lines": [], "excluded_lines": [], "executed_branches": [], "missing_branches": []}, "_check_angle_units": {"executed_lines": [135, 136, 137], "summary": {"covered_lines": 3, "num_statements": 3, "percent_covered": 100.0, "percent_covered_display": "100.00", "missing_lines": 0, "excluded_lines": 0, "num_branches": 2, "num_partial_branches": 0, "covered_branches": 2, "missing_branches": 0}, "missing_lines": [], "excluded_lines": [], "executed_branches": [[136, -127], [136, 137]], "missing_branches": []}, "circular_mean": {"executed_lines": [176, 177, 178, 182, 183, 184, 186, 187, 188, 189, 190, 192, 193, 195], "summary": {"covered_lines": 14, "num_statements": 14, "percent_covered": 100.0, "percent_covered_display": "100.00", "missing_lines": 0, "excluded_lines": 0, "num_branches": 0, "num_partial_branches": 0, "covered_branches": 0, "missing_branches": 0}, "missing_lines": [], "excluded_lines": [], "executed_branches": [], "missing_branches": []}, "circular_concentration": {"executed_lines": [230, 231, 232, 236, 237, 238, 240, 241, 242, 243, 245], "summary": {"covered_lines": 11, "num_statements": 11, "percent_covered": 100.0, "percent_covered_display": "100.00", "missing_lines": 0, "excluded_lines": 0, "num_branches": 0, "num_partial_branches": 0, "covered_branches": 0, "missing_branches": 0}, "missing_lines": [], "excluded_lines": [], "executed_branches": [], "missing_branches": []}, "circular_skewness": {"executed_lines": [280, 281, 282, 286, 287, 288, 289, 290, 292, 293, 294, 295, 296, 298, 299], "summary": {"covered_lines": 15, "num_statements": 15, "percent_covered": 100.0, "percent_covered_display": "100.00", "missing_lines": 0, "excluded_lines": 0, "num_branches": 0, "num_partial_branches": 0, "covered_branches": 0, "missing_branches": 0}, "missing_lines": [], "excluded_lines": [], "executed_branches": [], "missing_branches": []}, "circular_kurtosis": {"executed_lines": [334, 335, 336, 340, 341, 342, 343, 344, 346, 347, 348, 349, 350, 352, 353], "summary": {"covered_lines": 15, "num_statements": 15, "percent_covered": 100.0, "percent_covered_display": "100.00", "missing_lines": 0, "excluded_lines": 0, "num_branches": 0, "num_partial_branches": 0, "covered_branches": 0, "missing_branches": 0}, "missing_lines": [], "excluded_lines": [], "executed_branches": [], "missing_branches": []}, "main": {"executed_lines": [], "summary": {"covered_lines": 0, "num_statements": 42, "percent_covered": 0.0, "percent_covered_display": "0.00", "missing_lines": 42, "excluded_lines": 4, "num_branches": 8, "num_partial_branches": 0, "covered_branches": 0, "missing_branches": 8}, "missing_lines": [360, 361, 363, 364, 367, 368, 369, 370, 373, 374, 375, 376, 379, 380, 389, 390, 391, 392, 393, 395, 398, 403, 410, 416, 417, 420, 421, 422, 429, 436, 437, 440, 447, 457, 460, 461, 468, 476, 478, 479, 482, 492], "excluded_lines": [485, 488, 489, 490], "executed_branches": [], "missing_branches": [[369, 370], [369, 373], [389, 390], [389, 398], [390, 391], [390, 392], [392, 393], [392, 395]]}, "parse_args": {"executed_lines": [], "summary": {"covered_lines": 0, "num_statements": 3, "percent_covered": 0.0, "percent_covered_display": "0.00", "missing_lines": 3, "excluded_lines": 0, "num_branches": 0, "num_partial_branches": 0, "covered_branches": 0, "missing_branches": 0}, "missing_lines": [497, 500, 501], "excluded_lines": [], "executed_branches": [], "missing_branches": []}, "run_main": {"executed_lines": [], "summary": {"covered_lines": 0, "num_statements": 7, "percent_covered": 0.0, "percent_covered_display": "0.00", "missing_lines": 7, "excluded_lines": 0, "num_branches": 0, "num_partial_branches": 0, "covered_branches": 0, "missing_branches": 0}, "missing_lines": [508, 510, 511, 513, 515, 525, 527], "excluded_lines": [], "executed_branches": [], "missing_branches": []}, "": {"executed_lines": [6, 7, 9, 10, 13, 15, 41, 42, 44, 45, 46, 47, 49, 51, 53, 57, 58, 121, 127, 144, 145, 199, 200, 249, 250, 303, 304, 356, 495, 504, 536], "summary": {"covered_lines": 30, "num_statements": 30, "percent_covered": 100.0, "percent_covered_display": "100.00", "missing_lines": 0, "excluded_lines": 2, "num_branches": 0, "num_partial_branches": 0, "covered_branches": 0, "missing_branches": 0}, "missing_lines": [], "excluded_lines": [536, 537], "executed_branches": [], "missing_branches": []}}, "classes": {"": {"executed_lines": [6, 7, 9, 10, 13, 15, 41, 42, 44, 45, 46, 47, 49, 51, 53, 57, 58, 99, 100, 102, 103, 110, 111, 112, 114, 116, 118, 121, 122, 127, 135, 136, 137, 144, 145, 176, 177, 178, 182, 183, 184, 186, 187, 188, 189, 190, 192, 193, 195, 199, 200, 230, 231, 232, 236, 237, 238, 240, 241, 242, 243, 245, 249, 250, 280, 281, 282, 286, 287, 288, 289, 290, 292, 293, 294, 295, 296, 298, 299, 303, 304, 334, 335, 336, 340, 341, 342, 343, 344, 346, 347, 348, 349, 350, 352, 353, 356, 495, 504, 536], "summary": {"covered_lines": 99, "num_statements": 151, "percent_covered": 63.190184049079754, "percent_covered_display": "63.19", "missing_lines": 52, "excluded_lines": 6, "num_branches": 12, "num_partial_branches": 0, "covered_branches": 4, "missing_branches": 8}, "missing_lines": [360, 361, 363, 364, 367, 368, 369, 370, 373, 374, 375, 376, 379, 380, 389, 390, 391, 392, 393, 395, 398, 403, 410, 416, 417, 420, 421, 422, 429, 436, 437, 440, 447, 457, 460, 461, 468, 476, 478, 479, 482, 492, 497, 500, 501, 508, 510, 511, 513, 515, 525, 527], "excluded_lines": [485, 488, 489, 490, 536, 537], "executed_branches": [[110, 111], [110, 114], [136, -127], [136, 137]], "missing_branches": [[369, 370], [369, 373], [389, 390], [389, 398], [390, 391], [390, 392], [392, 393], [392, 395]]}}}, "src/scitex/stats/descriptive/_describe.py": {"executed_lines": [6, 7, 9, 10, 13, 34, 35, 36, 38, 39, 40, 41, 43, 44, 57, 59, 61, 64, 69, 70, 71, 73, 77, 84, 87, 88, 89, 131, 132, 134, 135, 156, 157, 158, 160, 162, 163, 166, 191, 200, 230], "summary": {"covered_lines": 40, "num_statements": 60, "percent_covered": 61.76470588235294, "percent_covered_display": "61.76", "missing_lines": 20, "excluded_lines": 2, "num_branches": 8, "num_partial_branches": 0, "covered_branches": 2, "missing_branches": 6}, "missing_lines": [168, 171, 174, 180, 181, 182, 183, 184, 186, 188, 193, 196, 197, 203, 205, 206, 208, 209, 219, 221], "excluded_lines": [230, 231], "executed_branches": [[156, 157], [156, 160]], "missing_branches": [[180, 181], [180, 188], [181, 182], [181, 183], [183, 184], [183, 186]], "functions": {"verify_non_leakage": {"executed_lines": [69, 70, 71, 73, 77, 84], "summary": {"covered_lines": 6, "num_statements": 6, "percent_covered": 100.0, "percent_covered_display": "100.00", "missing_lines": 0, "excluded_lines": 0, "num_branches": 0, "num_partial_branches": 0, "covered_branches": 0, "missing_branches": 0}, "missing_lines": [], "excluded_lines": [], "executed_branches": [], "missing_branches": []}, "describe": {"executed_lines": [131, 132, 134, 135, 156, 157, 158, 160, 162, 163], "summary": {"covered_lines": 10, "num_statements": 10, "percent_covered": 100.0, "percent_covered_display": "100.00", "missing_lines": 0, "excluded_lines": 0, "num_branches": 2, "num_partial_branches": 0, "covered_branches": 2, "missing_branches": 0}, "missing_lines": [], "excluded_lines": [], "executed_branches": [[156, 157], [156, 160]], "missing_branches": []}, "main": {"executed_lines": [], "summary": {"covered_lines": 0, "num_statements": 10, "percent_covered": 0.0, "percent_covered_display": "0.00", "missing_lines": 10, "excluded_lines": 0, "num_branches": 6, "num_partial_branches": 0, "covered_branches": 0, "missing_branches": 6}, "missing_lines": [168, 171, 174, 180, 181, 182, 183, 184, 186, 188], "excluded_lines": [], "executed_branches": [], "missing_branches": [[180, 181], [180, 188], [181, 182], [181, 183], [183, 184], [183, 186]]}, "parse_args": {"executed_lines": [], "summary": {"covered_lines": 0, "num_statements": 3, "percent_covered": 0.0, "percent_covered_display": "0.00", "missing_lines": 3, "excluded_lines": 0, "num_branches": 0, "num_partial_branches": 0, "covered_branches": 0, "missing_branches": 0}, "missing_lines": [193, 196, 197], "excluded_lines": [], "executed_branches": [], "missing_branches": []}, "run_main": {"executed_lines": [], "summary": {"covered_lines": 0, "num_statements": 7, "percent_covered": 0.0, "percent_covered_display": "0.00", "missing_lines": 7, "excluded_lines": 0, "num_branches": 0, "num_partial_branches": 0, "covered_branches": 0, "missing_branches": 0}, "missing_lines": [203, 205, 206, 208, 209, 219, 221], "excluded_lines": [], "executed_branches": [], "missing_branches": []}, "": {"executed_lines": [6, 7, 9, 10, 13, 34, 35, 36, 38, 39, 40, 41, 43, 44, 57, 59, 61, 64, 87, 88, 89, 166, 191, 200, 230], "summary": {"covered_lines": 24, "num_statements": 24, "percent_covered": 100.0, "percent_covered_display": "100.00", "missing_lines": 0, "excluded_lines": 2, "num_branches": 0, "num_partial_branches": 0, "covered_branches": 0, "missing_branches": 0}, "missing_lines": [], "excluded_lines": [230, 231], "executed_branches": [], "missing_branches": []}}, "classes": {"": {"executed_lines": [6, 7, 9, 10, 13, 34, 35, 36, 38, 39, 40, 41, 43, 44, 57, 59, 61, 64, 69, 70, 71, 73, 77, 84, 87, 88, 89, 131, 132, 134, 135, 156, 157, 158, 160, 162, 163, 166, 191, 200, 230], "summary": {"covered_lines": 40, "num_statements": 60, "percent_covered": 61.76470588235294, "percent_covered_display": "61.76", "missing_lines": 20, "excluded_lines": 2, "num_branches": 8, "num_partial_branches": 0, "covered_branches": 2, "missing_branches": 6}, "missing_lines": [168, 171, 174, 180, 181, 182, 183, 184, 186, 188, 193, 196, 197, 203, 205, 206, 208, 209, 219, 221], "excluded_lines": [230, 231], "executed_branches": [[156, 157], [156, 160]], "missing_branches": [[180, 181], [180, 188], [181, 182], [181, 183], [183, 184], [183, 186]]}}}, "src/scitex/stats/descriptive/_nan.py": {"executed_lines": [6, 7, 9, 10, 13, 34, 35, 37, 38, 39, 40, 42, 44, 46, 49, 50, 51, 52, 53, 54, 55, 56, 58, 59, 62, 63, 64, 65, 66, 67, 68, 69, 71, 72, 75, 76, 77, 81, 82, 83, 84, 87, 88, 89, 90, 91, 94, 95, 96, 97, 106, 107, 108, 109, 110, 114, 115, 116, 117, 157, 158, 159, 160, 161, 164, 165, 166, 167, 168, 171, 172, 173, 183, 184, 185, 192, 193, 194, 201, 202, 203, 214, 215, 216, 227, 228, 229, 230, 231, 234, 237, 239, 242, 245, 246, 249, 250, 253, 254, 255, 258, 259, 260, 261, 262, 264, 266, 267, 268, 269, 272, 273, 274, 276, 279, 280, 281, 283, 286, 287, 288, 290, 293, 294, 295, 314, 315, 317, 318, 319, 321, 323, 422, 474, 483, 513], "summary": {"covered_lines": 135, "num_statements": 200, "percent_covered": 63.306451612903224, "percent_covered_display": "63.31", "missing_lines": 65, "excluded_lines": 5, "num_branches": 48, "num_partial_branches": 4, "covered_branches": 22, "missing_branches": 26}, "missing_lines": [78, 111, 112, 174, 175, 176, 177, 179, 180, 186, 187, 188, 189, 195, 196, 197, 198, 204, 205, 206, 207, 208, 210, 211, 217, 218, 219, 220, 221, 223, 224, 275, 282, 289, 424, 427, 428, 429, 430, 433, 434, 435, 436, 437, 438, 439, 440, 443, 455, 456, 457, 458, 459, 461, 471, 476, 479, 480, 486, 488, 489, 491, 492, 502, 504], "excluded_lines": [467, 468, 469, 513, 514], "executed_branches": [[54, 55], [54, 58], [55, 56], [55, 59], [67, 68], [67, 71], [68, 69], [68, 72], [110, 114], [231, 234], [231, 266], [258, 259], [258, 264], [260, 261], [260, 262], [274, 276], [281, 283], [288, 290], [317, 318], [317, 321], [318, 319], [318, 323]], "missing_branches": [[110, 111], [175, 176], [175, 179], [176, 177], [176, 180], [187, 188], [187, 189], [196, 197], [196, 198], [206, 207], [206, 210], [207, 208], [207, 211], [219, 220], [219, 223], [220, 221], [220, 224], [274, 275], [281, 282], [288, 289], [455, 456], [455, 471], [456, 457], [456, 458], [458, 459], [458, 461]], "functions": {"nanmax": {"executed_lines": [52, 53, 54, 55, 56, 58, 59], "summary": {"covered_lines": 7, "num_statements": 7, "percent_covered": 100.0, "percent_covered_display": "100.00", "missing_lines": 0, "excluded_lines": 0, "num_branches": 4, "num_partial_branches": 0, "covered_branches": 4, "missing_branches": 0}, "missing_lines": [], "excluded_lines": [], "executed_branches": [[54, 55], [54, 58], [55, 56], [55, 59]], "missing_branches": []}, "nanmin": {"executed_lines": [65, 66, 67, 68, 69, 71, 72], "summary": {"covered_lines": 7, "num_statements": 7, "percent_covered": 100.0, "percent_covered_display": "100.00", "missing_lines": 0, "excluded_lines": 0, "num_branches": 4, "num_partial_branches": 0, "covered_branches": 4, "missing_branches": 0}, "missing_lines": [], "excluded_lines": [], "executed_branches": [[67, 68], [67, 71], [68, 69], [68, 72]], "missing_branches": []}, "nansum": {"executed_lines": [], "summary": {"covered_lines": 0, "num_statements": 1, "percent_covered": 0.0, "percent_covered_display": "0.00", "missing_lines": 1, "excluded_lines": 0, "num_branches": 0, "num_partial_branches": 0, "covered_branches": 0, "missing_branches": 0}, "missing_lines": [78], "excluded_lines": [], "executed_branches": [], "missing_branches": []}, "nanmean": {"executed_lines": [84], "summary": {"covered_lines": 1, "num_statements": 1, "percent_covered": 100.0, "percent_covered_display": "100.00", "missing_lines": 0, "excluded_lines": 0, "num_branches": 0, "num_partial_branches": 0, "covered_branches": 0, "missing_branches": 0}, "missing_lines": [], "excluded_lines": [], "executed_branches": [], "missing_branches": []}, "nanvar": {"executed_lines": [90, 91], "summary": {"covered_lines": 2, "num_statements": 2, "percent_covered": 100.0, "percent_covered_display": "100.00", "missing_lines": 0, "excluded_lines": 0, "num_branches": 0, "num_partial_branches": 0, "covered_branches": 0, "missing_branches": 0}, "missing_lines": [], "excluded_lines": [], "executed_branches": [], "missing_branches": []}, "nanstd": {"executed_lines": [97], "summary": {"covered_lines": 1, "num_statements": 1, "percent_covered": 100.0, "percent_covered_display": "100.00", "missing_lines": 0, "excluded_lines": 0, "num_branches": 0, "num_partial_branches": 0, "covered_branches": 0, "missing_branches": 0}, "missing_lines": [], "excluded_lines": [], "executed_branches": [], "missing_branches": []}, "nanzscore": {"executed_lines": [109, 110, 114, 115, 116, 117], "summary": {"covered_lines": 6, "num_statements": 8, "percent_covered": 70.0, "percent_covered_display": "70.00", "missing_lines": 2, "excluded_lines": 0, "num_branches": 2, "num_partial_branches": 1, "covered_branches": 1, "missing_branches": 1}, "missing_lines": [111, 112], "excluded_lines": [], "executed_branches": [[110, 114]], "missing_branches": [[110, 111]]}, "nankurtosis": {"executed_lines": [160, 161], "summary": {"covered_lines": 2, "num_statements": 2, "percent_covered": 100.0, "percent_covered_display": "100.00", "missing_lines": 0, "excluded_lines": 0, "num_branches": 0, "num_partial_branches": 0, "covered_branches": 0, "missing_branches": 0}, "missing_lines": [], "excluded_lines": [], "executed_branches": [], "missing_branches": []}, "nanskewness": {"executed_lines": [167, 168], "summary": {"covered_lines": 2, "num_statements": 2, "percent_covered": 100.0, "percent_covered_display": "100.00", "missing_lines": 0, "excluded_lines": 0, "num_branches": 0, "num_partial_branches": 0, "covered_branches": 0, "missing_branches": 0}, "missing_lines": [], "excluded_lines": [], "executed_branches": [], "missing_branches": []}, "nanprod": {"executed_lines": [], "summary": {"covered_lines": 0, "num_statements": 6, "percent_covered": 0.0, "percent_covered_display": "0.00", "missing_lines": 6, "excluded_lines": 0, "num_branches": 4, "num_partial_branches": 0, "covered_branches": 0, "missing_branches": 4}, "missing_lines": [174, 175, 176, 177, 179, 180], "excluded_lines": [], "executed_branches": [], "missing_branches": [[175, 176], [175, 179], [176, 177], [176, 180]]}, "nancumprod": {"executed_lines": [], "summary": {"covered_lines": 0, "num_statements": 4, "percent_covered": 0.0, "percent_covered_display": "0.00", "missing_lines": 4, "excluded_lines": 0, "num_branches": 2, "num_partial_branches": 0, "covered_branches": 0, "missing_branches": 2}, "missing_lines": [186, 187, 188, 189], "excluded_lines": [], "executed_branches": [], "missing_branches": [[187, 188], [187, 189]]}, "nancumsum": {"executed_lines": [], "summary": {"covered_lines": 0, "num_statements": 4, "percent_covered": 0.0, "percent_covered_display": "0.00", "missing_lines": 4, "excluded_lines": 0, "num_branches": 2, "num_partial_branches": 0, "covered_branches": 0, "missing_branches": 2}, "missing_lines": [195, 196, 197, 198], "excluded_lines": [], "executed_branches": [], "missing_branches": [[196, 197], [196, 198]]}, "nanargmin": {"executed_lines": [], "summary": {"covered_lines": 0, "num_statements": 7, "percent_covered": 0.0, "percent_covered_display": "0.00", "missing_lines": 7, "excluded_lines": 0, "num_branches": 4, "num_partial_branches": 0, "covered_branches": 0, "missing_branches": 4}, "missing_lines": [204, 205, 206, 207, 208, 210, 211], "excluded_lines": [], "executed_branches": [], "missing_branches": [[206, 207], [206, 210], [207, 208], [207, 211]]}, "nanargmax": {"executed_lines": [], "summary": {"covered_lines": 0, "num_statements": 7, "percent_covered": 0.0, "percent_covered_display": "0.00", "missing_
[...]
696, 697, 698, 699, 702, 703, 706, 708, 709, 711, 757, 758, 774, 775, 777, 780, 781, 784, 860, 861, 862, 863, 885, 886, 889, 890, 893, 894], "excluded_lines": [287, 321, 368, 464, 721, 800], "executed_branches": [[132, 133], [139, 140], [139, 143], [143, 144], [144, 145], [144, 148], [145, 144], [145, 146], [183, 184], [183, 187], [187, 188], [256, 257], [256, 259], [263, 264], [263, 267], [267, 268], [267, 274], [268, 269], [268, 274], [269, 268], [269, 270], [274, 275], [274, 280], [275, 276], [275, 280], [276, 275], [276, 277], [280, 281], [280, 289], [281, 282], [281, 289], [282, 281], [282, 283], [346, 347], [346, 356], [347, 348], [347, 349], [349, 350], [857, 858], [857, 869], [858, 859], [869, 870], [869, 872], [872, 873], [872, 876], [876, 877], [876, 880], [880, 881], [880, 884], [884, 888], [888, 892], [892, 897]], "missing_branches": [[132, 139], [143, 148], [187, 191], [349, 352], [406, 407], [406, 411], [411, 412], [411, 414], [417, 418], [417, 422], [422, 423], [422, 427], [427, 429], [427, 441], [441, 442], [441, 443], [443, 444], [443, 450], [514, 515], [514, 517], [524, 525], [524, 526], [526, 527], [526, 529], [538, 539], [538, 545], [545, 546], [545, 547], [547, 548], [547, 550], [557, 558], [557, 578], [579, 580], [579, 581], [581, 582], [581, 583], [583, 584], [583, 585], [585, 586], [585, 588], [591, 592], [591, 594], [664, 665], [664, 675], [692, 693], [692, 702], [757, 758], [757, 774], [774, 775], [774, 777], [858, 860], [860, 861], [860, 862], [862, -787], [862, 863], [884, 885], [888, 889], [892, 893]], "functions": {"normalize_result": {"executed_lines": [124, 127, 128, 132, 133, 135, 139, 140, 143, 144, 145, 146, 148], "summary": {"covered_lines": 13, "num_statements": 13, "percent_covered": 91.30434782608695, "percent_covered_display": "91.30", "missing_lines": 0, "excluded_lines": 0, "num_branches": 10, "num_partial_branches": 2, "covered_branches": 8, "missing_branches": 2}, "missing_lines": [], "excluded_lines": [], "executed_branches": [[132, 133], [139, 140], [139, 143], [143, 144], [144, 145], [144, 148], [145, 144], [145, 146]], "missing_branches": [[132, 139], [143, 148]]}, "to_dataframe": {"executed_lines": [183, 184, 187, 188, 191, 193], "summary": {"covered_lines": 6, "num_statements": 6, "percent_covered": 90.0, "percent_covered_display": "90.00", "missing_lines": 0, "excluded_lines": 0, "num_branches": 4, "num_partial_branches": 1, "covered_branches": 3, "missing_branches": 1}, "missing_lines": [], "excluded_lines": [], "executed_branches": [[183, 184], [183, 187], [187, 188]], "missing_branches": [[187, 191]]}, "force_dataframe": {"executed_lines": [256, 257, 259, 262, 263, 264, 267, 268, 269, 270, 271, 274, 275, 276, 277, 280, 281, 282, 283, 284, 289], "summary": {"covered_lines": 21, "num_statements": 22, "percent_covered": 97.72727272727273, "percent_covered_display": "97.73", "missing_lines": 1, "excluded_lines": 1, "num_branches": 22, "num_partial_branches": 0, "covered_branches": 22, "missing_branches": 0}, "missing_lines": [285], "excluded_lines": [287], "executed_branches": [[256, 257], [256, 259], [263, 264], [263, 267], [267, 268], [267, 274], [268, 269], [268, 274], [269, 268], [269, 270], [274, 275], [274, 280], [275, 276], [275, 280], [276, 275], [276, 277], [280, 281], [280, 289], [281, 282], [281, 289], [282, 281], [282, 283]], "missing_branches": []}, "to_dict": {"executed_lines": [315], "summary": {"covered_lines": 1, "num_statements": 1, "percent_covered": 100.0, "percent_covered_display": "100.00", "missing_lines": 0, "excluded_lines": 0, "num_branches": 0, "num_partial_branches": 0, "covered_branches": 0, "missing_branches": 0}, "missing_lines": [], "excluded_lines": [], "executed_branches": [], "missing_branches": []}, "combine_results": {"executed_lines": [345, 346, 347, 348, 349, 350, 353, 356, 359], "summary": {"covered_lines": 9, "num_statements": 10, "percent_covered": 87.5, "percent_covered_display": "87.50", "missing_lines": 1, "excluded_lines": 1, "num_branches": 6, "num_partial_branches": 1, "covered_branches": 5, "missing_branches": 1}, "missing_lines": [352], "excluded_lines": [321], "executed_branches": [[346, 347], [346, 356], [347, 348], [347, 349], [349, 350]], "missing_branches": [[349, 352]]}, "export_results": {"executed_lines": [], "summary": {"covered_lines": 0, "num_statements": 29, "percent_covered": 0.0, "percent_covered_display": "0.00", "missing_lines": 29, "excluded_lines": 1, "num_branches": 14, "num_partial_branches": 0, "covered_branches": 0, "missing_branches": 14}, "missing_lines": [403, 406, 407, 408, 411, 412, 414, 417, 418, 420, 421, 422, 423, 425, 426, 427, 429, 431, 439, 440, 441, 442, 443, 444, 446, 447, 448, 450, 455], "excluded_lines": [368], "executed_branches": [], "missing_branches": [[406, 407], [406, 411], [411, 412], [411, 414], [417, 418], [417, 422], [422, 423], [422, 427], [427, 429], [427, 441], [441, 442], [441, 443], [443, 444], [443, 450]]}, "export_excel_styled": {"executed_lines": [], "summary": {"covered_lines": 0, "num_statements": 0, "percent_covered": 100.0, "percent_covered_display": "100.00", "missing_lines": 0, "excluded_lines": 1, "num_branches": 0, "num_partial_branches": 0, "covered_branches": 0, "missing_branches": 0}, "missing_lines": [], "excluded_lines": [464], "executed_branches": [], "missing_branches": []}, "export_report": {"executed_lines": [], "summary": {"covered_lines": 0, "num_statements": 11, "percent_covered": 0.0, "percent_covered_display": "0.00", "missing_lines": 11, "excluded_lines": 0, "num_branches": 6, "num_partial_branches": 0, "covered_branches": 0, "missing_branches": 6}, "missing_lines": [511, 514, 515, 517, 520, 521, 524, 525, 526, 527, 529], "excluded_lines": [], "executed_branches": [], "missing_branches": [[514, 515], [514, 517], [524, 525], [524, 526], [526, 527], [526, 529]]}, "_get_scitex_signature": {"executed_lines": [], "summary": {"covered_lines": 0, "num_statements": 9, "percent_covered": 0.0, "percent_covered_display": "0.00", "missing_lines": 9, "excluded_lines": 0, "num_branches": 6, "num_partial_branches": 0, "covered_branches": 0, "missing_branches": 6}, "missing_lines": [534, 536, 538, 539, 545, 546, 547, 548, 550], "excluded_lines": [], "executed_branches": [], "missing_branches": [[538, 539], [538, 545], [545, 546], [545, 547], [547, 548], [547, 550]]}, "_export_report_html": {"executed_lines": [], "summary": {"covered_lines": 0, "num_statements": 17, "percent_covered": 0.0, "percent_covered_display": "0.00", "missing_lines": 17, "excluded_lines": 0, "num_branches": 4, "num_partial_branches": 0, "covered_branches": 0, "missing_branches": 4}, "missing_lines": [556, 557, 558, 559, 560, 561, 562, 564, 578, 591, 592, 594, 597, 599, 653, 654, 656], "excluded_lines": [], "executed_branches": [], "missing_branches": [[557, 558], [557, 578], [591, 592], [591, 594]]}, "_export_report_html.style_pvalue": {"executed_lines": [], "summary": {"covered_lines": 0, "num_statements": 9, "percent_covered": 0.0, "percent_covered_display": "0.00", "missing_lines": 9, "excluded_lines": 0, "num_branches": 8, "num_partial_branches": 0, "covered_branches": 0, "missing_branches": 8}, "missing_lines": [579, 580, 581, 582, 583, 584, 585, 586, 588], "excluded_lines": [], "executed_branches": [], "missing_branches": [[579, 580], [579, 581], [581, 582], [581, 583], [583, 584], [583, 585], [585, 586], [585, 588]]}, "_export_report_markdown": {"executed_lines": [], "summary": {"covered_lines": 0, "num_statements": 15, "percent_covered": 0.0, "percent_covered_display": "0.00", "missing_lines": 15, "excluded_lines": 0, "num_branches": 2, "num_partial_branches": 0, "covered_branches": 0, "missing_branches": 2}, "missing_lines": [661, 664, 665, 666, 667, 669, 670, 671, 672, 675, 676, 679, 681, 682, 684], "excluded_lines": [], "executed_branches": [], "missing_branches": [[664, 665], [664, 675]]}, "_export_report_text": {"executed_lines": [], "summary": {"covered_lines": 0, "num_statements": 14, "percent_covered": 0.0, "percent_covered_display": "0.00", "missing_lines": 14, "excluded_lines": 0, "num_branches": 2, "num_partial_branches": 0, "covered_branches": 0, "missing_branches": 2}, "missing_lines": [689, 692, 693, 694, 696, 697, 698, 699, 702, 703, 706, 708, 709, 711], "excluded_lines": [], "executed_branches": [], "missing_branches": [[692, 693], [692, 702]]}, "export_summary": {"executed_lines": [], "summary": {"covered_lines": 0, "num_statements": 8, "percent_covered": 0.0, "percent_covered_display": "0.00", "missing_lines": 8, "excluded_lines": 1, "num_branches": 4, "num_partial_branches": 0, "covered_branches": 0, "missing_branches": 4}, "missing_lines": [757, 758, 774, 775, 777, 780, 781, 784], "excluded_lines": [721], "executed_branches": [], "missing_branches": [[757, 758], [757, 774], [774, 775], [774, 777]]}, "convert_results": {"executed_lines": [857, 858, 859, 869, 870, 872, 873, 874, 876, 877, 878, 880, 881, 882, 884, 888, 892, 897], "summary": {"covered_lines": 18, "num_statements": 28, "percent_covered": 64.0, "percent_covered_display": "64.00", "missing_lines": 10, "excluded_lines": 1, "num_branches": 22, "num_partial_branches": 4, "covered_branches": 14, "missing_branches": 8}, "missing_lines": [860, 861, 862, 863, 885, 886, 889, 890, 893, 894], "excluded_lines": [800], "executed_branches": [[857, 858], [857, 869], [858, 859], [869, 870], [869, 872], [872, 873], [872, 876], [876, 877], [876, 880], [880, 881], [880, 884], [884, 888], [888, 892], [892, 897]], "missing_branches": [[858, 860], [860, 861], [860, 862], [862, -787], [862, 863], [884, 885], [888, 889], [892, 893]]}, "": {"executed_lines": [6, 7, 9, 10, 13, 20, 22, 23, 26, 54, 71, 99, 151, 196, 292, 318, 362, 458, 467, 532, 553, 659, 687, 714, 787, 904, 906], "summary": {"covered_lines": 27, "num_statements": 27, "percent_covered": 100.0, "percent_covered_display": "100.00", "missing_lines": 0, "excluded_lines": 0, "num_branches": 0, "num_partial_branches": 0, "covered_branches": 0, "missing_branches": 0}, "missing_lines": [], "excluded_lines": [], "executed_branches": [], "missing_branches": []}}, "classes": {"": {"executed_lines": [6, 7, 9, 10, 13, 20, 22, 23, 26, 54, 71, 99, 124, 127, 128, 132, 133, 135, 139, 140, 143, 144, 145, 146, 148, 151, 183, 184, 187, 188, 191, 193, 196, 256, 257, 259, 262, 263, 264, 267, 268, 269, 270, 271, 274, 275, 276, 277, 280, 281, 282, 283, 284, 289, 292, 315, 318, 345, 346, 347, 348, 349, 350, 353, 356, 359, 362, 458, 467, 532, 553, 659, 687, 714, 787, 857, 858, 859, 869, 870, 872, 873, 874, 876, 877, 878, 880, 881, 882, 884, 888, 892, 897, 904, 906], "summary": {"covered_lines": 95, "num_statements": 219, "percent_covered": 44.680851063829785, "percent_covered_display": "44.68", "missing_lines": 124, "excluded_lines": 6, "num_branches": 110, "num_partial_branches": 8, "covered_branches": 52, "missing_branches": 58}, "missing_lines": [285, 352, 403, 406, 407, 408, 411, 412, 414, 417, 418, 420, 421, 422, 423, 425, 426, 427, 429, 431, 439, 440, 441, 442, 443, 444, 446, 447, 448, 450, 455, 511, 514, 515, 517, 520, 521, 524, 525, 526, 527, 529, 534, 536, 538, 539, 545, 546, 547, 548, 550, 556, 557, 558, 559, 560, 561, 562, 564, 578, 579, 580, 581, 582, 583, 584, 585, 586, 588, 591, 592, 594, 597, 599, 653, 654, 656, 661, 664, 665, 666, 667, 669, 670, 671, 672, 675, 676, 679, 681, 682, 684, 689, 692, 693, 694, 696, 697, 698, 699, 702, 703, 706, 708, 709, 711, 757, 758, 774, 775, 777, 780, 781, 784, 860, 861, 862, 863, 885, 886, 889, 890, 893, 894], "excluded_lines": [287, 321, 368, 464, 721, 800], "executed_branches": [[132, 133], [139, 140], [139, 143], [143, 144], [144, 145], [144, 148], [145, 144], [145, 146], [183, 184], [183, 187], [187, 188], [256, 257], [256, 259], [263, 264], [263, 267], [267, 268], [267, 274], [268, 269], [268, 274], [269, 268], [269, 270], [274, 275], [274, 280], [275, 276], [275, 280], [276, 275], [276, 277], [280, 281], [280, 289], [281, 282], [281, 289], [282, 281], [282, 283], [346, 347], [346, 356], [347, 348], [347, 349], [349, 350], [857, 858], [857, 869], [858, 859], [869, 870], [869, 872], [872, 873], [872, 876], [876, 877], [876, 880], [880, 881], [880, 884], [884, 888], [888, 892], [892, 897]], "missing_branches": [[132, 139], [143, 148], [187, 191], [349, 352], [406, 407], [406, 411], [411, 412], [411, 414], [417, 418], [417, 422], [422, 423], [422, 427], [427, 429], [427, 441], [441, 442], [441, 443], [443, 444], [443, 450], [514, 515], [514, 517], [524, 525], [524, 526], [526, 527], [526, 529], [538, 539], [538, 545], [545, 546], [545, 547], [547, 548], [547, 550], [557, 558], [557, 578], [579, 580], [579, 581], [581, 582], [581, 583], [583, 584], [583, 585], [585, 586], [585, 588], [591, 592], [591, 594], [664, 665], [664, 675], [692, 693], [692, 702], [757, 758], [757, 774], [774, 775], [774, 777], [858, 860], [860, 861], [860, 862], [862, -787], [862, 863], [884, 885], [888, 889], [892, 893]]}}}, "src/scitex/stats/utils/_power.py": {"executed_lines": [6, 21, 22, 23, 24, 25, 26, 27, 28, 29, 31, 33, 36, 117, 118, 119, 120, 121, 122, 123, 125, 127, 130, 131, 133, 136, 137, 138, 139, 140, 141, 146, 148, 151, 154, 156, 157, 159, 162, 164, 167, 215, 216, 218, 220, 221, 222, 224, 233, 234, 236, 238, 239, 240, 243, 244, 246, 254, 255, 257, 259, 262, 265, 394, 403, 430], "summary": {"covered_lines": 64, "num_statements": 148, "percent_covered": 51.630434782608695, "percent_covered_display": "51.63", "missing_lines": 84, "excluded_lines": 15, "num_branches": 36, "num_partial_branches": 1, "covered_branches": 31, "missing_branches": 5}, "missing_lines": [143, 272, 273, 275, 276, 277, 279, 284, 285, 287, 288, 289, 291, 296, 297, 298, 307, 308, 309, 310, 319, 322, 323, 324, 325, 326, 327, 328, 329, 330, 331, 334, 335, 336, 337, 338, 339, 340, 341, 342, 343, 344, 347, 348, 349, 350, 351, 353, 354, 355, 356, 357, 358, 359, 362, 363, 364, 366, 367, 368, 370, 371, 372, 373, 374, 375, 378, 379, 380, 381, 382, 383, 385, 388, 391, 396, 399, 400, 407, 408, 410, 412, 421, 423], "excluded_lines": [267, 270, 278, 282, 290, 294, 299, 305, 312, 313, 314, 317, 389, 430, 431], "executed_branches": [[117, 118], [117, 121], [118, 119], [118, 120], [121, 122], [121, 127], [122, 123], [122, 125], [130, 131], [130, 133], [136, 137], [136, 138], [138, 139], [138, 140], [140, 141], [146, 148], [146, 151], [154, 156], [154, 157], [157, 159], [157, 162], [218, 220], [218, 243], [220, 221], [220, 238], [233, 234], [233, 236], [243, 244], [243, 259], [254, 255], [254, 257]], "missing_branches": [[140, 143], [349, 350], [349, 353], [366, 367], [366, 370]], "functions": {"power_ttest": {"executed_lines": [117, 118, 119, 120, 121, 122, 123, 125, 127, 130, 131, 133, 136, 137, 138, 139, 140, 141, 146, 148, 151, 154, 156, 157, 159, 162, 164], "summary": {"covered_lines": 27, "num_statements": 28, "percent_covered": 96.0, "percent_covered_display": "96.00", "missing_lines": 1, "excluded_lines": 0, "num_branches": 22, "num_partial_branches": 1, "covered_branches": 21, "missing_branches": 1}, "missing_lines": [143], "excluded_lines": [], "executed_branches": [[117, 118], [117, 121], [118, 119], [118, 120], [121, 122], [121, 127], [122, 123], [122, 125], [130, 131], [130, 133], [136, 137], [136, 138], [138, 139], [138, 140], [140, 141], [146, 148], [146, 151], [154, 156], [154, 157], [157, 159], [157, 162]], "missing_branches": [[140, 143]]}, "sample_size_ttest": {"executed_lines": [215, 216, 218, 220, 221, 222, 224, 233, 234, 236, 238, 239, 240, 243, 244, 246, 254, 255, 257, 259], "summary": {"covered_lines": 20, "num_statements": 20, "percent_covered": 100.0, "percent_covered_display": "100.00", "missing_lines": 0, "excluded_lines": 0, "num_branches": 10, "num_partial_branches": 0, "covered_branches": 10, "missing_branches": 0}, "missing_lines": [], "excluded_lines": [], "executed_branches": [[218, 220], [218, 243], [220, 221], [220, 238], [233, 234], [233, 236], [243, 244], [243, 259], [254, 255], [254, 257]], "missing_branches": []}, "main": {"executed_lines": [], "summary": {"covered_lines": 0, "num_statements": 74, "percent_covered": 0.0, "percent_covered_display": "0.00", "missing_lines": 74, "excluded_lines": 13, "num_branches": 4, "num_partial_branches": 0, "covered_branches": 0, "missing_branches": 4}, "missing_lines": [272, 273, 275, 276, 277, 279, 284, 285, 287, 288, 289, 291, 296, 297, 298, 307, 308, 309, 310, 319, 322, 323, 324, 325, 326, 327, 328, 329, 330, 331, 334, 335, 336, 337, 338, 339, 340, 341, 342, 343, 344, 347, 348, 349, 350, 351, 353, 354, 355, 356, 357, 358, 359, 362, 363, 364, 366, 367, 368, 370, 371, 372, 373, 374, 375, 378, 379, 380, 381, 382, 383, 385, 388, 391], "excluded_lines": [267, 270, 278, 282, 290, 294, 299, 305, 312, 313, 314, 317, 389], "executed_branches": [], "missing_branches": [[349, 350], [349, 353], [366, 367], [366, 370]]}, "parse_args": {"executed_lines": [], "summary": {"covered_lines": 0, "num_statements": 3, "percent_covered": 0.0, "percent_covered_display": "0.00", "missing_lines": 3, "excluded_lines": 0, "num_branches": 0, "num_partial_branches": 0, "covered_branches": 0, "missing_branches": 0}, "missing_lines": [396, 399, 400], "excluded_lines": [], "executed_branches": [], "missing_branches": []}, "run_main": {"executed_lines": [], "summary": {"covered_lines": 0, "num_statements": 6, "percent_covered": 0.0, "percent_covered_display": "0.00", "missing_lines": 6, "excluded_lines": 0, "num_branches": 0, "num_partial_branches": 0, "covered_branches": 0, "missing_branches": 0}, "missing_lines": [407, 408, 410, 412, 421, 423], "excluded_lines": [], "executed_branches": [], "missing_branches": []}, "": {"executed_lines": [6, 21, 22, 23, 24, 25, 26, 27, 28, 29, 31, 33, 36, 167, 262, 265, 394, 403, 430], "summary": {"covered_lines": 17, "num_statements": 17, "percent_covered": 100.0, "percent_covered_display": "100.00", "missing_lines": 0, "excluded_lines": 2, "num_branches": 0, "num_partial_branches": 0, "covered_branches": 0, "missing_branches": 0}, "missing_lines": [], "excluded_lines": [430, 431], "executed_branches": [], "missing_branches": []}}, "classes": {"": {"executed_lines": [6, 21, 22, 23, 24, 25, 26, 27, 28, 29, 31, 33, 36, 117, 118, 119, 120, 121, 122, 123, 125, 127, 130, 131, 133, 136, 137, 138, 139, 140, 141, 146, 148, 151, 154, 156, 157, 159, 162, 164, 167, 215, 216, 218, 220, 221, 222, 224, 233, 234, 236, 238, 239, 240, 243, 244, 246, 254, 255, 257, 259, 262, 265, 394, 403, 430], "summary": {"covered_lines": 64, "num_statements": 148, "percent_covered": 51.630434782608695, "percent_covered_display": "51.63", "missing_lines": 84, "excluded_lines": 15, "num_branches": 36, "num_partial_branches": 1, "covered_branches": 31, "missing_branches": 5}, "missing_lines": [143, 272, 273, 275, 276, 277, 279, 284, 285, 287, 288, 289, 291, 296, 297, 298, 307, 308, 309, 310, 319, 322, 323, 324, 325, 326, 327, 328, 329, 330, 331, 334, 335, 336, 337, 338, 339, 340, 341, 342, 343, 344, 347, 348, 349, 350, 351, 353, 354, 355, 356, 357, 358, 359, 362, 363, 364, 366, 367, 368, 370, 371, 372, 373, 374, 375, 378, 379, 380, 381, 382, 383, 385, 388, 391, 396, 399, 400, 407, 408, 410, 412, 421, 423], "excluded_lines": [267, 270, 278, 282, 290, 294, 299, 305, 312, 313, 314, 317, 389, 430, 431], "executed_branches": [[117, 118], [117, 121], [118, 119], [118, 120], [121, 122], [121, 127], [122, 123], [122, 125], [130, 131], [130, 133], [136, 137], [136, 138], [138, 139], [138, 140], [140, 141], [146, 148], [146, 151], [154, 156], [154, 157], [157, 159], [157, 162], [218, 220], [218, 243], [220, 221], [220, 238], [233, 234], [233, 236], [243, 244], [243, 259], [254, 255], [254, 257]], "missing_branches": [[140, 143], [349, 350], [349, 353], [366, 367], [366, 370]]}}}}, "totals": {"covered_lines": 1515, "num_statements": 3144, "percent_covered": 49.03455284552845, "percent_covered_display": "49.03", "missing_lines": 1629, "excluded_lines": 499, "num_branches": 792, "num_partial_branches": 47, "covered_branches": 415, "missing_branches": 377}}