{"meta": {"format": 3, "version": "7.11.0", "timestamp": "2025-11-11T02:41:00.146417", "branch_coverage": true, "show_contexts": false}, "files": {"src/scitex/logging/_Tee.py": {"executed_lines": [6, 7, 8, 11, 14, 16, 32, 33, 34, 35, 36, 38, 39, 41, 42, 49, 50, 66, 79, 84, 87, 90, 91, 94, 108, 124, 177], "summary": {"covered_lines": 26, "num_statements": 83, "percent_covered": 24.299065420560748, "percent_covered_display": "24.30", "missing_lines": 57, "excluded_lines": 12, "num_branches": 24, "num_partial_branches": 0, "covered_branches": 0, "missing_branches": 24}, "missing_lines": [44, 46, 51, 52, 53, 54, 55, 56, 58, 59, 61, 62, 63, 64, 67, 68, 69, 70, 73, 74, 76, 77, 80, 81, 82, 85, 88, 92, 96, 97, 98, 99, 100, 102, 104, 105, 111, 112, 114, 118, 119, 148, 154, 155, 156, 157, 158, 160, 161, 163, 164, 165, 166, 168, 169, 170, 174], "excluded_lines": [60, 103, 106, 121, 171, 177, 179, 181, 183, 191, 194, 195], "executed_branches": [], "missing_branches": [[56, 58], [56, 64], [68, -66], [68, 69], [69, 70], [69, 76], [70, -66], [70, 73], [81, -79], [81, 82], [96, -94], [96, 97], [100, 102], [100, 104], [111, -108], [111, 112], [114, -108], [114, 118], [154, 155], [154, 160], [156, 157], [156, 158], [168, 169], [168, 174]], "functions": {"_get_logger": {"executed_lines": [], "summary": {"covered_lines": 0, "num_statements": 2, "percent_covered": 0.0, "percent_covered_display": "0.00", "missing_lines": 2, "excluded_lines": 0, "num_branches": 0, "num_partial_branches": 0, "covered_branches": 0, "missing_branches": 0}, "missing_lines": [44, 46], "excluded_lines": [], "executed_branches": [], "missing_branches": []}, "Tee.__init__": {"executed_lines": [], "summary": {"covered_lines": 0, "num_statements": 12, "percent_covered": 0.0, "percent_covered_display": "0.00", "missing_lines": 12, "excluded_lines": 1, "num_branches": 2, "num_partial_branches": 0, "covered_branches": 0, "missing_branches": 2}, "missing_lines": [51, 52, 53, 54, 55, 56, 58, 59, 61, 62, 63, 64], "excluded_lines": [60], "executed_branches": [], "missing_branches": [[56, 58], [56, 64]]}, "Tee.write": {"executed_lines": [], "summary": {"covered_lines": 0, "num_statements": 8, "percent_covered": 0.0, "percent_covered_display": "0.00", "missing_lines": 8, "excluded_lines": 0, "num_branches": 6, "num_partial_branches": 0, "covered_branches": 0, "missing_branches": 6}, "missing_lines": [67, 68, 69, 70, 73, 74, 76, 77], "excluded_lines": [], "executed_branches": [], "missing_branches": [[68, -66], [68, 69], [69, 70], [69, 76], [70, -66], [70, 73]]}, "Tee.flush": {"executed_lines": [], "summary": {"covered_lines": 0, "num_statements": 3, "percent_covered": 0.0, "percent_covered_display": "0.00", "missing_lines": 3, "excluded_lines": 0, "num_branches": 2, "num_partial_branches": 0, "covered_branches": 0, "missing_branches": 2}, "missing_lines": [80, 81, 82], "excluded_lines": [], "executed_branches": [], "missing_branches": [[81, -79], [81, 82]]}, "Tee.isatty": {"executed_lines": [], "summary": {"covered_lines": 0, "num_statements": 1, "percent_covered": 0.0, "percent_covered_display": "0.00", "missing_lines": 1, "excluded_lines": 0, "num_branches": 0, "num_partial_branches": 0, "covered_branches": 0, "missing_branches": 0}, "missing_lines": [85], "excluded_lines": [], "executed_branches": [], "missing_branches": []}, "Tee.fileno": {"executed_lines": [], "summary": {"covered_lines": 0, "num_statements": 1, "percent_covered": 0.0, "percent_covered_display": "0.00", "missing_lines": 1, "excluded_lines": 0, "num_branches": 0, "num_partial_branches": 0, "covered_branches": 0, "missing_branches": 0}, "missing_lines": [88], "excluded_lines": [], "executed_branches": [], "missing_branches": []}, "Tee.buffer": {"executed_lines": [], "summary": {"covered_lines": 0, "num_statements": 1, "percent_covered": 0.0, "percent_covered_display": "0.00", "missing_lines": 1, "excluded_lines": 0, "num_branches": 0, "num_partial_branches": 0, "covered_branches": 0, "missing_branches": 0}, "missing_lines": [92], "excluded_lines": [], "executed_branches": [], "missing_branches": []}, "Tee.close": {"executed_lines": [], "summary": {"covered_lines": 0, "num_statements": 8, "percent_covered": 0.0, "percent_covered_display": "0.00", "missing_lines": 8, "excluded_lines": 2, "num_branches": 4, "num_partial_branches": 0, "covered_branches": 0, "missing_branches": 4}, "missing_lines": [96, 97, 98, 99, 100, 102, 104, 105], "excluded_lines": [103, 106], "executed_branches": [], "missing_branches": [[96, -94], [96, 97], [100, 102], [100, 104]]}, "Tee.__del__": {"executed_lines": [], "summary": {"covered_lines": 0, "num_statements": 5, "percent_covered": 0.0, "percent_covered_display": "0.00", "missing_lines": 5, "excluded_lines": 1, "num_branches": 4, "num_partial_branches": 0, "covered_branches": 0, "missing_branches": 4}, "missing_lines": [111, 112, 114, 118, 119], "excluded_lines": [121], "executed_branches": [], "missing_branches": [[111, -108], [111, 112], [114, -108], [114, 118]]}, "tee": {"executed_lines": [], "summary": {"covered_lines": 0, "num_statements": 16, "percent_covered": 0.0, "percent_covered_display": "0.00", "missing_lines": 16, "excluded_lines": 1, "num_branches": 6, "num_partial_branches": 0, "covered_branches": 0, "missing_branches": 6}, "missing_lines": [148, 154, 155, 156, 157, 158, 160, 161, 163, 164, 165, 166, 168, 169, 170, 174], "excluded_lines": [171], "executed_branches": [], "missing_branches": [[154, 155], [154, 160], [156, 157], [156, 158], [168, 169], [168, 174]]}, "": {"executed_lines": [6, 7, 8, 11, 14, 16, 32, 33, 34, 35, 36, 38, 39, 41, 42, 49, 50, 66, 79, 84, 87, 90, 91, 94, 108, 124, 177], "summary": {"covered_lines": 26, "num_statements": 26, "percent_covered": 100.0, "percent_covered_display": "100.00", "missing_lines": 0, "excluded_lines": 7, "num_branches": 0, "num_partial_branches": 0, "covered_branches": 0, "missing_branches": 0}, "missing_lines": [], "excluded_lines": [177, 179, 181, 183, 191, 194, 195], "executed_branches": [], "missing_branches": []}}, "classes": {"Tee": {"executed_lines": [], "summary": {"covered_lines": 0, "num_statements": 39, "percent_covered": 0.0, "percent_covered_display": "0.00", "missing_lines": 39, "excluded_lines": 4, "num_branches": 18, "num_partial_branches": 0, "covered_branches": 0, "missing_branches": 18}, "missing_lines": [51, 52, 53, 54, 55, 56, 58, 59, 61, 62, 63, 64, 67, 68, 69, 70, 73, 74, 76, 77, 80, 81, 82, 85, 88, 92, 96, 97, 98, 99, 100, 102, 104, 105, 111, 112, 114, 118, 119], "excluded_lines": [60, 103, 106, 121], "executed_branches": [], "missing_branches": [[56, 58], [56, 64], [68, -66], [68, 69], [69, 70], [69, 76], [70, -66], [70, 73], [81, -79], [81, 82], [96, -94], [96, 97], [100, 102], [100, 104], [111, -108], [111, 112], [114, -108], [114, 118]]}, "": {"executed_lines": [6, 7, 8, 11, 14, 16, 32, 33, 34, 35, 36, 38, 39, 41, 42, 49, 50, 66, 79, 84, 87, 90, 91, 94, 108, 124, 177], "summary": {"covered_lines": 26, "num_statements": 44, "percent_covered": 52.0, "percent_covered_display": "52.00", "missing_lines": 18, "excluded_lines": 8, "num_branches": 6, "num_partial_branches": 0, "covered_branches": 0, "missing_branches": 6}, "missing_lines": [44, 46, 148, 154, 155, 156, 157, 158, 160, 161, 163, 164, 165, 166, 168, 169, 170, 174], "excluded_lines": [171, 177, 179, 181, 183, 191, 194, 195], "executed_branches": [], "missing_branches": [[154, 155], [154, 160], [156, 157], [156, 158], [168, 169], [168, 174]]}}}, "src/scitex/logging/__init__.py": {"executed_lines": [6, 7, 8, 9, 12, 39, 42, 49, 51, 53, 54, 55, 56, 57, 65, 71, 74, 75, 76, 78, 79, 93, 96, 99], "summary": {"covered_lines": 23, "num_statements": 23, "percent_covered": 100.0, "percent_covered_display": "100.00", "missing_lines": 0, "excluded_lines": 1, "num_branches": 0, "num_partial_branches": 0, "covered_branches": 0, "missing_branches": 0}, "missing_lines": [], "excluded_lines": [42], "executed_branches": [], "missing_branches": [], "functions": {"": {"executed_lines": [6, 7, 8, 9, 12, 39, 42, 49, 51, 53, 54, 55, 56, 57, 65, 71, 74, 75, 76, 78, 79, 93, 96, 99], "summary": {"covered_lines": 23, "num_statements": 23, "percent_covered": 100.0, "percent_covered_display": "100.00", "missing_lines": 0, "excluded_lines": 1, "num_branches": 0, "num_partial_branches": 0, "covered_branches": 0, "missing_branches": 0}, "missing_lines": [], "excluded_lines": [42], "executed_branches": [], "missing_branches": []}}, "classes": {"": {"executed_lines": [6, 7, 8, 9, 12, 39, 42, 49, 51, 53, 54, 55, 56, 57, 65, 71, 74, 75, 76, 78, 79, 93, 96, 99], "summary": {"covered_lines": 23, "num_statements": 23, "percent_covered": 100.0, "percent_covered_display": "100.00", "missing_lines": 0, "excluded_lines": 1, "num_branches": 0, "num_partial_branches": 0, "covered_branches": 0, "missing_branches": 0}, "missing_lines": [], "excluded_lines": [42], "executed_branches": [], "missing_branches": []}}}, "src/scitex/logging/_config.py": {"executed_lines": [6, 7, 8, 9, 12, 14, 15, 17, 18, 19, 22, 23, 26, 30, 40, 43, 44, 47, 48, 51, 56, 62, 64, 67, 88, 91, 101, 105, 108, 109, 110, 112, 115, 116, 117, 120, 121, 122, 124, 127, 130, 135, 141, 149], "summary": {"covered_lines": 44, "num_statements": 54, "percent_covered": 72.97297297297297, "percent_covered_display": "72.97", "missing_lines": 10, "excluded_lines": 0, "num_branches": 20, "num_partial_branches": 6, "covered_branches": 10, "missing_branches": 10}, "missing_lines": [41, 53, 59, 102, 136, 138, 143, 144, 145, 146], "excluded_lines": [], "executed_branches": [[40, 43], [47, -26], [47, 48], [101, 105], [109, 110], [109, 112], [115, 116], [120, 121], [121, 122], [135, -67]], "missing_branches": [[40, 41], [101, 102], [115, 120], [120, 130], [121, 124], [135, 136], [143, 144], [143, 146], [144, 143], [144, 145]], "functions": {"set_level": {"executed_lines": [30, 40, 43, 44, 47, 48], "summary": {"covered_lines": 6, "num_statements": 7, "percent_covered": 81.81818181818181, "percent_covered_display": "81.82", "missing_lines": 1, "excluded_lines": 0, "num_branches": 4, "num_partial_branches": 1, "covered_branches": 3, "missing_branches": 1}, "missing_lines": [41], "excluded_lines": [], "executed_branches": [[40, 43], [47, -26], [47, 48]], "missing_branches": [[40, 41]]}, "get_level": {"executed_lines": [], "summary": {"covered_lines": 0, "num_statements": 1, "percent_covered": 0.0, "percent_covered_display": "0.00", "missing_lines": 1, "excluded_lines": 0, "num_branches": 0, "num_partial_branches": 0, "covered_branches": 0, "missing_branches": 0}, "missing_lines": [53], "excluded_lines": [], "executed_branches": [], "missing_branches": []}, "enable_file_logging": {"executed_lines": [], "summary": {"covered_lines": 0, "num_statements": 1, "percent_covered": 0.0, "percent_covered_display": "0.00", "missing_lines": 1, "excluded_lines": 0, "num_branches": 0, "num_partial_branches": 0, "covered_branches": 0, "missing_branches": 0}, "missing_lines": [59], "excluded_lines": [], "executed_branches": [], "missing_branches": []}, "is_file_logging_enabled": {"executed_lines": [64], "summary": {"covered_lines": 1, "num_statements": 1, "percent_covered": 100.0, "percent_covered_display": "100.00", "missing_lines": 0, "excluded_lines": 0, "num_branches": 0, "num_partial_branches": 0, "covered_branches": 0, "missing_branches": 0}, "missing_lines": [], "excluded_lines": [], "executed_branches": [], "missing_branches": []}, "configure": {"executed_lines": [88, 91, 101, 105, 108, 109, 110, 112, 115, 116, 117, 120, 121, 122, 124, 127, 130, 135], "summary": {"covered_lines": 18, "num_statements": 21, "percent_covered": 75.75757575757575, "percent_covered_display": "75.76", "missing_lines": 3, "excluded_lines": 0, "num_branches": 12, "num_partial_branches": 5, "covered_branches": 7, "missing_branches": 5}, "missing_lines": [102, 136, 138], "excluded_lines": [], "executed_branches": [[101, 105], [109, 110], [109, 112], [115, 116], [120, 121], [121, 122], [135, -67]], "missing_branches": [[101, 102], [115, 120], [120, 130], [121, 124], [135, 136]]}, "get_log_path": {"executed_lines": [], "summary": {"covered_lines": 0, "num_statements": 4, "percent_covered": 0.0, "percent_covered_display": "0.00", "missing_lines": 4, "excluded_lines": 0, "num_branches": 4, "num_partial_branches": 0, "covered_branches": 0, "missing_branches": 4}, "missing_lines": [143, 144, 145, 146], "excluded_lines": [], "executed_branches": [], "missing_branches": [[143, 144], [143, 146], [144, 143], [144, 145]]}, "": {"executed_lines": [6, 7, 8, 9, 12, 14, 15, 17, 18, 19, 22, 23, 26, 51, 56, 62, 67, 141, 149], "summary": {"covered_lines": 19, "num_statements": 19, "percent_covered": 100.0, "percent_covered_display": "100.00", "missing_lines": 0, "excluded_lines": 0, "num_branches": 0, "num_partial_branches": 0, "covered_branches": 0, "missing_branches": 0}, "missing_lines": [], "excluded_lines": [], "executed_branches": [], "missing_branches": []}}, "classes": {"": {"executed_lines": [6, 7, 8, 9, 12, 14, 15, 17, 18, 19, 22, 23, 26, 30, 40, 43, 44, 47, 48, 51, 56, 62, 64, 67, 88, 91, 101, 105, 108, 109, 110, 112, 115, 116, 117, 120, 121, 122, 124, 127, 130, 135, 141, 149], "summary": {"covered_lines": 44, "num_statements": 54, "percent_covered": 72.97297297297297, "percent_covered_display": "72.97", "missing_lines": 10, "excluded_lines": 0, "num_branches": 20, "num_partial_branches": 6, "covered_branches": 10, "missing_branches": 10}, "missing_lines": [41, 53, 59, 102, 136, 138, 143, 144, 145, 146], "excluded_lines": [], "executed_branches": [[40, 43], [47, -26], [47, 48], [101, 105], [109, 110], [109, 112], [115, 116], [120, 121], [121, 122], [135, -67]], "missing_branches": [[40, 41], [101, 102], [115, 120], [120, 130], [121, 124], [135, 136], [143, 144], [143, 146], [144, 143], [144, 145]]}}}, "src/scitex/logging/_context.py": {"executed_lines": [6, 7, 8, 11, 14, 20, 21, 22, 23, 25, 28, 29, 55, 56, 59, 60, 63, 64, 65, 68, 69, 72, 73, 74, 75, 76, 80, 82, 83, 86, 87, 90, 91, 92, 93, 94, 98, 101], "summary": {"covered_lines": 36, "num_statements": 38, "percent_covered": 92.5, "percent_covered_display": "92.50", "missing_lines": 2, "excluded_lines": 5, "num_branches": 2, "num_partial_branches": 1, "covered_branches": 1, "missing_branches": 1}, "missing_lines": [77, 95], "excluded_lines": [35, 76, 78, 94, 96], "executed_branches": [[63, 64]], "missing_branches": [[63, 65]], "functions": {"log_to_file": {"executed_lines": [55, 56, 59, 60, 63, 64, 65, 68, 69, 72, 80, 82, 83, 86, 87, 90, 91, 92, 93, 94, 98], "summary": {"covered_lines": 20, "num_statements": 21, "percent_covered": 91.30434782608695, "percent_covered_display": "91.30", "missing_lines": 1, "excluded_lines": 3, "num_branches": 2, "num_partial_branches": 1, "covered_branches": 1, "missing_branches": 1}, "missing_lines": [95], "excluded_lines": [35, 94, 96], "executed_branches": [[63, 64]], "missing_branches": [[63, 65]]}, "log_to_file._log_info": {"executed_lines": [73, 74, 75, 76], "summary": {"covered_lines": 3, "num_statements": 4, "percent_covered": 75.0, "percent_covered_display": "75.00", "missing_lines": 1, "excluded_lines": 2, "num_branches": 0, "num_partial_branches": 0, "covered_branches": 0, "missing_branches": 0}, "missing_lines": [77], "excluded_lines": [76, 78], "executed_branches": [], "missing_branches": []}, "": {"executed_lines": [6, 7, 8, 11, 14, 20, 21, 22, 23, 25, 28, 29, 101], "summary": {"covered_lines": 13, "num_statements": 13, "percent_covered": 100.0, "percent_covered_display": "100.00", "missing_lines": 0, "excluded_lines": 0, "num_branches": 0, "num_partial_branches": 0, "covered_branches": 0, "missing_branches": 0}, "missing_lines": [], "excluded_lines": [], "executed_branches": [], "missing_branches": []}}, "classes": {"": {"executed_lines": [6, 7, 8, 11, 14, 20, 21, 22, 23, 25, 28, 29, 55, 56, 59, 60, 63, 64, 65, 68, 69, 72, 73, 74, 75, 76, 80, 82, 83, 86, 87, 90, 91, 92, 93, 94, 98, 101], "summary": {"covered_lines": 36, "num_statements": 38, "percent_covered": 92.5, "percent_covered_display": "92.50", "missing_lines": 2, "excluded_lines": 5, "num_branches": 2, "num_partial_branches": 1, "covered_branches": 1, "missing_branches": 1}, "missing_lines": [77, 95], "excluded_lines": [35, 76, 78, 94, 96], "executed_branches": [[63, 64]], "missing_branches": [[63, 65]]}}}, "src/scitex/logging/_formatters.py": {"executed_lines": [6, 7, 8, 11, 14, 15, 17, 18, 23, 26, 35, 36, 39, 50, 68, 70, 78, 79, 80, 81, 83, 85, 86, 87, 88, 91, 94, 95, 100, 115, 118, 119, 121, 122, 128], "summary": {"covered_lines": 33, "num_statements": 43, "percent_covered": 69.81132075471699, "percent_covered_display": "69.81", "missing_lines": 10, "excluded_lines": 0, "num_branches": 10, "num_partial_branches": 2, "covered_branches": 4, "missing_branches": 6}, "missing_lines": [96, 98, 102, 104, 106, 107, 110, 111, 112, 113], "excluded_lines": [], "executed_branches": [[78, 79], [86, 87], [86, 91], [100, 115]], "missing_branches": [[78, 80], [100, 102], [104, 106], [104, 110], [111, 112], [111, 115]], "functions": {"SciTeXConsoleFormatter.__init__": {"executed_lines": [78, 79, 80, 81], "summary": {"covered_lines": 4, "num_statements": 4, "percent_covered": 83.33333333333333, "percent_covered_display": "83.33", "missing_lines": 0, "excluded_lines": 0, "num_branches": 2, "num_partial_branches": 1, "covered_branches": 1, "missing_branches": 1}, "missing_lines": [], "excluded_lines": [], "executed_branches": [[78, 79]], "missing_branches": [[78, 80]]}, "SciTeXConsoleFormatter.format": {"executed_lines": [85, 86, 87, 88, 91, 94, 95, 100, 115], "summary": {"covered_lines": 9, "num_statements": 19, "percent_covered": 44.44444444444444, "percent_covered_display": "44.44", "missing_lines": 10, "excluded_lines": 0, "num_branches": 8, "num_partial_branches": 1, "covered_branches": 3, "missing_branches": 5}, "missing_lines": [96, 98, 102, 104, 106, 107, 110, 111, 112, 113], "excluded_lines": [], "executed_branches": [[86, 87], [86, 91], [100, 115]], "missing_branches": [[100, 102], [104, 106], [104, 110], [111, 112], [111, 115]]}, "SciTeXFileFormatter.__init__": {"executed_lines": [122], "summary": {"covered_lines": 1, "num_statements": 1, "percent_covered": 100.0, "percent_covered_display": "100.00", "missing_lines": 0, "excluded_lines": 0, "num_branches": 0, "num_partial_branches": 0, "covered_branches": 0, "missing_branches": 0}, "missing_lines": [], "excluded_lines": [], "executed_branches": [], "missing_branches": []}, "": {"executed_lines": [6, 7, 8, 11, 14, 15, 17, 18, 23, 26, 35, 36, 39, 50, 68, 70, 83, 118, 119, 121, 128], "summary": {"covered_lines": 19, "num_statements": 19, "percent_covered": 100.0, "percent_covered_display": "100.00", "missing_lines": 0, "excluded_lines": 0, "num_branches": 0, "num_partial_branches": 0, "covered_branches": 0, "missing_branches": 0}, "missing_lines": [], "excluded_lines": [], "executed_branches": [], "missing_branches": []}}, "classes": {"SciTeXConsoleFormatter": {"executed_lines": [78, 79, 80, 81, 85, 86, 87, 88, 91, 94, 95, 100, 115], "summary": {"covered_lines": 13, "num_statements": 23, "percent_covered": 51.515151515151516, "percent_covered_display": "51.52", "missing_lines": 10, "excluded_lines": 0, "num_branches": 10, "num_partial_branches": 2, "covered_branches": 4, "missing_branches": 6}, "missing_lines": [96, 98, 102, 104, 106, 107, 110, 111, 112, 113], "excluded_lines": [], "executed_branches": [[78, 79], [86, 87], [86, 91], [100, 115]], "missing_branches": [[78, 80], [100, 102], [104, 106], [104, 110], [111, 112], [111, 115]]}, "SciTeXFileFormatter": {"executed_lines": [122], "summary": {"covered_lines": 1, "num_statements": 1, "percent_covered": 100.0, "percent_covered_display": "100.00", "missing_lines": 0, "excluded_lines": 0, "num_branches": 0, "num_partial_branches": 0, "covered_branches": 0, "missing_branches": 0}, "missing_lines": [], "excluded_lines": [], "executed_branches": [], "missing_branches": []}, "": {"executed_lines": [6, 7, 8, 11, 14, 15, 17, 18, 23, 26, 35, 36, 39, 50, 68, 70, 83, 118, 119, 121, 128], "summary": {"covered_lines": 19, "num_statements": 19, "percent_covered": 100.0, "percent_covered_display": "100.00", "missing_lines": 0, "excluded_lines": 0, "num_branches": 0, "num_partial_branches": 0, "covered_branches": 0, "missing_branches": 0}, "missing_lines": [], "excluded_lines": [], "executed_branches": [], "missing_branches": []}}}, "src/scitex/logging/_handlers.py": {"executed_lines": [3, 5, 6, 7, 8, 9, 11, 14, 16, 17, 18, 19, 22, 32, 33, 36, 42, 43, 44, 47, 50, 51, 54, 55, 57, 60], "summary": {"covered_lines": 25, "num_statements": 25, "percent_covered": 100.0, "percent_covered_display": "100.00", "missing_lines": 0, "excluded_lines": 0, "num_branches": 0, "num_partial_branches": 0, "covered_branches": 0, "missing_branches": 0}, "missing_lines": [], "excluded_lines": [], "executed_branches": [], "missing_branches": [], "functions": {"create_console_handler": {"executed_lines": [16, 17, 18, 19], "summary": {"covered_lines": 4, "num_statements": 4, "percent_covered": 100.0, "percent_covered_display": "100.00", "missing_lines": 0, "excluded_lines": 0, "num_branches": 0, "num_partial_branches": 0, "covered_branches": 0, "missing_branches": 0}, "missing_lines": [], "excluded_lines": [], "executed_branches": [], "missing_branches": []}, "create_file_handler": {"executed_lines": [32, 33, 36, 42, 43, 44], "summary": {"covered_lines": 6, "num_statements": 6, "percent_covered": 100.0, "percent_covered_display": "100.00", "missing_lines": 0, "excluded_lines": 0, "num_branches": 0, "num_partial_branches": 0, "covered_branches": 0, "missing_branches": 0}, "missing_lines": [], "excluded_lines": [], "executed_branches": [], "missing_branches": []}, "get_default_log_path": {"executed_lines": [50, 51, 54, 55, 57], "summary": {"covered_lines": 5, "num_statements": 5, "percent_covered": 100.0, "percent_covered_display": "100.00", "missing_lines": 0, "excluded_lines": 0, "num_branches": 0, "num_partial_branches": 0, "covered_branches": 0, "missing_branches": 0}, "missing_lines": [], "excluded_lines": [], "executed_branches": [], "missing_branches": []}, "": {"executed_lines": [3, 5, 6, 7, 8, 9, 11, 14, 22, 47, 60], "summary": {"covered_lines": 10, "num_statements": 10, "percent_covered": 100.0, "percent_covered_display": "100.00", "missing_lines": 0, "excluded_lines": 0, "num_branches": 0, "num_partial_branches": 0, "covered_branches": 0, "missing_branches": 0}, "missing_lines": [], "excluded_lines": [], "executed_branches": [], "missing_branches": []}}, "classes": {"": {"executed_lines": [3, 5, 6, 7, 8, 9, 11, 14, 16, 17, 18, 19, 22, 32, 33, 36, 42, 43, 44, 47, 50, 51, 54, 55, 57, 60], "summary": {"covered_lines": 25, "num_statements": 25, "percent_covered": 100.0, "percent_covered_display": "100.00", "missing_lines": 0, "excluded_lines": 0, "num_branches": 0, "num_partial_branches": 0, "covered_branches": 0, "missing_branches": 0}, "missing_lines": [], "excluded_lines": [], "executed_branches": [], "missing_branches": []}}}, "src/scitex/logging/_levels.py": {"executed_lines": [3, 5, 8, 9, 12, 13, 14, 15, 16, 17, 18, 21, 22, 23, 24, 25, 27], "summary": {"covered_lines": 16, "num_statements": 16, "percent_covered": 100.0, "percent_covered_display": "100.00", "missing_lines": 0, "excluded_lines": 0, "num_branches": 0, "num_partial_branches": 0, "covered_branches": 0, "missing_branches": 0}, "missing_lines": [], "excluded_lines": [], "executed_branches": [], "missing_branches": [], "functions": {"": {"executed_lines": [3, 5, 8, 9, 12, 13, 14, 15, 16, 17, 18, 21, 22, 23, 24, 25, 27], "summary": {"covered_lines": 16, "num_statements": 16, "percent_covered": 100.0, "percent_covered_display": "100.00", "missing_lines": 0, "excluded_lines": 0, "num_branches": 0, "num_partial_branches": 0, "covered_branches": 0, "missing_branches": 0}, "missing_lines": [], "excluded_lines": [], "executed_branches": [], "missing_branches": []}}, "classes": {"": {"executed_lines": [3, 5, 8, 9, 12, 13, 14, 15, 16, 17, 18, 21, 22, 23, 24, 25, 27], "summary": {"covered_lines": 16, "num_statements": 16, "percent_covered": 100.0, "percent_covered_display": "100.00", "missing_lines": 0, "excluded_lines": 0, "num_branches": 0, "num_partial_branches": 0, "covered_branches": 0, "missing_branches": 0}, "missing_lines": [], "excluded_lines": [], "executed_branches": [], "missing_branches": []}}}, "src/scitex/logging/_logger.py": {"executed_lines": [6, 7, 8, 11, 14, 16, 18, 20, 23, 24, 26, 39, 40, 41, 44, 45, 46, 47, 48, 49, 51, 53, 57, 58, 62, 66, 67, 71, 75, 76, 87, 91, 92, 96, 100, 101, 112, 116, 117, 121, 125, 126, 130, 146, 148, 151, 154, 157, 158, 161], "summary": {"covered_lines": 49, "num_statements": 49, "percent_covered": 89.85507246376811, "percent_covered_display": "89.86", "missing_lines": 0, "excluded_lines": 1, "num_branches": 20, "num_partial_branches": 7, "covered_branches": 13, "missing_branches": 7}, "missing_lines": [], "excluded_lines": [131], "executed_branches": [[39, 40], [39, 44], [44, 45], [44, 51], [47, 48], [47, 49], [57, 58], [66, 67], [75, 76], [91, 92], [100, 101], [116, 117], [125, 126]], "missing_branches": [[57, -53], [66, -62], [75, -71], [91, -87], [100, -96], [116, -112], [125, -121]], "functions": {"SciTeXLogger._log_with_indent": {"executed_lines": [39, 40, 41, 44, 45, 46, 47, 48, 49, 51], "summary": {"covered_lines": 10, "num_statements": 10, "percent_covered": 100.0, "percent_covered_display": "100.00", "missing_lines": 0, "excluded_lines": 0, "num_branches": 6, "num_partial_branches": 0, "covered_branches": 6, "missing_branches": 0}, "missing_lines": [], "excluded_lines": [], "executed_branches": [[39, 40], [39, 44], [44, 45], [44, 51], [47, 48], [47, 49]], "missing_branches": []}, "SciTeXLogger.debug": {"executed_lines": [57, 58], "summary": {"covered_lines": 2, "num_statements": 2, "percent_covered": 75.0, "percent_covered_display": "75.00", "missing_lines": 0, "excluded_lines": 0, "num_branches": 2, "num_partial_branches": 1, "covered_branches": 1, "missing_branches": 1}, "missing_lines": [], "excluded_lines": [], "executed_branches": [[57, 58]], "missing_branches": [[57, -53]]}, "SciTeXLogger.info": {"executed_lines": [66, 67], "summary": {"covered_lines": 2, "num_statements": 2, "percent_covered": 75.0, "percent_covered_display": "75.00", "missing_lines": 0, "excluded_lines": 0, "num_branches": 2, "num_partial_branches": 1, "covered_branches": 1, "missing_branches": 1}, "missing_lines": [], "excluded_lines": [], "executed_branches": [[66, 67]], "missing_branches": [[66, -62]]}, "SciTeXLogger.warning": {"executed_lines": [75, 76], "summary": {"covered_lines": 2, "num_statements": 2, "percent_covered": 75.0, "percent_covered_display": "75.00", "missing_lines": 0, "excluded_lines": 0, "num_branches": 2, "num_partial_branches": 1, "covered_branches": 1, "missing_branches": 1}, "missing_lines": [], "excluded_lines": [], "executed_branches": [[75, 76]], "missing_branches": [[75, -71]]}, "SciTeXLogger.error": {"executed_lines": [91, 92], "summary": {"covered_lines": 2, "num_statements": 2, "percent_covered": 75.0, "percent_covered_display": "75.00", "missing_lines": 0, "excluded_lines": 0, "num_branches": 2, "num_partial_branches": 1, "covered_branches": 1, "missing_branches": 1}, "missing_lines": [], "excluded_lines": [], "executed_branches": [[91, 92]], "missing_branches": [[91, -87]]}, "SciTeXLogger.critical": {"executed_lines": [100, 101], "summary": {"covered_lines": 2, "num_statements": 2, "percent_covered": 75.0, "percent_covered_display": "75.00", "missing_lines": 0, "excluded_lines": 0, "num_branches": 2, "num_partial_branches": 1, "covered_branches": 1, "missing_branches": 1}, "missing_lines": [], "excluded_lines": [], "executed_branches": [[100, 101]], "missing_branches": [[100, -96]]}, "SciTeXLogger.success": {"executed_lines": [116, 117], "summary": {"covered_lines": 2, "num_statements": 2, "percent_covered": 75.0, "percent_covered_display": "75.00", "missing_lines": 0, "excluded_lines": 0, "num_branches": 2, "num_partial_branches": 1, "covered_branches": 1, "missing_branches": 1}, "missing_lines": [], "excluded_lines": [], "executed_branches": [[116, 117]], "missing_branches": [[116, -112]]}, "SciTeXLogger.fail": {"executed_lines": [125, 126], "summary": {"covered_lines": 2, "num_statements": 2, "percent_covered": 75.0, "percent_covered_display": "75.00", "missing_lines": 0, "excluded_lines": 0, "num_branches": 2, "num_partial_branches": 1, "covered_branches": 1, "missing_branches": 1}, "missing_lines": [], "excluded_lines": [], "executed_branches": [[125, 126]], "missing_branches": [[125, -121]]}, "SciTeXLogger.to": {"executed_lines": [146, 148], "summary": {"covered_lines": 2, "num_statements": 2, "percent_covered": 100.0, "percent_covered_display": "100.00", "missing_lines": 0, "excluded_lines": 1, "num_branches": 0, "num_partial_branches": 0, "covered_branches": 0, "missing_branches": 0}, "missing_lines": [], "excluded_lines": [131], "executed_branches": [], "missing_branches": []}, "setup_logger_class": {"executed_lines": [154, 157, 158], "summary": {"covered_lines": 3, "num_statements": 3, "percent_covered": 100.0, "percent_covered_display": "100.00", "missing_lines": 0, "excluded_lines": 0, "num_branches": 0, "num_partial_branches": 0, "covered_branches": 0, "missing_branches": 0}, "missing_lines": [], "excluded_lines": [], "executed_branches": [], "missing_branches": []}, "": {"executed_lines": [6, 7, 8, 11, 14, 16, 18, 20, 23, 24, 26, 53, 62, 71, 87, 96, 112, 121, 130, 151, 161], "summary": {"covered_lines": 20, "num_statements": 20, "percent_covered": 100.0, "percent_covered_display": "100.00", "missing_lines": 0, "excluded_lines": 0, "num_branches": 0, "num_partial_branches": 0, "covered_branches": 0, "missing_branches": 0}, "missing_lines": [], "excluded_lines": [], "executed_branches": [], "missing_branches": []}}, "classes": {"SciTeXLogger": {"executed_lines": [39, 40, 41, 44, 45, 46, 47, 48, 49, 51, 57, 58, 66, 67, 75, 76, 91, 92, 100, 101, 116, 117, 125, 126, 146, 148], "summary": {"covered_lines": 26, "num_statements": 26, "percent_covered": 84.78260869565217, "percent_covered_display": "84.78", "missing_lines": 0, "excluded_lines": 1, "num_branches": 20, "num_partial_branches": 7, "covered_branches": 13, "missing_branches": 7}, "missing_lines": [], "excluded_lines": [131], "executed_branches": [[39, 40], [39, 44], [44, 45], [44, 51], [47, 48], [47, 49], [57, 58], [66, 67], [75, 76], [91, 92], [100, 101], [116, 117], [125, 126]], "missing_branches": [[57, -53], [66, -62], [75, -71], [91, -87], [100, -96], [116, -112], [125, -121]]}, "": {"executed_lines": [6, 7, 8, 11, 14, 16, 18, 20, 23, 24, 26, 53, 62, 71, 87, 96, 112, 121, 130, 151, 154, 157, 158, 161], "summary": {"covered_lines": 23, "num_statements": 23, "percent_covered": 100.0, "percent_covered_display": "100.00", "missing_lines": 0, "excluded_lines": 0, "num_branches": 0, "num_partial_branches": 0, "covered_branches": 0, "missing_branches": 0}, "missing_lines": [], "excluded_lines": [], "executed_branches": [], "missing_branches": []}}}, "src/scitex/logging/_print_capture.py": {"executed_lines": [3, 5, 6, 7, 8, 11, 12, 14, 20, 28, 36, 47, 51, 55, 60, 66, 69, 77, 84, 90], "summary": {"covered_lines": 18, "num_statements": 45, "percent_covered": 33.9622641509434, "percent_covered_display": "33.96", "missing_lines": 27, "excluded_lines": 1, "num_branches": 8, "num_partial_branches": 0, "covered_branches": 0, "missing_branches": 8}, "missing_lines": [15, 16, 17, 18, 22, 23, 25, 26, 30, 31, 33, 34, 39, 40, 43, 44, 49, 53, 57, 58, 62, 72, 73, 74, 80, 81, 87], "excluded_lines": [45], "executed_branches": [], "missing_branches": [[22, 23], [22, 25], [30, 31], [30, 33], [72, 73], [72, 74], [80, -77], [80, 81]], "functions": {"PrintCapture.__init__": {"executed_lines": [], "summary": {"covered_lines": 0, "num_statements": 4, "percent_covered": 0.0, "percent_covered_display": "0.00", "missing_lines": 4, "excluded_lines": 0, "num_branches": 0, "num_partial_branches": 0, "covered_branches": 0, "missing_branches": 0}, "missing_lines": [15, 16, 17, 18], "excluded_lines": [], "executed_branches": [], "missing_branches": []}, "PrintCapture.start_capture": {"executed_lines": [], "summary": {"covered_lines": 0, "num_statements": 4, "percent_covered": 0.0, "percent_covered_display": "0.00", "missing_lines": 4, "excluded_lines": 0, "num_branches": 2, "num_partial_branches": 0, "covered_branches": 0, "missing_branches": 2}, "missing_lines": [22, 23, 25, 26], "excluded_lines": [], "executed_branches": [], "missing_branches": [[22, 23], [22, 25]]}, "PrintCapture.stop_capture": {"executed_lines": [], "summary": {"covered_lines": 0, "num_statements": 4, "percent_covered": 0.0, "percent_covered_display": "0.00", "missing_lines": 4, "excluded_lines": 0, "num_branches": 2, "num_partial_branches": 0, "covered_branches": 0, "missing_branches": 2}, "missing_lines": [30, 31, 33, 34], "excluded_lines": [], "executed_branches": [], "missing_branches": [[30, 31], [30, 33]]}, "PrintCapture.write": {"executed_lines": [], "summary": {"covered_lines": 0, "num_statements": 4, "percent_covered": 0.0, "percent_covered_display": "0.00", "missing_lines": 4, "excluded_lines": 1, "num_branches": 0, "num_partial_branches": 0, "covered_branches": 0, "missing_branches": 0}, "missing_lines": [39, 40, 43, 44], "excluded_lines": [45], "executed_branches": [], "missing_branches": []}, "PrintCapture.flush": {"executed_lines": [], "summary": {"covered_lines": 0, "num_statements": 1, "percent_covered": 0.0, "percent_covered_display": "0.00", "missing_lines": 1, "excluded_lines": 0, "num_branches": 0, "num_partial_branches": 0, "covered_branches": 0, "missing_branches": 0}, "missing_lines": [49], "excluded_lines": [], "executed_branches": [], "missing_branches": []}, "PrintCapture.isatty": {"executed_lines": [], "summary": {"covered_lines": 0, "num_statements": 1, "percent_covered": 0.0, "percent_covered_display": "0.00", "missing_lines": 1, "excluded_lines": 0, "num_branches": 0, "num_partial_branches": 0, "covered_branches": 0, "missing_branches": 0}, "missing_lines": [53], "excluded_lines": [], "executed_branches": [], "missing_branches": []}, "PrintCapture.__enter__": {"executed_lines": [], "summary": {"covered_lines": 0, "num_statements": 2, "percent_covered": 0.0, "percent_covered_display": "0.00", "missing_lines": 2, "excluded_lines": 0, "num_branches": 0, "num_partial_branches": 0, "covered_branches": 0, "missing_branches": 0}, "missing_lines": [57, 58], "excluded_lines": [], "executed_branches": [], "missing_branches": []}, "PrintCapture.__exit__": {"executed_lines": [], "summary": {"covered_lines": 0, "num_statements": 1, "percent_covered": 0.0, "percent_covered_display": "0.00", "missing_lines": 1, "excluded_lines": 0, "num_branches": 0, "num_partial_branches": 0, "covered_branches": 0, "missing_branches": 0}, "missing_lines": [62], "excluded_lines": [], "executed_branches": [], "missing_branches": []}, "enable_print_capture": {"executed_lines": [], "summary": {"covered_lines": 0, "num_statements": 3, "percent_covered": 0.0, "percent_covered_display": "0.00", "missing_lines": 3, "excluded_lines": 0, "num_branches": 2, "num_partial_branches": 0, "covered_branches": 0, "missing_branches": 2}, "missing_lines": [72, 73, 74], "excluded_lines": [], "executed_branches": [], "missing_branches": [[72, 73], [72, 74]]}, "disable_print_capture": {"executed_lines": [], "summary": {"covered_lines": 0, "num_statements": 2, "percent_covered": 0.0, "percent_covered_display": "0.00", "missing_lines": 2, "excluded_lines": 0, "num_branches": 2, "num_partial_branches": 0, "covered_branches": 0, "missing_branches": 2}, "missing_lines": [80, 81], "excluded_lines": [], "executed_branches": [], "missing_branches": [[80, -77], [80, 81]]}, "is_print_capture_enabled": {"executed_lines": [], "summary": {"covered_lines": 0, "num_statements": 1, "percent_covered": 0.0, "percent_covered_display": "0.00", "missing_lines": 1, "excluded_lines": 0, "num_branches": 0, "num_partial_branches": 0, "covered_branches": 0, "missing_branches": 0}, "missing_lines": [87], "excluded_lines": [], "executed_branches": [], "missing_branches": []}, "": {"executed_lines": [3, 5, 6, 7, 8, 11, 12, 14, 20, 28, 36, 47, 51, 55, 60, 66, 69, 77, 84, 90], "summary": {"covered_lines": 18, "num_statements": 18, "percent_covered": 100.0, "percent_covered_display": "100.00", "missing_lines": 0, "excluded_lines": 0, "num_branches": 0, "num_partial_branches": 0, "covered_branches": 0, "missing_branches": 0}, "missing_lines": [], "excluded_lines": [], "executed_branches": [], "missing_branches": []}}, "classes": {"PrintCapture": {"executed_lines": [], "summary": {"covered_lines": 0, "num_statements": 21, "percent_covered": 0.0, "percent_covered_display": "0.00", "missing_lines": 21, "excluded_lines": 1, "num_branches": 4, "num_partial_branches": 0, "covered_branches": 0, "missing_branches": 4}, "missing_lines": [15, 16, 17, 18, 22, 23, 25, 26, 30, 31, 33, 34, 39, 40, 43, 44, 49, 53, 57, 58, 62], "excluded_lines": [45], "executed_branches": [], "missing_branches": [[22, 23], [22, 25], [30, 31], [30, 33]]}, "": {"executed_lines": [3, 5, 6, 7, 8, 11, 12, 14, 20, 28, 36, 47, 51, 55, 60, 66, 69, 77, 84, 90], "summary": {"covered_lines": 18, "num_statements": 24, "percent_covered": 64.28571428571429, "percent_covered_display": "64.29", "missing_lines": 6, "excluded_lines": 0, "num_branches": 4, "num_partial_branches": 0, "covered_branches": 0, "missing_branches": 4}, "missing_lines": [72, 73, 74, 80, 81, 87], "excluded_lines": [], "executed_branches": [], "missing_branches": [[72, 73], [72, 74], [80, -77], [80, 81]]}}}}, "totals": {"covered_lines": 270, "num_statements": 376, "percent_covered": 64.78260869565217, "percent_covered_display": "64.78", "missing_lines": 106, "excluded_lines": 20, "num_branches": 84, "num_partial_branches": 16, "covered_branches": 28, "missing_branches": 56}}